Performance version: 1.10.0
Report on Linux-5.15.0-88-generic-x86_64-with-glibc2.36
Number of logical CPUs: 2
Start date: 2023-12-27 03:58:02.679305
End date: 2023-12-27 05:05:13.193348

### 2to3 ###
Mean +- std dev: 464 ms +- 2 ms

### async_generators ###
Mean +- std dev: 528 ms +- 5 ms

### async_tree_none ###
Mean +- std dev: 987 ms +- 43 ms

### async_tree_cpu_io_mixed ###
Mean +- std dev: 1.37 sec +- 0.05 sec

### async_tree_io ###
Mean +- std dev: 2.40 sec +- 0.02 sec

### async_tree_memoization ###
Mean +- std dev: 1.18 sec +- 0.03 sec

### asyncio_tcp ###
Mean +- std dev: 1.21 sec +- 0.01 sec

### asyncio_tcp_ssl ###
Mean +- std dev: 4.01 sec +- 0.62 sec

### asyncio_websockets ###
Mean +- std dev: 632 ms +- 2 ms

### chameleon ###
Mean +- std dev: 13.6 ms +- 0.2 ms

### chaos ###
Mean +- std dev: 164 ms +- 1 ms

### comprehensions ###
Mean +- std dev: 38.0 us +- 0.2 us

### bench_mp_pool ###
Mean +- std dev: 18.7 ms +- 1.3 ms

### bench_thread_pool ###
Mean +- std dev: 1.57 ms +- 0.01 ms

### coroutines ###
Mean +- std dev: 57.3 ms +- 0.5 ms

### coverage ###
Mean +- std dev: 50.2 ms +- 0.6 ms

### crypto_pyaes ###
Mean +- std dev: 156 ms +- 1 ms

### dask ###
Mean +- std dev: 878 ms +- 11 ms

### deepcopy ###
Mean +- std dev: 632 us +- 3 us

### deepcopy_reduce ###
Mean +- std dev: 5.57 us +- 0.06 us

### deepcopy_memo ###
Mean +- std dev: 70.5 us +- 0.5 us

### deltablue ###
Mean +- std dev: 11.2 ms +- 0.3 ms

### django_template ###
Mean +- std dev: 75.4 ms +- 0.8 ms

### docutils ###
Mean +- std dev: 4.02 sec +- 0.02 sec

### dulwich_log ###
Mean +- std dev: 113 ms +- 1 ms

### fannkuch ###
Mean +- std dev: 635 ms +- 3 ms

### float ###
Mean +- std dev: 167 ms +- 1 ms

### create_gc_cycles ###
Mean +- std dev: 1.81 ms +- 0.01 ms

### gc_traversal ###
Mean +- std dev: 4.27 ms +- 0.01 ms

### generators ###
Mean +- std dev: 84.8 ms +- 0.6 ms

### genshi_text ###
Mean +- std dev: 43.1 ms +- 0.3 ms

### genshi_xml ###
Mean +- std dev: 89.3 ms +- 1.4 ms

### go ###
Mean +- std dev: 369 ms +- 3 ms

### hexiom ###
Mean +- std dev: 14.1 ms +- 0.1 ms

### html5lib ###
Mean +- std dev: 122 ms +- 7 ms

### json_dumps ###
Mean +- std dev: 17.9 ms +- 0.2 ms

### json_loads ###
Mean +- std dev: 33.1 us +- 1.0 us

### logging_format ###
Mean +- std dev: 14.2 us +- 0.2 us

### logging_silent ###
Mean +- std dev: 280 ns +- 3 ns

### logging_simple ###
Mean +- std dev: 13.0 us +- 0.2 us

### mako ###
Mean +- std dev: 23.0 ms +- 0.2 ms

### mdp ###
Mean +- std dev: 4.13 sec +- 0.02 sec

### meteor_contest ###
Mean +- std dev: 138 ms +- 1 ms

### nbody ###
Mean +- std dev: 189 ms +- 1 ms

### nqueens ###
Mean +- std dev: 134 ms +- 2 ms

### pathlib ###
Mean +- std dev: 32.3 ms +- 0.5 ms

### pickle ###
Mean +- std dev: 14.1 us +- 0.1 us

### pickle_dict ###
Mean +- std dev: 32.6 us +- 0.2 us

### pickle_list ###
Mean +- std dev: 5.28 us +- 0.06 us

### pickle_pure_python ###
Mean +- std dev: 681 us +- 6 us

### pidigits ###
Mean +- std dev: 235 ms +- 2 ms

### pprint_pformat ###
Mean +- std dev: 2.14 sec +- 0.02 sec

### pyflate ###
Mean +- std dev: 956 ms +- 8 ms

### python_startup ###
Mean +- std dev: 12.5 ms +- 0.1 ms

### python_startup_no_site ###
Mean +- std dev: 8.07 ms +- 0.12 ms

### raytrace ###
Mean +- std dev: 773 ms +- 5 ms

### regex_compile ###
Mean +- std dev: 241 ms +- 1 ms

### regex_dna ###
Mean +- std dev: 221 ms +- 1 ms

### regex_effbot ###
Mean +- std dev: 3.41 ms +- 0.07 ms

### regex_v8 ###
Mean +- std dev: 29.0 ms +- 0.3 ms

### richards ###
Mean +- std dev: 109 ms +- 2 ms

### richards_super ###
Mean +- std dev: 131 ms +- 2 ms

### scimark_fft ###
Mean +- std dev: 510 ms +- 4 ms

### scimark_lu ###
Mean +- std dev: 221 ms +- 2 ms

### scimark_monte_carlo ###
Mean +- std dev: 153 ms +- 2 ms

### scimark_sor ###
Mean +- std dev: 284 ms +- 4 ms

### scimark_sparse_mat_mult ###
Mean +- std dev: 6.56 ms +- 0.08 ms

### spectral_norm ###
Mean +- std dev: 192 ms +- 1 ms

### sqlalchemy_declarative ###
Mean +- std dev: 222 ms +- 5 ms

### sqlalchemy_imperative ###
Mean +- std dev: 31.5 ms +- 1.3 ms

### sqlglot_parse ###
Mean +- std dev: 3.24 ms +- 0.02 ms

### sqlglot_transpile ###
Mean +- std dev: 3.74 ms +- 0.02 ms

### sqlglot_optimize ###
Mean +- std dev: 92.8 ms +- 0.5 ms

### sqlglot_normalize ###
Mean +- std dev: 197 ms +- 2 ms

### sqlite_synth ###
Mean +- std dev: 4.41 us +- 0.11 us

### sympy_expand ###
Mean +- std dev: 744 ms +- 5 ms

### sympy_integrate ###
Mean +- std dev: 32.1 ms +- 0.2 ms

### sympy_sum ###
Mean +- std dev: 254 ms +- 2 ms

### sympy_str ###
Mean +- std dev: 448 ms +- 4 ms

### telco ###
Mean +- std dev: 9.12 ms +- 0.24 ms

### tomli_loads ###
Mean +- std dev: 3.74 sec +- 0.03 sec

### tornado_http ###
Mean +- std dev: 204 ms +- 6 ms

### typing_runtime_protocols ###
Mean +- std dev: 723 us +- 5 us

### unpack_sequence ###
Mean +- std dev: 66.6 ns +- 0.8 ns

### unpickle ###
Mean +- std dev: 18.8 us +- 0.3 us

### unpickle_list ###
Mean +- std dev: 6.41 us +- 0.09 us

### unpickle_pure_python ###
Mean +- std dev: 461 us +- 4 us

### xml_etree_parse ###
Mean +- std dev: 200 ms +- 2 ms

### xml_etree_iterparse ###
Mean +- std dev: 136 ms +- 2 ms

### xml_etree_generate ###
Mean +- std dev: 128 ms +- 2 ms

### xml_etree_process ###
Mean +- std dev: 102 ms +- 1 ms

CONTAINER ID   IMAGE           COMMAND              CREATED             STATUS                              PORTS     NAMES
2f831ebb668e   python:3.9.13   "sh run.sh 3.9.13"   About an hour ago   Exited (0) Less than a second ago             t3.9.13
t3.9.13
CONTAINER ID   IMAGE     COMMAND   CREATED   STATUS    PORTS     NAMES
Total reclaimed space: 0B

real    74m0.508s
user    0m0.675s
sys     0m0.722s