Performance version: 1.10.0
Report on Linux-5.15.0-88-generic-x86_64-with-glibc2.36
Number of logical CPUs: 2
Start date: 2023-12-29 10:14:53.584826
End date: 2023-12-29 11:25:15.574106

### 2to3 ###
Mean +- std dev: 467 ms +- 3 ms

### async_generators ###
Mean +- std dev: 522 ms +- 5 ms

### async_tree_none ###
Mean +- std dev: 974 ms +- 48 ms

### async_tree_cpu_io_mixed ###
Mean +- std dev: 1.36 sec +- 0.05 sec

### async_tree_io ###
Mean +- std dev: 2.35 sec +- 0.03 sec

### async_tree_memoization ###
Mean +- std dev: 1.14 sec +- 0.02 sec

### asyncio_tcp ###
Mean +- std dev: 1.21 sec +- 0.02 sec

### asyncio_tcp_ssl ###
Mean +- std dev: 4.18 sec +- 0.48 sec

### asyncio_websockets ###
Mean +- std dev: 653 ms +- 8 ms

### chameleon ###
Mean +- std dev: 12.3 ms +- 0.2 ms

### chaos ###
Mean +- std dev: 148 ms +- 1 ms

### comprehensions ###
Mean +- std dev: 38.2 us +- 0.3 us

### bench_mp_pool ###
Mean +- std dev: 19.0 ms +- 1.2 ms

### bench_thread_pool ###
Mean +- std dev: 1.58 ms +- 0.01 ms

### coroutines ###
Mean +- std dev: 43.5 ms +- 0.7 ms

### coverage ###
Mean +- std dev: 69.2 ms +- 0.3 ms

### crypto_pyaes ###
Mean +- std dev: 159 ms +- 2 ms

### dask ###
Mean +- std dev: 833 ms +- 12 ms

### deepcopy ###
Mean +- std dev: 618 us +- 4 us

### deepcopy_reduce ###
Mean +- std dev: 5.53 us +- 0.04 us

### deepcopy_memo ###
Mean +- std dev: 69.4 us +- 0.4 us

### deltablue ###
Mean +- std dev: 12.0 ms +- 0.4 ms

### django_template ###
Mean +- std dev: 71.4 ms +- 0.6 ms

### docutils ###
Mean +- std dev: 4.19 sec +- 0.02 sec

### dulwich_log ###
Mean +- std dev: 109 ms +- 1 ms

### fannkuch ###
Mean +- std dev: 625 ms +- 15 ms

### float ###
Mean +- std dev: 149 ms +- 2 ms

### create_gc_cycles ###
Mean +- std dev: 1.94 ms +- 0.01 ms

### gc_traversal ###
Mean +- std dev: 4.44 ms +- 0.01 ms

### generators ###
Mean +- std dev: 78.9 ms +- 0.8 ms

### genshi_text ###
Mean +- std dev: 42.0 ms +- 0.3 ms

### genshi_xml ###
Mean +- std dev: 86.0 ms +- 1.3 ms

### go ###
Mean +- std dev: 319 ms +- 3 ms

### hexiom ###
Mean +- std dev: 13.4 ms +- 0.1 ms

### html5lib ###
Mean +- std dev: 111 ms +- 6 ms

### json_dumps ###
Mean +- std dev: 17.6 ms +- 0.2 ms

### json_loads ###
Mean +- std dev: 33.3 us +- 0.9 us

### logging_format ###
Mean +- std dev: 14.2 us +- 0.1 us

### logging_silent ###
Mean +- std dev: 258 ns +- 4 ns

### logging_simple ###
Mean +- std dev: 13.3 us +- 0.1 us

### mako ###
Mean +- std dev: 22.0 ms +- 0.2 ms

### mdp ###
Mean +- std dev: 4.20 sec +- 0.02 sec

### meteor_contest ###
Mean +- std dev: 141 ms +- 1 ms

### nbody ###
Mean +- std dev: 185 ms +- 2 ms

### nqueens ###
Mean +- std dev: 140 ms +- 1 ms

### pathlib ###
Mean +- std dev: 34.1 ms +- 0.5 ms

### pickle ###
Mean +- std dev: 13.8 us +- 0.2 us

### pickle_dict ###
Mean +- std dev: 34.2 us +- 0.3 us

### pickle_list ###
Mean +- std dev: 5.58 us +- 0.08 us

### pickle_pure_python ###
Mean +- std dev: 657 us +- 8 us

### pidigits ###
Mean +- std dev: 235 ms +- 1 ms

### pprint_safe_repr ###
Mean +- std dev: 1.37 sec +- 0.01 sec

### pprint_pformat ###
Mean +- std dev: 2.83 sec +- 0.02 sec

### pyflate ###
Mean +- std dev: 936 ms +- 8 ms

### python_startup ###
Mean +- std dev: 12.4 ms +- 0.1 ms

### python_startup_no_site ###
Mean +- std dev: 7.88 ms +- 0.12 ms

### raytrace ###
Mean +- std dev: 734 ms +- 5 ms

### regex_compile ###
Mean +- std dev: 236 ms +- 1 ms

### regex_dna ###
Mean +- std dev: 214 ms +- 2 ms

### regex_effbot ###
Mean +- std dev: 3.46 ms +- 0.09 ms

### regex_v8 ###
Mean +- std dev: 29.4 ms +- 0.4 ms

### richards ###
Mean +- std dev: 120 ms +- 1 ms

### richards_super ###
Mean +- std dev: 143 ms +- 1 ms

### scimark_fft ###
Mean +- std dev: 518 ms +- 3 ms

### scimark_lu ###
Mean +- std dev: 226 ms +- 3 ms

### scimark_monte_carlo ###
Mean +- std dev: 142 ms +- 2 ms

### scimark_sor ###
Mean +- std dev: 275 ms +- 1 ms

### scimark_sparse_mat_mult ###
Mean +- std dev: 6.44 ms +- 0.05 ms

### spectral_norm ###
Mean +- std dev: 198 ms +- 2 ms

### sqlalchemy_declarative ###
Mean +- std dev: 222 ms +- 5 ms

### sqlalchemy_imperative ###
Mean +- std dev: 30.9 ms +- 1.4 ms

### sqlglot_parse ###
Mean +- std dev: 2.98 ms +- 0.05 ms

### sqlglot_transpile ###
Mean +- std dev: 3.49 ms +- 0.03 ms

### sqlglot_optimize ###
Mean +- std dev: 96.5 ms +- 0.5 ms

### sqlglot_normalize ###
Mean +- std dev: 205 ms +- 1 ms

### sqlite_synth ###
Mean +- std dev: 3.82 us +- 0.07 us

### sympy_expand ###
Mean +- std dev: 747 ms +- 4 ms

### sympy_integrate ###
Mean +- std dev: 32.7 ms +- 0.2 ms

### sympy_sum ###
Mean +- std dev: 258 ms +- 2 ms

### sympy_str ###
Mean +- std dev: 452 ms +- 3 ms

### telco ###
Mean +- std dev: 9.02 ms +- 0.27 ms

### tomli_loads ###
Mean +- std dev: 3.84 sec +- 0.03 sec

### tornado_http ###
Mean +- std dev: 205 ms +- 5 ms

### typing_runtime_protocols ###
Mean +- std dev: 732 us +- 5 us

### unpack_sequence ###
Mean +- std dev: 70.9 ns +- 0.8 ns

### unpickle ###
Mean +- std dev: 18.5 us +- 0.2 us

### unpickle_list ###
Mean +- std dev: 6.72 us +- 0.06 us

### unpickle_pure_python ###
Mean +- std dev: 438 us +- 3 us

### xml_etree_parse ###
Mean +- std dev: 201 ms +- 2 ms

### xml_etree_iterparse ###
Mean +- std dev: 143 ms +- 2 ms

### xml_etree_generate ###
Mean +- std dev: 131 ms +- 2 ms

### xml_etree_process ###
Mean +- std dev: 107 ms +- 2 ms

CONTAINER ID   IMAGE            COMMAND               CREATED             STATUS                              PORTS     NAMES
ad03eeef4989   python:3.10.10   "sh run.sh 3.10.10"   About an hour ago   Exited (0) Less than a second ago             t3.10.10
t3.10.10
CONTAINER ID   IMAGE     COMMAND   CREATED   STATUS    PORTS     NAMES
Total reclaimed space: 0B

real    77m7.561s
user    0m0.682s
sys     0m0.725s