Performance version: 1.10.0
Report on Linux-5.15.0-88-generic-x86_64-with-glibc2.36
Number of logical CPUs: 2
Start date: 2023-12-31 02:26:07.413731
End date: 2023-12-31 03:34:47.838252

### 2to3 ###
Mean +- std dev: 366 ms +- 2 ms

### async_generators ###
Mean +- std dev: 563 ms +- 6 ms

### async_tree_none ###
Mean +- std dev: 586 ms +- 10 ms

### async_tree_cpu_io_mixed ###
Mean +- std dev: 928 ms +- 30 ms

### async_tree_cpu_io_mixed_tg ###
Mean +- std dev: 919 ms +- 25 ms

### async_tree_eager ###
Mean +- std dev: 136 ms +- 1 ms

### async_tree_eager_cpu_io_mixed ###
Mean +- std dev: 538 ms +- 6 ms

### async_tree_eager_cpu_io_mixed_tg ###
Mean +- std dev: 470 ms +- 10 ms

### async_tree_eager_io ###
Mean +- std dev: 1.61 sec +- 0.05 sec

### async_tree_eager_io_tg ###
Mean +- std dev: 1.53 sec +- 0.07 sec

### async_tree_eager_memoization ###
Mean +- std dev: 325 ms +- 6 ms

### async_tree_eager_memoization_tg ###
Mean +- std dev: 248 ms +- 7 ms

### async_tree_eager_tg ###
Mean +- std dev: 97.2 ms +- 2.7 ms

### async_tree_io ###
Mean +- std dev: 1.43 sec +- 0.01 sec

### async_tree_io_tg ###
Mean +- std dev: 1.45 sec +- 0.01 sec

### async_tree_memoization ###
Mean +- std dev: 726 ms +- 32 ms

### async_tree_memoization_tg ###
Mean +- std dev: 720 ms +- 37 ms

### async_tree_none_tg ###
Mean +- std dev: 546 ms +- 7 ms

### asyncio_tcp ###
Mean +- std dev: 634 ms +- 11 ms

### asyncio_tcp_ssl ###
Mean +- std dev: 2.36 sec +- 0.01 sec

### asyncio_websockets ###
Mean +- std dev: 640 ms +- 2 ms

### chameleon ###
Mean +- std dev: 8.84 ms +- 0.07 ms

### chaos ###
Mean +- std dev: 82.4 ms +- 0.9 ms

### comprehensions ###
Mean +- std dev: 26.1 us +- 0.3 us

### bench_mp_pool ###
Mean +- std dev: 17.9 ms +- 1.4 ms

### bench_thread_pool ###
Mean +- std dev: 1.37 ms +- 0.01 ms

### coroutines ###
Mean +- std dev: 28.8 ms +- 0.2 ms

### coverage ###
Mean +- std dev: 72.4 ms +- 0.6 ms

### crypto_pyaes ###
Mean +- std dev: 103 ms +- 1 ms

### dask ###
Mean +- std dev: 670 ms +- 13 ms

### deepcopy ###
Mean +- std dev: 456 us +- 5 us

### deepcopy_reduce ###
Mean +- std dev: 4.21 us +- 0.04 us

### deepcopy_memo ###
Mean +- std dev: 45.1 us +- 0.3 us

### deltablue ###
Mean +- std dev: 4.57 ms +- 0.06 ms

### django_template ###
Mean +- std dev: 47.8 ms +- 0.5 ms

### docutils ###
Mean +- std dev: 3.36 sec +- 0.03 sec

### dulwich_log ###
Mean +- std dev: 90.2 ms +- 0.5 ms

### fannkuch ###
Mean +- std dev: 503 ms +- 3 ms

### float ###
Mean +- std dev: 104 ms +- 1 ms

### create_gc_cycles ###
Mean +- std dev: 1.68 ms +- 0.01 ms

### gc_traversal ###
Mean +- std dev: 4.14 ms +- 0.01 ms

### generators ###
Mean +- std dev: 39.2 ms +- 0.6 ms

### genshi_text ###
Mean +- std dev: 28.3 ms +- 0.3 ms

### genshi_xml ###
Mean +- std dev: 65.2 ms +- 1.1 ms

### go ###
Mean +- std dev: 168 ms +- 1 ms

### hexiom ###
Mean +- std dev: 7.39 ms +- 0.05 ms

### html5lib ###
Mean +- std dev: 80.0 ms +- 4.2 ms

### json_dumps ###
Mean +- std dev: 13.7 ms +- 0.4 ms

### json_loads ###
Mean +- std dev: 33.7 us +- 0.3 us

### logging_format ###
Mean +- std dev: 9.81 us +- 0.15 us

### logging_silent ###
Mean +- std dev: 137 ns +- 2 ns

### logging_simple ###
Mean +- std dev: 8.77 us +- 0.12 us

### mako ###
Mean +- std dev: 14.0 ms +- 0.2 ms

### mdp ###
Mean +- std dev: 3.71 sec +- 0.03 sec

### meteor_contest ###
Mean +- std dev: 130 ms +- 1 ms

### nbody ###
Mean +- std dev: 99.6 ms +- 0.9 ms

### nqueens ###
Mean +- std dev: 109 ms +- 2 ms

### pathlib ###
Mean +- std dev: 29.4 ms +- 0.7 ms

### pickle ###
Mean +- std dev: 13.8 us +- 0.2 us

### pickle_dict ###
Mean +- std dev: 35.0 us +- 0.4 us

### pickle_list ###
Mean +- std dev: 5.40 us +- 0.06 us

### pickle_pure_python ###
Mean +- std dev: 391 us +- 4 us

### pidigits ###
Mean +- std dev: 233 ms +- 1 ms

### pprint_safe_repr ###
Mean +- std dev: 1.02 sec +- 0.01 sec

### pprint_pformat ###
Mean +- std dev: 2.07 sec +- 0.02 sec

### pyflate ###
Mean +- std dev: 542 ms +- 7 ms

### python_startup ###
Mean +- std dev: 12.4 ms +- 0.2 ms

### python_startup_no_site ###
Mean +- std dev: 9.15 ms +- 0.17 ms

### raytrace ###
Mean +- std dev: 395 ms +- 2 ms

### regex_compile ###
Mean +- std dev: 176 ms +- 1 ms

### regex_dna ###
Mean +- std dev: 207 ms +- 1 ms

### regex_effbot ###
Mean +- std dev: 3.76 ms +- 0.09 ms

### regex_v8 ###
Mean +- std dev: 25.6 ms +- 0.2 ms

### richards ###
Mean +- std dev: 60.5 ms +- 1.2 ms

### richards_super ###
Mean +- std dev: 68.4 ms +- 1.3 ms

### scimark_fft ###
Mean +- std dev: 418 ms +- 8 ms

### scimark_lu ###
Mean +- std dev: 141 ms +- 1 ms

### scimark_monte_carlo ###
Mean +- std dev: 89.6 ms +- 1.2 ms

### scimark_sor ###
Mean +- std dev: 153 ms +- 2 ms

### scimark_sparse_mat_mult ###
Mean +- std dev: 5.23 ms +- 0.12 ms

### spectral_norm ###
Mean +- std dev: 130 ms +- 1 ms

### sqlalchemy_declarative ###
Mean +- std dev: 187 ms +- 6 ms

### sqlalchemy_imperative ###
Mean +- std dev: 24.9 ms +- 0.7 ms

### sqlglot_parse ###
Mean +- std dev: 1.73 ms +- 0.04 ms

### sqlglot_transpile ###
Mean +- std dev: 2.13 ms +- 0.05 ms

### sqlglot_optimize ###
Mean +- std dev: 73.8 ms +- 0.5 ms

### sqlglot_normalize ###
Mean +- std dev: 148 ms +- 1 ms

### sqlite_synth ###
Mean +- std dev: 3.59 us +- 0.07 us

### sympy_expand ###
Mean +- std dev: 603 ms +- 5 ms

### sympy_integrate ###
Mean +- std dev: 26.1 ms +- 0.2 ms

### sympy_sum ###
Mean +- std dev: 210 ms +- 2 ms

### sympy_str ###
Mean +- std dev: 374 ms +- 2 ms

### telco ###
Mean +- std dev: 9.33 ms +- 0.20 ms

### tomli_loads ###
Mean +- std dev: 2.81 sec +- 0.03 sec

### tornado_http ###
Mean +- std dev: 143 ms +- 6 ms

### typing_runtime_protocols ###
Mean +- std dev: 158 us +- 3 us

### unpack_sequence ###
Mean +- std dev: 44.7 ns +- 0.3 ns

### unpickle ###
Mean +- std dev: 19.8 us +- 0.3 us

### unpickle_list ###
Mean +- std dev: 6.67 us +- 0.45 us

### unpickle_pure_python ###
Mean +- std dev: 286 us +- 3 us

### xml_etree_parse ###
Mean +- std dev: 190 ms +- 4 ms

### xml_etree_iterparse ###
Mean +- std dev: 130 ms +- 2 ms

### xml_etree_generate ###
Mean +- std dev: 124 ms +- 2 ms

### xml_etree_process ###
Mean +- std dev: 82.5 ms +- 1.1 ms

CONTAINER ID   IMAGE           COMMAND              CREATED             STATUS                              PORTS     NAMES
4f9298da4306   python:3.12.1   "sh run.sh 3.12.1"   About an hour ago   Exited (0) Less than a second ago             t3.12.1
t3.12.1
CONTAINER ID   IMAGE     COMMAND   CREATED   STATUS    PORTS     NAMES
Total reclaimed space: 0B

real    76m42.269s
user    0m0.682s
sys     0m0.845s