Performance version: 1.0.8
Report on Linux-5.15.49-linuxkit-pr-aarch64-with-glibc2.36
Number of logical CPUs: 4
Start date: 2023-06-09 04:10:56.195997
End date: 2023-06-09 05:07:49.679894

### 2to3 ###
Mean +- std dev: 253 ms +- 35 ms

### async_generators ###
Mean +- std dev: 289 ms +- 33 ms

### async_tree_none ###
Mean +- std dev: 579 ms +- 49 ms

### async_tree_cpu_io_mixed ###
Mean +- std dev: 977 ms +- 643 ms

### async_tree_eager ###
Mean +- std dev: 591 ms +- 73 ms

### async_tree_eager_cpu_io_mixed ###
Mean +- std dev: 825 ms +- 48 ms

### async_tree_eager_io ###
Mean +- std dev: 1.46 sec +- 0.10 sec

### async_tree_eager_memoization ###
Mean +- std dev: 667 ms +- 67 ms

### async_tree_io ###
Mean +- std dev: 1.47 sec +- 0.11 sec

### async_tree_memoization ###
Mean +- std dev: 653 ms +- 47 ms

### asyncio_tcp ###
Mean +- std dev: 796 ms +- 42 ms

### asyncio_tcp_ssl ###
Mean +- std dev: 2.53 sec +- 0.88 sec

### chameleon ###
Mean +- std dev: 6.59 ms +- 0.41 ms

### chaos ###
Mean +- std dev: 77.0 ms +- 1.7 ms

### comprehensions ###
Mean +- std dev: 20.2 us +- 1.6 us

### bench_mp_pool ###
Mean +- std dev: 11.8 ms +- 2.6 ms

### bench_thread_pool ###
Mean +- std dev: 1.18 ms +- 0.18 ms

### coroutines ###
Mean +- std dev: 23.1 ms +- 1.0 ms

### coverage ###
Mean +- std dev: 47.3 ms +- 2.1 ms

### crypto_pyaes ###
Mean +- std dev: 89.4 ms +- 2.8 ms

### dask ###
Mean +- std dev: 491 ms +- 76 ms

### deepcopy ###
Mean +- std dev: 307 us +- 6 us

### deepcopy_reduce ###
Mean +- std dev: 2.71 us +- 0.06 us

### deepcopy_memo ###
Mean +- std dev: 37.0 us +- 2.1 us

### deltablue ###
Mean +- std dev: 5.59 ms +- 0.31 ms

### django_template ###
Mean +- std dev: 32.7 ms +- 1.1 ms

### docutils ###
Mean +- std dev: 2.25 sec +- 0.10 sec

### dulwich_log ###
Mean +- std dev: 50.6 ms +- 2.4 ms

### fannkuch ###
Mean +- std dev: 335 ms +- 7 ms

### float ###
Mean +- std dev: 93.4 ms +- 3.3 ms

### create_gc_cycles ###
Mean +- std dev: 1.02 ms +- 0.06 ms

### gc_traversal ###
Mean +- std dev: 2.96 ms +- 0.14 ms

### generators ###
Mean +- std dev: 32.0 ms +- 1.0 ms

### genshi_text ###
Mean +- std dev: 19.7 ms +- 0.6 ms

### genshi_xml ###
Mean +- std dev: 41.1 ms +- 1.2 ms

### go ###
Mean +- std dev: 175 ms +- 5 ms

### hexiom ###
Mean +- std dev: 6.92 ms +- 0.15 ms

### html5lib ###
Mean +- std dev: 51.5 ms +- 3.9 ms

### json_dumps ###
Mean +- std dev: 11.9 ms +- 0.3 ms

### json_loads ###
Mean +- std dev: 26.6 us +- 0.5 us

### logging_format ###
Mean +- std dev: 7.93 us +- 5.47 us

### logging_silent ###
Mean +- std dev: 147 ns +- 16 ns

### logging_simple ###
Mean +- std dev: 6.44 us +- 0.89 us

### mako ###
Mean +- std dev: 12.3 ms +- 0.6 ms

### mdp ###
Mean +- std dev: 3.04 sec +- 0.57 sec

### meteor_contest ###
Mean +- std dev: 96.1 ms +- 47.2 ms

### nbody ###
Mean +- std dev: 96.4 ms +- 2.2 ms

### nqueens ###
Mean +- std dev: 74.2 ms +- 2.4 ms

### pathlib ###
Mean +- std dev: 20.4 ms +- 1.6 ms

### pickle ###
Mean +- std dev: 9.60 us +- 1.42 us

### pickle_dict ###
Mean +- std dev: 25.1 us +- 0.9 us

### pickle_list ###
Mean +- std dev: 4.27 us +- 1.14 us

### pickle_pure_python ###
Mean +- std dev: 366 us +- 42 us

### pidigits ###
Mean +- std dev: 220 ms +- 8 ms

### pprint_safe_repr ###
Mean +- std dev: 733 ms +- 29 ms

### pprint_pformat ###
Mean +- std dev: 1.54 sec +- 0.10 sec

### pyflate ###
Mean +- std dev: 513 ms +- 28 ms

### python_startup ###
Mean +- std dev: 15.4 ms +- 2.6 ms

### python_startup_no_site ###
Mean +- std dev: 7.99 ms +- 0.90 ms

### raytrace ###
Mean +- std dev: 371 ms +- 8 ms

### regex_compile ###
Mean +- std dev: 111 ms +- 3 ms

### regex_dna ###
Mean +- std dev: 173 ms +- 14 ms

### regex_effbot ###
Mean +- std dev: 2.66 ms +- 0.33 ms

### regex_v8 ###
Mean +- std dev: 21.8 ms +- 1.1 ms

### richards ###
Mean +- std dev: 57.5 ms +- 1.3 ms

### richards_super ###
Mean +- std dev: 68.0 ms +- 3.0 ms

### scimark_fft ###
Mean +- std dev: 452 ms +- 9 ms

### scimark_lu ###
Mean +- std dev: 161 ms +- 6 ms

### scimark_monte_carlo ###
Mean +- std dev: 98.8 ms +- 7.4 ms

### scimark_sor ###
Mean +- std dev: 163 ms +- 7 ms

### scimark_sparse_mat_mult ###
Mean +- std dev: 8.85 ms +- 0.17 ms

### spectral_norm ###
Mean +- std dev: 105 ms +- 2 ms

### sqlalchemy_declarative ###
Mean +- std dev: 98.5 ms +- 4.6 ms

### sqlalchemy_imperative ###
Mean +- std dev: 12.2 ms +- 0.5 ms

### sqlglot_parse ###
Mean +- std dev: 1.49 ms +- 0.04 ms

### sqlglot_transpile ###
Mean +- std dev: 1.77 ms +- 0.09 ms

### sqlglot_optimize ###
Mean +- std dev: 46.3 ms +- 1.3 ms

### sqlglot_normalize ###
Mean +- std dev: 241 ms +- 5 ms

### sqlite_synth ###
Mean +- std dev: 3.12 us +- 0.05 us

### sympy_expand ###
Mean +- std dev: 340 ms +- 20 ms

### sympy_integrate ###
Mean +- std dev: 16.4 ms +- 0.8 ms

### sympy_sum ###
Mean +- std dev: 119 ms +- 6 ms

### sympy_str ###
Mean +- std dev: 209 ms +- 10 ms

### telco ###
Mean +- std dev: 7.40 ms +- 0.34 ms

### tomli_loads ###
Mean +- std dev: 2.06 sec +- 0.10 sec

### tornado_http ###
Mean +- std dev: 120 ms +- 19 ms

### typing_runtime_protocols ###
Mean +- std dev: 402 us +- 16 us

### unpack_sequence ###
Mean +- std dev: 39.0 ns +- 1.3 ns

### unpickle ###
Mean +- std dev: 12.2 us +- 0.2 us

### unpickle_list ###
Mean +- std dev: 5.32 us +- 0.11 us

### unpickle_pure_python ###
Mean +- std dev: 253 us +- 53 us

### xml_etree_parse ###
Mean +- std dev: 185 ms +- 4 ms

### xml_etree_iterparse ###
Mean +- std dev: 113 ms +- 3 ms

### xml_etree_generate ###
Mean +- std dev: 88.0 ms +- 1.6 ms

### xml_etree_process ###
Mean +- std dev: 68.5 ms +- 1.9 ms

CONTAINER ID   IMAGE           COMMAND              CREATED             STATUS                    PORTS     NAMES
5bfcbca11125   python:3.10.1   "sh run.sh 3.10.1"   About an hour ago   Exited (0) 1 second ago             t3.10.1
t3.10.1
CONTAINER ID   IMAGE     COMMAND   CREATED   STATUS    PORTS     NAMES
Deleted build cache objects:
qmhz49g00rrf8q2xmkue2qj8h
8u9l7u4tvaz8zqa56kqv0zdfw
06vyupod02rowk83koail06zf

Total reclaimed space: 947B