Performance version: 1.10.0
Report on Linux-5.15.0-88-generic-x86_64-with-glibc2.36
Number of logical CPUs: 2
Start date: 2023-12-29 08:38:38.491554
End date: 2023-12-29 09:49:13.780964

### 2to3 ###
Mean +- std dev: 467 ms +- 2 ms

### async_generators ###
Mean +- std dev: 526 ms +- 5 ms

### async_tree_none ###
Mean +- std dev: 979 ms +- 47 ms

### async_tree_cpu_io_mixed ###
Mean +- std dev: 1.36 sec +- 0.05 sec

### async_tree_io ###
Mean +- std dev: 2.36 sec +- 0.03 sec

### async_tree_memoization ###
Mean +- std dev: 1.15 sec +- 0.02 sec

### asyncio_tcp ###
Mean +- std dev: 1.22 sec +- 0.01 sec

### asyncio_tcp_ssl ###
Mean +- std dev: 4.32 sec +- 0.40 sec

### asyncio_websockets ###
Mean +- std dev: 652 ms +- 8 ms

### chameleon ###
Mean +- std dev: 12.5 ms +- 0.2 ms

### chaos ###
Mean +- std dev: 149 ms +- 1 ms

### comprehensions ###
Mean +- std dev: 38.0 us +- 0.2 us

### bench_mp_pool ###
Mean +- std dev: 18.8 ms +- 1.3 ms

### bench_thread_pool ###
Mean +- std dev: 1.58 ms +- 0.01 ms

### coroutines ###
Mean +- std dev: 43.3 ms +- 0.3 ms

### coverage ###
Mean +- std dev: 69.5 ms +- 0.6 ms

### crypto_pyaes ###
Mean +- std dev: 161 ms +- 2 ms

### dask ###
Mean +- std dev: 837 ms +- 11 ms

### deepcopy ###
Mean +- std dev: 621 us +- 6 us

### deepcopy_reduce ###
Mean +- std dev: 5.56 us +- 0.04 us

### deepcopy_memo ###
Mean +- std dev: 70.8 us +- 0.7 us

### deltablue ###
Mean +- std dev: 11.9 ms +- 0.3 ms

### django_template ###
Mean +- std dev: 71.3 ms +- 0.9 ms

### docutils ###
Mean +- std dev: 4.18 sec +- 0.02 sec

### dulwich_log ###
Mean +- std dev: 109 ms +- 1 ms

### fannkuch ###
Mean +- std dev: 619 ms +- 3 ms

### float ###
Mean +- std dev: 149 ms +- 1 ms

### create_gc_cycles ###
Mean +- std dev: 1.94 ms +- 0.00 ms

### gc_traversal ###
Mean +- std dev: 4.43 ms +- 0.01 ms

### generators ###
Mean +- std dev: 80.2 ms +- 0.6 ms

### genshi_text ###
Mean +- std dev: 42.5 ms +- 0.4 ms

### genshi_xml ###
Mean +- std dev: 85.8 ms +- 1.1 ms

### go ###
Mean +- std dev: 319 ms +- 2 ms

### hexiom ###
Mean +- std dev: 13.4 ms +- 0.1 ms

### html5lib ###
Mean +- std dev: 112 ms +- 6 ms

### json_dumps ###
Mean +- std dev: 17.7 ms +- 0.4 ms

### json_loads ###
Mean +- std dev: 32.9 us +- 0.3 us

### logging_format ###
Mean +- std dev: 14.4 us +- 0.1 us

### logging_silent ###
Mean +- std dev: 259 ns +- 5 ns

### logging_simple ###
Mean +- std dev: 13.4 us +- 0.1 us

### mako ###
Mean +- std dev: 21.9 ms +- 0.2 ms

### mdp ###
Mean +- std dev: 4.19 sec +- 0.02 sec

### meteor_contest ###
Mean +- std dev: 141 ms +- 1 ms

### nbody ###
Mean +- std dev: 183 ms +- 1 ms

### nqueens ###
Mean +- std dev: 139 ms +- 1 ms

### pathlib ###
Mean +- std dev: 33.8 ms +- 0.4 ms

### pickle ###
Mean +- std dev: 13.9 us +- 0.2 us

### pickle_dict ###
Mean +- std dev: 34.0 us +- 0.2 us

### pickle_list ###
Mean +- std dev: 5.52 us +- 0.06 us

### pickle_pure_python ###
Mean +- std dev: 660 us +- 6 us

### pidigits ###
Mean +- std dev: 235 ms +- 1 ms

### pprint_safe_repr ###
Mean +- std dev: 1.39 sec +- 0.02 sec

### pprint_pformat ###
Mean +- std dev: 2.86 sec +- 0.04 sec

### pyflate ###
Mean +- std dev: 932 ms +- 7 ms

### python_startup ###
Mean +- std dev: 12.4 ms +- 0.1 ms

### python_startup_no_site ###
Mean +- std dev: 7.87 ms +- 0.12 ms

### raytrace ###
Mean +- std dev: 730 ms +- 4 ms

### regex_compile ###
Mean +- std dev: 238 ms +- 1 ms

### regex_dna ###
Mean +- std dev: 214 ms +- 2 ms

### regex_effbot ###
Mean +- std dev: 3.43 ms +- 0.06 ms

### regex_v8 ###
Mean +- std dev: 29.2 ms +- 0.4 ms

### richards ###
Mean +- std dev: 119 ms +- 1 ms

### richards_super ###
Mean +- std dev: 141 ms +- 1 ms

### scimark_fft ###
Mean +- std dev: 519 ms +- 4 ms

### scimark_lu ###
Mean +- std dev: 225 ms +- 2 ms

### scimark_monte_carlo ###
Mean +- std dev: 145 ms +- 2 ms

### scimark_sor ###
Mean +- std dev: 275 ms +- 2 ms

### scimark_sparse_mat_mult ###
Mean +- std dev: 6.49 ms +- 0.43 ms

### spectral_norm ###
Mean +- std dev: 198 ms +- 2 ms

### sqlalchemy_declarative ###
Mean +- std dev: 221 ms +- 5 ms

### sqlalchemy_imperative ###
Mean +- std dev: 31.2 ms +- 1.3 ms

### sqlglot_parse ###
Mean +- std dev: 2.98 ms +- 0.04 ms

### sqlglot_transpile ###
Mean +- std dev: 3.49 ms +- 0.03 ms

### sqlglot_optimize ###
Mean +- std dev: 96.1 ms +- 0.5 ms

### sqlglot_normalize ###
Mean +- std dev: 203 ms +- 2 ms

### sqlite_synth ###
Mean +- std dev: 3.80 us +- 0.05 us

### sympy_expand ###
Mean +- std dev: 755 ms +- 5 ms

### sympy_integrate ###
Mean +- std dev: 33.1 ms +- 0.2 ms

### sympy_sum ###
Mean +- std dev: 258 ms +- 3 ms

### sympy_str ###
Mean +- std dev: 454 ms +- 3 ms

### telco ###
Mean +- std dev: 8.96 ms +- 0.27 ms

### tomli_loads ###
Mean +- std dev: 3.81 sec +- 0.03 sec

### tornado_http ###
Mean +- std dev: 205 ms +- 6 ms

### typing_runtime_protocols ###
Mean +- std dev: 733 us +- 5 us

### unpack_sequence ###
Mean +- std dev: 70.8 ns +- 0.6 ns

### unpickle ###
Mean +- std dev: 18.6 us +- 0.2 us

### unpickle_list ###
Mean +- std dev: 6.68 us +- 0.06 us

### unpickle_pure_python ###
Mean +- std dev: 438 us +- 3 us

### xml_etree_parse ###
Mean +- std dev: 202 ms +- 5 ms

### xml_etree_iterparse ###
Mean +- std dev: 142 ms +- 2 ms

### xml_etree_generate ###
Mean +- std dev: 130 ms +- 2 ms

### xml_etree_process ###
Mean +- std dev: 106 ms +- 2 ms

CONTAINER ID   IMAGE           COMMAND              CREATED             STATUS                              PORTS     NAMES
70a96349e431   python:3.10.9   "sh run.sh 3.10.9"   About an hour ago   Exited (0) Less than a second ago             t3.10.9
t3.10.9
CONTAINER ID   IMAGE     COMMAND   CREATED   STATUS    PORTS     NAMES
Total reclaimed space: 0B

real    77m19.517s
user    0m0.661s
sys     0m0.764s