Performance version: 1.10.0
Report on Linux-5.15.0-88-generic-x86_64-with-glibc2.36
Number of logical CPUs: 2
Start date: 2023-12-30 02:31:28.155595
End date: 2023-12-30 03:37:31.237589

### 2to3 ###
Mean +- std dev: 355 ms +- 3 ms

### async_generators ###
Mean +- std dev: 423 ms +- 3 ms

### async_tree_none ###
Mean +- std dev: 685 ms +- 17 ms

### async_tree_cpu_io_mixed ###
Mean +- std dev: 987 ms +- 12 ms

### async_tree_cpu_io_mixed_tg ###
Mean +- std dev: 973 ms +- 25 ms

### async_tree_io ###
Mean +- std dev: 1.61 sec +- 0.04 sec

### async_tree_io_tg ###
Mean +- std dev: 1.58 sec +- 0.01 sec

### async_tree_memoization ###
Mean +- std dev: 843 ms +- 12 ms

### async_tree_memoization_tg ###
Mean +- std dev: 804 ms +- 28 ms

### async_tree_none_tg ###
Mean +- std dev: 608 ms +- 15 ms

### asyncio_tcp ###
Mean +- std dev: 1.13 sec +- 0.02 sec

### asyncio_tcp_ssl ###
Mean +- std dev: 4.39 sec +- 0.02 sec

### asyncio_websockets ###
Mean +- std dev: 650 ms +- 7 ms

### chameleon ###
Mean +- std dev: 8.81 ms +- 0.11 ms

### chaos ###
Mean +- std dev: 92.3 ms +- 1.2 ms

### comprehensions ###
Mean +- std dev: 31.1 us +- 0.4 us

### bench_mp_pool ###
Mean +- std dev: 20.8 ms +- 2.4 ms

### bench_thread_pool ###
Mean +- std dev: 1.38 ms +- 0.01 ms

### coroutines ###
Mean +- std dev: 34.0 ms +- 0.3 ms

### coverage ###
Mean +- std dev: 73.2 ms +- 0.6 ms

### crypto_pyaes ###
Mean +- std dev: 96.2 ms +- 0.9 ms

### dask ###
Mean +- std dev: 672 ms +- 9 ms

### deepcopy ###
Mean +- std dev: 481 us +- 4 us

### deepcopy_reduce ###
Mean +- std dev: 4.26 us +- 0.04 us

### deepcopy_memo ###
Mean +- std dev: 46.4 us +- 0.6 us

### deltablue ###
Mean +- std dev: 5.35 ms +- 0.05 ms

### django_template ###
Mean +- std dev: 48.3 ms +- 0.4 ms

### docutils ###
Mean +- std dev: 3.33 sec +- 0.03 sec

### dulwich_log ###
Mean +- std dev: 91.9 ms +- 0.7 ms

### fannkuch ###
Mean +- std dev: 490 ms +- 5 ms

### float ###
Mean +- std dev: 98.6 ms +- 1.6 ms

### create_gc_cycles ###
Mean +- std dev: 1.75 ms +- 0.01 ms

### gc_traversal ###
Mean +- std dev: 4.48 ms +- 0.03 ms

### generators ###
Mean +- std dev: 71.8 ms +- 0.5 ms

### genshi_text ###
Mean +- std dev: 29.3 ms +- 0.4 ms

### genshi_xml ###
Mean +- std dev: 69.1 ms +- 1.6 ms

### go ###
Mean +- std dev: 183 ms +- 1 ms

### hexiom ###
Mean +- std dev: 8.27 ms +- 0.06 ms

### html5lib ###
Mean +- std dev: 80.2 ms +- 4.3 ms

### json_dumps ###
Mean +- std dev: 16.1 ms +- 0.1 ms

### json_loads ###
Mean +- std dev: 33.2 us +- 0.4 us

### logging_format ###
Mean +- std dev: 10.3 us +- 0.1 us

### logging_silent ###
Mean +- std dev: 140 ns +- 3 ns

### logging_simple ###
Mean +- std dev: 9.20 us +- 0.12 us

### mako ###
Mean +- std dev: 13.7 ms +- 0.1 ms

### mdp ###
Mean +- std dev: 3.77 sec +- 0.03 sec

### meteor_contest ###
Mean +- std dev: 127 ms +- 1 ms

### nbody ###
Mean +- std dev: 110 ms +- 3 ms

### nqueens ###
Mean +- std dev: 114 ms +- 1 ms

### pathlib ###
Mean +- std dev: 30.8 ms +- 0.3 ms

### pickle ###
Mean +- std dev: 12.8 us +- 0.2 us

### pickle_dict ###
Mean +- std dev: 33.2 us +- 0.2 us

### pickle_list ###
Mean +- std dev: 4.99 us +- 0.07 us

### pickle_pure_python ###
Mean +- std dev: 416 us +- 5 us

### pidigits ###
Mean +- std dev: 234 ms +- 1 ms

### pprint_safe_repr ###
Mean +- std dev: 985 ms +- 12 ms

### pprint_pformat ###
Mean +- std dev: 2.02 sec +- 0.02 sec

### pyflate ###
Mean +- std dev: 532 ms +- 6 ms

### python_startup ###
Mean +- std dev: 11.6 ms +- 0.2 ms

### python_startup_no_site ###
Mean +- std dev: 8.36 ms +- 0.18 ms

### raytrace ###
Mean +- std dev: 415 ms +- 3 ms

### regex_compile ###
Mean +- std dev: 181 ms +- 1 ms

### regex_dna ###
Mean +- std dev: 197 ms +- 0 ms

### regex_effbot ###
Mean +- std dev: 3.28 ms +- 0.05 ms

### regex_v8 ###
Mean +- std dev: 25.6 ms +- 0.1 ms

### richards ###
Mean +- std dev: 67.7 ms +- 1.2 ms

### richards_super ###
Mean +- std dev: 83.5 ms +- 1.6 ms

### scimark_fft ###
Mean +- std dev: 430 ms +- 3 ms

### scimark_lu ###
Mean +- std dev: 149 ms +- 4 ms

### scimark_monte_carlo ###
Mean +- std dev: 87.7 ms +- 0.9 ms

### scimark_sor ###
Mean +- std dev: 153 ms +- 3 ms

### scimark_sparse_mat_mult ###
Mean +- std dev: 5.39 ms +- 0.08 ms

### spectral_norm ###
Mean +- std dev: 135 ms +- 2 ms

### sqlalchemy_declarative ###
Mean +- std dev: 180 ms +- 5 ms

### sqlalchemy_imperative ###
Mean +- std dev: 24.3 ms +- 0.2 ms

### sqlglot_parse ###
Mean +- std dev: 1.94 ms +- 0.04 ms

### sqlglot_transpile ###
Mean +- std dev: 2.35 ms +- 0.04 ms

### sqlglot_optimize ###
Mean +- std dev: 75.4 ms +- 0.7 ms

### sqlglot_normalize ###
Mean +- std dev: 157 ms +- 1 ms

### sqlite_synth ###
Mean +- std dev: 3.14 us +- 0.06 us

### sympy_expand ###
Mean +- std dev: 642 ms +- 5 ms

### sympy_integrate ###
Mean +- std dev: 27.7 ms +- 0.2 ms

### sympy_sum ###
Mean +- std dev: 224 ms +- 2 ms

### sympy_str ###
Mean +- std dev: 394 ms +- 3 ms

### telco ###
Mean +- std dev: 8.18 ms +- 0.28 ms

### tomli_loads ###
Mean +- std dev: 2.94 sec +- 0.06 sec

### tornado_http ###
Mean +- std dev: 154 ms +- 5 ms

### typing_runtime_protocols ###
Mean +- std dev: 719 us +- 4 us

### unpack_sequence ###
Mean +- std dev: 51.1 ns +- 1.0 ns

### unpickle ###
Mean +- std dev: 18.3 us +- 0.2 us

### unpickle_list ###
Mean +- std dev: 6.19 us +- 0.08 us

### unpickle_pure_python ###
Mean +- std dev: 318 us +- 5 us

### xml_etree_parse ###
Mean +- std dev: 195 ms +- 3 ms

### xml_etree_iterparse ###
Mean +- std dev: 129 ms +- 2 ms

### xml_etree_generate ###
Mean +- std dev: 111 ms +- 2 ms

### xml_etree_process ###
Mean +- std dev: 76.4 ms +- 1.0 ms

CONTAINER ID   IMAGE           COMMAND              CREATED             STATUS                              PORTS     NAMES
e0ba83ef6cba   python:3.11.1   "sh run.sh 3.11.1"   About an hour ago   Exited (0) Less than a second ago             t3.11.1
t3.11.1
CONTAINER ID   IMAGE     COMMAND   CREATED   STATUS    PORTS     NAMES
Total reclaimed space: 0B

real    73m15.147s
user    0m0.659s
sys     0m0.780s