Performance version: 1.0.9
Report on Linux-5.15.49-linuxkit-pr-aarch64-with-glibc2.35
Number of logical CPUs: 4
Start date: 2023-08-27 15:57:33.195479
End date: 2023-08-27 16:47:24.233243

### 2to3 ###
Mean +- std dev: 239 ms +- 14 ms

### async_generators ###
Mean +- std dev: 285 ms +- 31 ms

### async_tree_none ###
Mean +- std dev: 560 ms +- 35 ms

### async_tree_cpu_io_mixed ###
Mean +- std dev: 796 ms +- 71 ms

### async_tree_io ###
Mean +- std dev: 2.14 sec +- 1.58 sec

### async_tree_memoization ###
Mean +- std dev: 666 ms +- 58 ms

### asyncio_tcp ###
Mean +- std dev: 792 ms +- 32 ms

### asyncio_tcp_ssl ###
Mean +- std dev: 2.71 sec +- 0.18 sec

### chameleon ###
Mean +- std dev: 7.71 ms +- 0.24 ms

### chaos ###
Mean +- std dev: 79.3 ms +- 1.4 ms

### comprehensions ###
Mean +- std dev: 20.9 us +- 1.4 us

### bench_mp_pool ###
Mean +- std dev: 7.70 ms +- 1.14 ms

### bench_thread_pool ###
Mean +- std dev: 1.17 ms +- 0.06 ms

### coroutines ###
Mean +- std dev: 29.8 ms +- 0.6 ms

### coverage ###
Mean +- std dev: 29.6 ms +- 2.0 ms

### crypto_pyaes ###
Mean +- std dev: 88.3 ms +- 3.2 ms

### dask ###
Mean +- std dev: 465 ms +- 31 ms

### deepcopy ###
Mean +- std dev: 332 us +- 10 us

### deepcopy_reduce ###
Mean +- std dev: 2.85 us +- 0.06 us

### deepcopy_memo ###
Mean +- std dev: 38.9 us +- 0.5 us

### deltablue ###
Mean +- std dev: 5.60 ms +- 0.14 ms

### django_template ###
Mean +- std dev: 36.5 ms +- 6.2 ms

### docutils ###
Mean +- std dev: 2.12 sec +- 0.07 sec

### dulwich_log ###
Mean +- std dev: 51.2 ms +- 2.1 ms

### fannkuch ###
Mean +- std dev: 325 ms +- 8 ms

### float ###
Mean +- std dev: 104 ms +- 2 ms

### create_gc_cycles ###
Mean +- std dev: 893 us +- 39 us

### gc_traversal ###
Mean +- std dev: 2.97 ms +- 0.71 ms

### generators ###
Mean +- std dev: 37.9 ms +- 3.6 ms

### genshi_text ###
Mean +- std dev: 23.3 ms +- 5.5 ms

### genshi_xml ###
Mean +- std dev: 46.9 ms +- 7.8 ms

### go ###
Mean +- std dev: 199 ms +- 14 ms

### hexiom ###
Mean +- std dev: 7.21 ms +- 0.10 ms

### html5lib ###
Mean +- std dev: 55.3 ms +- 3.4 ms

### json_dumps ###
Mean +- std dev: 12.0 ms +- 0.6 ms

### json_loads ###
Mean +- std dev: 27.8 us +- 1.6 us

### logging_format ###
Mean +- std dev: 7.20 us +- 2.56 us

### logging_silent ###
Mean +- std dev: 158 ns +- 5 ns

### logging_simple ###
Mean +- std dev: 6.39 us +- 0.48 us

### mako ###
Mean +- std dev: 16.5 ms +- 3.2 ms

### mdp ###
Mean +- std dev: 2.92 sec +- 0.26 sec

### meteor_contest ###
Mean +- std dev: 88.3 ms +- 4.1 ms

### nbody ###
Mean +- std dev: 88.2 ms +- 3.4 ms

### nqueens ###
Mean +- std dev: 78.7 ms +- 24.4 ms

### pathlib ###
Mean +- std dev: 19.2 ms +- 0.9 ms

### pickle ###
Mean +- std dev: 8.90 us +- 0.18 us

### pickle_dict ###
Mean +- std dev: 24.1 us +- 0.7 us

### pickle_list ###
Mean +- std dev: 3.65 us +- 0.10 us

### pickle_pure_python ###
Mean +- std dev: 355 us +- 14 us

### pidigits ###
Mean +- std dev: 215 ms +- 2 ms

### pprint_pformat ###
Mean +- std dev: 1.15 sec +- 0.02 sec

### pyflate ###
Mean +- std dev: 544 ms +- 80 ms

### python_startup ###
Mean +- std dev: 14.5 ms +- 3.5 ms

### python_startup_no_site ###
Mean +- std dev: 8.82 ms +- 1.68 ms

### raytrace ###
Mean +- std dev: 404 ms +- 58 ms

### regex_compile ###
Mean +- std dev: 120 ms +- 14 ms

### regex_dna ###
Mean +- std dev: 172 ms +- 7 ms

### regex_effbot ###
Mean +- std dev: 2.46 ms +- 0.03 ms

### regex_v8 ###
Mean +- std dev: 22.7 ms +- 4.8 ms

### richards ###
Mean +- std dev: 56.7 ms +- 4.3 ms

### richards_super ###
Mean +- std dev: 65.6 ms +- 3.0 ms

### scimark_fft ###
Mean +- std dev: 386 ms +- 50 ms

### scimark_lu ###
Mean +- std dev: 156 ms +- 15 ms

### scimark_monte_carlo ###
Mean +- std dev: 101 ms +- 26 ms

### scimark_sor ###
Mean +- std dev: 168 ms +- 7 ms

### scimark_sparse_mat_mult ###
Mean +- std dev: 6.88 ms +- 0.31 ms

### spectral_norm ###
Mean +- std dev: 107 ms +- 8 ms

### sqlalchemy_declarative ###
Mean +- std dev: 110 ms +- 35 ms

### sqlalchemy_imperative ###
Mean +- std dev: 12.3 ms +- 0.5 ms

### sqlglot_parse ###
Mean +- std dev: 1.75 ms +- 0.41 ms

### sqlglot_transpile ###
Mean +- std dev: 1.88 ms +- 0.08 ms

### sqlglot_optimize ###
Mean +- std dev: 49.4 ms +- 12.2 ms

### sqlglot_normalize ###
Mean +- std dev: 251 ms +- 16 ms

### sqlite_synth ###
Mean +- std dev: 3.43 us +- 0.12 us

### sympy_expand ###
Mean +- std dev: 339 ms +- 35 ms

### sympy_integrate ###
Mean +- std dev: 16.2 ms +- 0.9 ms

### sympy_sum ###
Mean +- std dev: 119 ms +- 9 ms

### sympy_str ###
Mean +- std dev: 204 ms +- 10 ms

### telco ###
Mean +- std dev: 7.56 ms +- 0.26 ms

### tomli_loads ###
Mean +- std dev: 2.03 sec +- 0.13 sec

### tornado_http ###
Mean +- std dev: 105 ms +- 8 ms

### typing_runtime_protocols ###
Mean +- std dev: 436 us +- 49 us

### unpack_sequence ###
Mean +- std dev: 42.9 ns +- 11.7 ns

### unpickle ###
Mean +- std dev: 12.6 us +- 0.2 us

### unpickle_list ###
Mean +- std dev: 5.17 us +- 0.30 us

### unpickle_pure_python ###
Mean +- std dev: 262 us +- 20 us

### xml_etree_parse ###
Mean +- std dev: 172 ms +- 13 ms

### xml_etree_iterparse ###
Mean +- std dev: 108 ms +- 30 ms

### xml_etree_generate ###
Mean +- std dev: 93.2 ms +- 26.2 ms

### xml_etree_process ###
Mean +- std dev: 66.7 ms +- 2.1 ms

CONTAINER ID   IMAGE           COMMAND              CREATED          STATUS                    PORTS     NAMES
fdcd90690b30   python:3.8.18   "sh run.sh 3.8.18"   57 minutes ago   Exited (0) 1 second ago             t3.8.18
t3.8.18
CONTAINER ID   IMAGE     COMMAND   CREATED   STATUS    PORTS     NAMES
Deleted build cache objects:
u03i4elvq4uc3pl4ooqpb9dps
4ng0hefh1nf0vjtt2xt44bxaj
muomdffxevo5i419qc0obliq3

Total reclaimed space: 947B
