Performance version: 1.10.0
Report on Linux-5.15.0-88-generic-x86_64-with-glibc2.36
Number of logical CPUs: 2
Start date: 2023-12-27 14:44:29.238851
End date: 2023-12-27 15:51:23.995771

### 2to3 ###
Mean +- std dev: 463 ms +- 3 ms

### async_generators ###
Mean +- std dev: 524 ms +- 4 ms

### async_tree_none ###
Mean +- std dev: 983 ms +- 43 ms

### async_tree_cpu_io_mixed ###
Mean +- std dev: 1.37 sec +- 0.04 sec

### async_tree_io ###
Mean +- std dev: 2.38 sec +- 0.02 sec

### async_tree_memoization ###
Mean +- std dev: 1.18 sec +- 0.03 sec

### asyncio_tcp ###
Mean +- std dev: 1.19 sec +- 0.02 sec

### asyncio_tcp_ssl ###
Mean +- std dev: 4.15 sec +- 0.47 sec

### asyncio_websockets ###
Mean +- std dev: 632 ms +- 2 ms

### chameleon ###
Mean +- std dev: 13.7 ms +- 0.2 ms

### chaos ###
Mean +- std dev: 166 ms +- 1 ms

### comprehensions ###
Mean +- std dev: 37.5 us +- 0.3 us

### bench_mp_pool ###
Mean +- std dev: 19.0 ms +- 1.4 ms

### bench_thread_pool ###
Mean +- std dev: 1.55 ms +- 0.02 ms

### coroutines ###
Mean +- std dev: 57.2 ms +- 0.3 ms

### coverage ###
Mean +- std dev: 50.5 ms +- 0.6 ms

### crypto_pyaes ###
Mean +- std dev: 155 ms +- 1 ms

### dask ###
Mean +- std dev: 872 ms +- 11 ms

### deepcopy ###
Mean +- std dev: 625 us +- 4 us

### deepcopy_reduce ###
Mean +- std dev: 5.51 us +- 0.05 us

### deepcopy_memo ###
Mean +- std dev: 70.6 us +- 1.1 us

### deltablue ###
Mean +- std dev: 11.0 ms +- 0.2 ms

### django_template ###
Mean +- std dev: 76.3 ms +- 0.7 ms

### docutils ###
Mean +- std dev: 3.99 sec +- 0.02 sec

### dulwich_log ###
Mean +- std dev: 113 ms +- 1 ms

### fannkuch ###
Mean +- std dev: 625 ms +- 3 ms

### float ###
Mean +- std dev: 168 ms +- 2 ms

### create_gc_cycles ###
Mean +- std dev: 1.78 ms +- 0.01 ms

### gc_traversal ###
Mean +- std dev: 3.98 ms +- 0.03 ms

### generators ###
Mean +- std dev: 84.2 ms +- 0.8 ms

### genshi_text ###
Mean +- std dev: 43.2 ms +- 0.4 ms

### genshi_xml ###
Mean +- std dev: 88.2 ms +- 1.1 ms

### go ###
Mean +- std dev: 368 ms +- 3 ms

### hexiom ###
Mean +- std dev: 14.0 ms +- 0.1 ms

### html5lib ###
Mean +- std dev: 120 ms +- 7 ms

### json_dumps ###
Mean +- std dev: 17.6 ms +- 0.2 ms

### json_loads ###
Mean +- std dev: 32.7 us +- 0.3 us

### logging_format ###
Mean +- std dev: 14.2 us +- 0.1 us

### logging_silent ###
Mean +- std dev: 283 ns +- 7 ns

### logging_simple ###
Mean +- std dev: 13.1 us +- 0.1 us

### mako ###
Mean +- std dev: 23.2 ms +- 0.2 ms

### mdp ###
Mean +- std dev: 4.14 sec +- 0.02 sec

### meteor_contest ###
Mean +- std dev: 139 ms +- 1 ms

### nbody ###
Mean +- std dev: 192 ms +- 2 ms

### nqueens ###
Mean +- std dev: 133 ms +- 1 ms

### pathlib ###
Mean +- std dev: 32.5 ms +- 0.5 ms

### pickle ###
Mean +- std dev: 14.5 us +- 0.2 us

### pickle_dict ###
Mean +- std dev: 34.9 us +- 0.2 us

### pickle_list ###
Mean +- std dev: 5.28 us +- 0.08 us

### pickle_pure_python ###
Mean +- std dev: 678 us +- 6 us

### pidigits ###
Mean +- std dev: 235 ms +- 1 ms

### pprint_pformat ###
Mean +- std dev: 2.13 sec +- 0.03 sec

### pyflate ###
Mean +- std dev: 956 ms +- 9 ms

### python_startup ###
Mean +- std dev: 12.5 ms +- 0.2 ms

### python_startup_no_site ###
Mean +- std dev: 8.10 ms +- 0.17 ms

### raytrace ###
Mean +- std dev: 778 ms +- 8 ms

### regex_compile ###
Mean +- std dev: 239 ms +- 1 ms

### regex_dna ###
Mean +- std dev: 217 ms +- 2 ms

### regex_effbot ###
Mean +- std dev: 3.39 ms +- 0.03 ms

### regex_v8 ###
Mean +- std dev: 29.3 ms +- 0.4 ms

### richards ###
Mean +- std dev: 108 ms +- 2 ms

### richards_super ###
Mean +- std dev: 129 ms +- 2 ms

### scimark_fft ###
Mean +- std dev: 512 ms +- 3 ms

### scimark_lu ###
Mean +- std dev: 224 ms +- 3 ms

### scimark_monte_carlo ###
Mean +- std dev: 151 ms +- 3 ms

### scimark_sor ###
Mean +- std dev: 283 ms +- 5 ms

### scimark_sparse_mat_mult ###
Mean +- std dev: 6.60 ms +- 0.07 ms

### spectral_norm ###
Mean +- std dev: 193 ms +- 1 ms

### sqlalchemy_declarative ###
Mean +- std dev: 220 ms +- 5 ms

### sqlalchemy_imperative ###
Mean +- std dev: 31.3 ms +- 1.3 ms

### sqlglot_parse ###
Mean +- std dev: 3.21 ms +- 0.03 ms

### sqlglot_transpile ###
Mean +- std dev: 3.70 ms +- 0.03 ms

### sqlglot_optimize ###
Mean +- std dev: 92.6 ms +- 0.4 ms

### sqlglot_normalize ###
Mean +- std dev: 198 ms +- 1 ms

### sqlite_synth ###
Mean +- std dev: 4.41 us +- 0.14 us

### sympy_expand ###
Mean +- std dev: 744 ms +- 5 ms

### sympy_integrate ###
Mean +- std dev: 32.0 ms +- 0.3 ms

### sympy_sum ###
Mean +- std dev: 252 ms +- 2 ms

### sympy_str ###
Mean +- std dev: 447 ms +- 3 ms

### telco ###
Mean +- std dev: 8.82 ms +- 0.19 ms

### tomli_loads ###
Mean +- std dev: 3.68 sec +- 0.02 sec

### tornado_http ###
Mean +- std dev: 202 ms +- 7 ms

### typing_runtime_protocols ###
Mean +- std dev: 722 us +- 7 us

### unpack_sequence ###
Mean +- std dev: 66.5 ns +- 0.6 ns

### unpickle ###
Mean +- std dev: 19.1 us +- 0.2 us

### unpickle_list ###
Mean +- std dev: 6.48 us +- 0.23 us

### unpickle_pure_python ###
Mean +- std dev: 459 us +- 5 us

### xml_etree_parse ###
Mean +- std dev: 199 ms +- 2 ms

### xml_etree_iterparse ###
Mean +- std dev: 136 ms +- 2 ms

### xml_etree_generate ###
Mean +- std dev: 133 ms +- 2 ms

### xml_etree_process ###
Mean +- std dev: 105 ms +- 1 ms

CONTAINER ID   IMAGE           COMMAND              CREATED             STATUS                              PORTS     NAMES
df95dbb1e577   python:3.9.17   "sh run.sh 3.9.17"   About an hour ago   Exited (0) Less than a second ago             t3.9.17
t3.9.17
CONTAINER ID   IMAGE     COMMAND   CREATED   STATUS    PORTS     NAMES
Total reclaimed space: 0B

real    73m21.838s
user    0m0.609s
sys     0m0.766s