Performance version: 1.10.0
Report on Linux-5.15.0-88-generic-x86_64-with-glibc2.36
Number of logical CPUs: 2
Start date: 2023-12-27 01:35:28.679050
End date: 2023-12-27 02:42:21.330927

### 2to3 ###
Mean +- std dev: 463 ms +- 3 ms

### async_generators ###
Mean +- std dev: 529 ms +- 4 ms

### async_tree_none ###
Mean +- std dev: 984 ms +- 42 ms

### async_tree_cpu_io_mixed ###
Mean +- std dev: 1.36 sec +- 0.04 sec

### async_tree_io ###
Mean +- std dev: 2.38 sec +- 0.02 sec

### async_tree_memoization ###
Mean +- std dev: 1.18 sec +- 0.03 sec

### asyncio_tcp ###
Mean +- std dev: 1.21 sec +- 0.01 sec

### asyncio_tcp_ssl ###
Mean +- std dev: 3.94 sec +- 0.63 sec

### asyncio_websockets ###
Mean +- std dev: 632 ms +- 2 ms

### chameleon ###
Mean +- std dev: 13.7 ms +- 0.1 ms

### chaos ###
Mean +- std dev: 167 ms +- 1 ms

### comprehensions ###
Mean +- std dev: 37.7 us +- 0.3 us

### bench_mp_pool ###
Mean +- std dev: 19.3 ms +- 1.5 ms

### bench_thread_pool ###
Mean +- std dev: 1.61 ms +- 0.02 ms

### coroutines ###
Mean +- std dev: 57.0 ms +- 0.4 ms

### coverage ###
Mean +- std dev: 50.1 ms +- 0.4 ms

### crypto_pyaes ###
Mean +- std dev: 157 ms +- 1 ms

### dask ###
Mean +- std dev: 880 ms +- 9 ms

### deepcopy ###
Mean +- std dev: 628 us +- 4 us

### deepcopy_reduce ###
Mean +- std dev: 5.52 us +- 0.06 us

### deepcopy_memo ###
Mean +- std dev: 70.4 us +- 0.9 us

### deltablue ###
Mean +- std dev: 11.2 ms +- 0.2 ms

### django_template ###
Mean +- std dev: 74.8 ms +- 0.7 ms

### docutils ###
Mean +- std dev: 4.02 sec +- 0.02 sec

### dulwich_log ###
Mean +- std dev: 113 ms +- 1 ms

### fannkuch ###
Mean +- std dev: 639 ms +- 5 ms

### float ###
Mean +- std dev: 167 ms +- 2 ms

### create_gc_cycles ###
Mean +- std dev: 1.81 ms +- 0.00 ms

### gc_traversal ###
Mean +- std dev: 3.94 ms +- 0.01 ms

### generators ###
Mean +- std dev: 84.0 ms +- 0.8 ms

### genshi_text ###
Mean +- std dev: 43.2 ms +- 0.3 ms

### genshi_xml ###
Mean +- std dev: 88.2 ms +- 1.3 ms

### go ###
Mean +- std dev: 370 ms +- 3 ms

### hexiom ###
Mean +- std dev: 14.0 ms +- 0.1 ms

### html5lib ###
Mean +- std dev: 121 ms +- 7 ms

### json_dumps ###
Mean +- std dev: 17.7 ms +- 0.2 ms

### json_loads ###
Mean +- std dev: 32.4 us +- 0.3 us

### logging_format ###
Mean +- std dev: 14.1 us +- 0.2 us

### logging_silent ###
Mean +- std dev: 280 ns +- 4 ns

### logging_simple ###
Mean +- std dev: 12.9 us +- 0.2 us

### mako ###
Mean +- std dev: 22.8 ms +- 0.2 ms

### mdp ###
Mean +- std dev: 4.15 sec +- 0.02 sec

### meteor_contest ###
Mean +- std dev: 137 ms +- 1 ms

### nbody ###
Mean +- std dev: 189 ms +- 2 ms

### nqueens ###
Mean +- std dev: 134 ms +- 1 ms

### pathlib ###
Mean +- std dev: 32.8 ms +- 0.3 ms

### pickle ###
Mean +- std dev: 14.3 us +- 0.2 us

### pickle_dict ###
Mean +- std dev: 32.9 us +- 0.9 us

### pickle_list ###
Mean +- std dev: 5.29 us +- 0.06 us

### pickle_pure_python ###
Mean +- std dev: 687 us +- 10 us

### pidigits ###
Mean +- std dev: 235 ms +- 0 ms

### pprint_pformat ###
Mean +- std dev: 2.11 sec +- 0.01 sec

### pyflate ###
Mean +- std dev: 957 ms +- 11 ms

### python_startup ###
Mean +- std dev: 12.5 ms +- 0.1 ms

### python_startup_no_site ###
Mean +- std dev: 8.04 ms +- 0.13 ms

### raytrace ###
Mean +- std dev: 776 ms +- 5 ms

### regex_compile ###
Mean +- std dev: 240 ms +- 1 ms

### regex_dna ###
Mean +- std dev: 231 ms +- 4 ms

### regex_effbot ###
Mean +- std dev: 3.51 ms +- 0.06 ms

### regex_v8 ###
Mean +- std dev: 29.5 ms +- 0.5 ms

### richards ###
Mean +- std dev: 109 ms +- 2 ms

### richards_super ###
Mean +- std dev: 131 ms +- 2 ms

### scimark_fft ###
Mean +- std dev: 508 ms +- 2 ms

### scimark_lu ###
Mean +- std dev: 221 ms +- 1 ms

### scimark_monte_carlo ###
Mean +- std dev: 152 ms +- 3 ms

### scimark_sor ###
Mean +- std dev: 280 ms +- 5 ms

### scimark_sparse_mat_mult ###
Mean +- std dev: 6.58 ms +- 0.06 ms

### spectral_norm ###
Mean +- std dev: 191 ms +- 1 ms

### sqlalchemy_declarative ###
Mean +- std dev: 222 ms +- 5 ms

### sqlalchemy_imperative ###
Mean +- std dev: 31.3 ms +- 1.3 ms

### sqlglot_parse ###
Mean +- std dev: 3.23 ms +- 0.02 ms

### sqlglot_transpile ###
Mean +- std dev: 3.72 ms +- 0.03 ms

### sqlglot_optimize ###
Mean +- std dev: 92.4 ms +- 0.4 ms

### sqlglot_normalize ###
Mean +- std dev: 195 ms +- 1 ms

### sqlite_synth ###
Mean +- std dev: 4.31 us +- 0.10 us

### sympy_expand ###
Mean +- std dev: 745 ms +- 7 ms

### sympy_integrate ###
Mean +- std dev: 32.1 ms +- 0.2 ms

### sympy_sum ###
Mean +- std dev: 251 ms +- 3 ms

### sympy_str ###
Mean +- std dev: 448 ms +- 4 ms

### telco ###
Mean +- std dev: 8.81 ms +- 0.25 ms

### tomli_loads ###
Mean +- std dev: 3.74 sec +- 0.04 sec

### tornado_http ###
Mean +- std dev: 205 ms +- 5 ms

### typing_runtime_protocols ###
Mean +- std dev: 718 us +- 6 us

### unpack_sequence ###
Mean +- std dev: 67.3 ns +- 1.5 ns

### unpickle ###
Mean +- std dev: 18.5 us +- 0.2 us

### unpickle_list ###
Mean +- std dev: 6.42 us +- 0.09 us

### unpickle_pure_python ###
Mean +- std dev: 458 us +- 5 us

### xml_etree_parse ###
Mean +- std dev: 201 ms +- 3 ms

### xml_etree_iterparse ###
Mean +- std dev: 137 ms +- 2 ms

### xml_etree_generate ###
Mean +- std dev: 129 ms +- 2 ms

### xml_etree_process ###
Mean +- std dev: 103 ms +- 1 ms

CONTAINER ID   IMAGE           COMMAND              CREATED             STATUS                              PORTS     NAMES
e96e4c0b48f6   python:3.9.12   "sh run.sh 3.9.12"   About an hour ago   Exited (0) Less than a second ago             t3.9.12
t3.9.12
CONTAINER ID   IMAGE     COMMAND   CREATED   STATUS    PORTS     NAMES
Total reclaimed space: 0B

real    73m42.203s
user    0m0.599s
sys     0m0.754s