Performance version: 1.0.8
Report on Linux-5.15.49-linuxkit-pr-aarch64-with-glibc2.36
Number of logical CPUs: 4
Start date: 2023-06-07 09:49:37.326724
End date: 2023-06-07 10:42:58.161201

### 2to3 ###
Mean +- std dev: 245 ms +- 10 ms

### async_generators ###
Mean +- std dev: 280 ms +- 18 ms

### async_tree_none ###
Mean +- std dev: 578 ms +- 34 ms

### async_tree_cpu_io_mixed ###
Mean +- std dev: 815 ms +- 35 ms

### async_tree_eager ###
Mean +- std dev: 572 ms +- 28 ms

### async_tree_eager_cpu_io_mixed ###
Mean +- std dev: 840 ms +- 84 ms

### async_tree_eager_io ###
Mean +- std dev: 1.54 sec +- 0.12 sec

### async_tree_eager_memoization ###
Mean +- std dev: 693 ms +- 48 ms

### async_tree_io ###
Mean +- std dev: 1.56 sec +- 0.13 sec

### async_tree_memoization ###
Mean +- std dev: 687 ms +- 39 ms

### asyncio_tcp ###
Mean +- std dev: 796 ms +- 21 ms

### asyncio_tcp_ssl ###
Mean +- std dev: 1.71 sec +- 0.57 sec

### chameleon ###
Mean +- std dev: 7.04 ms +- 0.23 ms

### chaos ###
Mean +- std dev: 82.0 ms +- 2.4 ms

### comprehensions ###
Mean +- std dev: 20.0 us +- 0.4 us

### bench_mp_pool ###
Mean +- std dev: 9.02 ms +- 2.14 ms

### bench_thread_pool ###
Mean +- std dev: 1.21 ms +- 0.08 ms

### coroutines ###
Mean +- std dev: 31.2 ms +- 3.5 ms

### coverage ###
Mean +- std dev: 34.5 ms +- 2.1 ms

### crypto_pyaes ###
Mean +- std dev: 88.7 ms +- 1.5 ms

### dask ###
Mean +- std dev: 493 ms +- 44 ms

### deepcopy ###
Mean +- std dev: 319 us +- 14 us

### deepcopy_reduce ###
Mean +- std dev: 2.78 us +- 0.07 us

### deepcopy_memo ###
Mean +- std dev: 37.6 us +- 0.8 us

### deltablue ###
Mean +- std dev: 5.62 ms +- 0.31 ms

### django_template ###
Mean +- std dev: 36.4 ms +- 4.4 ms

### docutils ###
Mean +- std dev: 2.19 sec +- 0.08 sec

### dulwich_log ###
Mean +- std dev: 52.2 ms +- 2.1 ms

### fannkuch ###
Mean +- std dev: 328 ms +- 4 ms

### float ###
Mean +- std dev: 107 ms +- 4 ms

### create_gc_cycles ###
Mean +- std dev: 964 us +- 29 us

### gc_traversal ###
Mean +- std dev: 3.00 ms +- 0.25 ms

### generators ###
Mean +- std dev: 34.3 ms +- 2.5 ms

### genshi_text ###
Mean +- std dev: 22.0 ms +- 0.6 ms

### genshi_xml ###
Mean +- std dev: 41.4 ms +- 1.2 ms

### go ###
Mean +- std dev: 192 ms +- 8 ms

### hexiom ###
Mean +- std dev: 6.95 ms +- 0.25 ms

### html5lib ###
Mean +- std dev: 58.8 ms +- 7.2 ms

### json_dumps ###
Mean +- std dev: 12.1 ms +- 0.4 ms

### json_loads ###
Mean +- std dev: 27.4 us +- 1.3 us

### logging_format ###
Mean +- std dev: 6.52 us +- 0.17 us

### logging_silent ###
Mean +- std dev: 148 ns +- 3 ns

### logging_simple ###
Mean +- std dev: 6.09 us +- 0.22 us

### mako ###
Mean +- std dev: 13.1 ms +- 0.4 ms

### mdp ###
Mean +- std dev: 2.71 sec +- 0.10 sec

### meteor_contest ###
Mean +- std dev: 83.6 ms +- 2.4 ms

### nbody ###
Mean +- std dev: 92.5 ms +- 1.2 ms

### nqueens ###
Mean +- std dev: 70.5 ms +- 1.3 ms

### pathlib ###
Mean +- std dev: 18.9 ms +- 1.9 ms

### pickle ###
Mean +- std dev: 9.30 us +- 1.07 us

### pickle_dict ###
Mean +- std dev: 24.7 us +- 1.6 us

### pickle_list ###
Mean +- std dev: 3.72 us +- 0.08 us

### pickle_pure_python ###
Mean +- std dev: 344 us +- 12 us

### pidigits ###
Mean +- std dev: 214 ms +- 3 ms

### pprint_pformat ###
Mean +- std dev: 1.15 sec +- 0.02 sec

### pyflate ###
Mean +- std dev: 516 ms +- 14 ms

### python_startup ###
Mean +- std dev: 14.4 ms +- 1.4 ms

### python_startup_no_site ###
Mean +- std dev: 8.30 ms +- 2.46 ms

### raytrace ###
Mean +- std dev: 385 ms +- 23 ms

### regex_compile ###
Mean +- std dev: 112 ms +- 4 ms

### regex_dna ###
Mean +- std dev: 215 ms +- 75 ms

### regex_effbot ###
Mean +- std dev: 2.50 ms +- 0.05 ms

### regex_v8 ###
Mean +- std dev: 22.6 ms +- 3.9 ms

### richards ###
Mean +- std dev: 55.4 ms +- 2.2 ms

### richards_super ###
Mean +- std dev: 64.2 ms +- 1.9 ms

### scimark_fft ###
Mean +- std dev: 409 ms +- 6 ms

### scimark_lu ###
Mean +- std dev: 200 ms +- 137 ms

### scimark_monte_carlo ###
Mean +- std dev: 108 ms +- 58 ms

### scimark_sor ###
Mean +- std dev: 165 ms +- 5 ms

### scimark_sparse_mat_mult ###
Mean +- std dev: 8.00 ms +- 0.35 ms

### spectral_norm ###
Mean +- std dev: 105 ms +- 4 ms

### sqlalchemy_declarative ###
Mean +- std dev: 104 ms +- 18 ms

### sqlalchemy_imperative ###
Mean +- std dev: 14.6 ms +- 2.0 ms

### sqlglot_parse ###
Mean +- std dev: 1.89 ms +- 0.51 ms

### sqlglot_transpile ###
Mean +- std dev: 2.11 ms +- 0.33 ms

### sqlglot_optimize ###
Mean +- std dev: 47.2 ms +- 3.0 ms

### sqlglot_normalize ###
Mean +- std dev: 243 ms +- 23 ms

### sqlite_synth ###
Mean +- std dev: 3.57 us +- 0.42 us

### sympy_expand ###
Mean +- std dev: 348 ms +- 36 ms

### sympy_integrate ###
Mean +- std dev: 19.0 ms +- 6.3 ms

### sympy_sum ###
Mean +- std dev: 123 ms +- 10 ms

### sympy_str ###
Mean +- std dev: 207 ms +- 12 ms

### telco ###
Mean +- std dev: 7.19 ms +- 0.19 ms

### tomli_loads ###
Mean +- std dev: 2.03 sec +- 0.10 sec

### tornado_http ###
Mean +- std dev: 105 ms +- 7 ms

### typing_runtime_protocols ###
Mean +- std dev: 395 us +- 17 us

### unpack_sequence ###
Mean +- std dev: 40.1 ns +- 1.0 ns

### unpickle ###
Mean +- std dev: 12.2 us +- 0.8 us

### unpickle_list ###
Mean +- std dev: 5.17 us +- 0.34 us

### unpickle_pure_python ###
Mean +- std dev: 254 us +- 9 us

### xml_etree_parse ###
Mean +- std dev: 171 ms +- 6 ms

### xml_etree_iterparse ###
Mean +- std dev: 98.7 ms +- 3.0 ms

### xml_etree_generate ###
Mean +- std dev: 81.0 ms +- 2.2 ms

### xml_etree_process ###
Mean +- std dev: 63.8 ms +- 1.7 ms

CONTAINER ID   IMAGE          COMMAND             CREATED             STATUS                    PORTS     NAMES
1920bd73f104   python:3.9.0   "sh run.sh 3.9.0"   About an hour ago   Exited (0) 1 second ago             t3.9.0
t3.9.0
CONTAINER ID   IMAGE     COMMAND   CREATED   STATUS    PORTS     NAMES
Deleted build cache objects:
wpodhs88dvweszd2khvunc15z
pes3nz3o664dlpm74e4ohl86e
l76vweg1tngt0yq3m2i6y6jwf

Total reclaimed space: 1.009kB