Performance version: 1.10.0
Report on Linux-5.15.0-88-generic-x86_64-with-glibc2.36
Number of logical CPUs: 2
Start date: 2023-12-31 17:49:09.344215
End date: 2023-12-31 18:56:26.986872

### 2to3 ###
Mean +- std dev: 471 ms +- 3 ms

### async_generators ###
Mean +- std dev: 535 ms +- 5 ms

### async_tree_none ###
Mean +- std dev: 991 ms +- 45 ms

### async_tree_cpu_io_mixed ###
Mean +- std dev: 1.38 sec +- 0.05 sec

### async_tree_io ###
Mean +- std dev: 2.41 sec +- 0.03 sec

### async_tree_memoization ###
Mean +- std dev: 1.19 sec +- 0.04 sec

### asyncio_tcp ###
Mean +- std dev: 1.23 sec +- 0.02 sec

### asyncio_tcp_ssl ###
Mean +- std dev: 4.11 sec +- 0.59 sec

### asyncio_websockets ###
Mean +- std dev: 633 ms +- 3 ms

### chameleon ###
Mean +- std dev: 13.8 ms +- 0.2 ms

### chaos ###
Mean +- std dev: 167 ms +- 1 ms

### comprehensions ###
Mean +- std dev: 38.9 us +- 0.3 us

### bench_mp_pool ###
Mean +- std dev: 18.7 ms +- 1.5 ms

### bench_thread_pool ###
Mean +- std dev: 1.62 ms +- 0.02 ms

### coroutines ###
Mean +- std dev: 56.9 ms +- 0.4 ms

### coverage ###
Mean +- std dev: 50.6 ms +- 0.4 ms

### crypto_pyaes ###
Mean +- std dev: 157 ms +- 1 ms

### dask ###
Mean +- std dev: 895 ms +- 12 ms

### deepcopy ###
Mean +- std dev: 639 us +- 4 us

### deepcopy_reduce ###
Mean +- std dev: 5.75 us +- 0.05 us

### deepcopy_memo ###
Mean +- std dev: 71.7 us +- 0.4 us

### deltablue ###
Mean +- std dev: 11.3 ms +- 0.3 ms

### django_template ###
Mean +- std dev: 75.3 ms +- 0.7 ms

### docutils ###
Mean +- std dev: 4.07 sec +- 0.02 sec

### dulwich_log ###
Mean +- std dev: 114 ms +- 1 ms

### fannkuch ###
Mean +- std dev: 623 ms +- 9 ms

### float ###
Mean +- std dev: 169 ms +- 2 ms

### create_gc_cycles ###
Mean +- std dev: 1.84 ms +- 0.01 ms

### gc_traversal ###
Mean +- std dev: 4.01 ms +- 0.01 ms

### generators ###
Mean +- std dev: 85.9 ms +- 0.6 ms

### genshi_text ###
Mean +- std dev: 44.0 ms +- 0.4 ms

### genshi_xml ###
Mean +- std dev: 88.7 ms +- 1.1 ms

### go ###
Mean +- std dev: 372 ms +- 3 ms

### hexiom ###
Mean +- std dev: 14.3 ms +- 0.1 ms

### html5lib ###
Mean +- std dev: 125 ms +- 7 ms

### json_dumps ###
Mean +- std dev: 17.9 ms +- 0.2 ms

### json_loads ###
Mean +- std dev: 33.4 us +- 0.3 us

### logging_format ###
Mean +- std dev: 14.6 us +- 0.2 us

### logging_silent ###
Mean +- std dev: 282 ns +- 2 ns

### logging_simple ###
Mean +- std dev: 13.3 us +- 0.2 us

### mako ###
Mean +- std dev: 23.6 ms +- 0.2 ms

### mdp ###
Mean +- std dev: 4.07 sec +- 0.02 sec

### meteor_contest ###
Mean +- std dev: 138 ms +- 1 ms

### nbody ###
Mean +- std dev: 189 ms +- 2 ms

### nqueens ###
Mean +- std dev: 137 ms +- 1 ms

### pathlib ###
Mean +- std dev: 32.4 ms +- 0.4 ms

### pickle ###
Mean +- std dev: 14.5 us +- 0.2 us

### pickle_dict ###
Mean +- std dev: 32.7 us +- 0.3 us

### pickle_list ###
Mean +- std dev: 5.24 us +- 0.07 us

### pickle_pure_python ###
Mean +- std dev: 693 us +- 10 us

### pidigits ###
Mean +- std dev: 236 ms +- 0 ms

### pprint_pformat ###
Mean +- std dev: 2.11 sec +- 0.01 sec

### pyflate ###
Mean +- std dev: 972 ms +- 8 ms

### python_startup ###
Mean +- std dev: 12.5 ms +- 0.1 ms

### python_startup_no_site ###
Mean +- std dev: 8.03 ms +- 0.12 ms

### raytrace ###
Mean +- std dev: 781 ms +- 7 ms

### regex_compile ###
Mean +- std dev: 243 ms +- 1 ms

### regex_dna ###
Mean +- std dev: 226 ms +- 2 ms

### regex_effbot ###
Mean +- std dev: 3.54 ms +- 0.06 ms

### regex_v8 ###
Mean +- std dev: 29.5 ms +- 0.6 ms

### richards ###
Mean +- std dev: 110 ms +- 2 ms

### richards_super ###
Mean +- std dev: 132 ms +- 1 ms

### scimark_fft ###
Mean +- std dev: 508 ms +- 4 ms

### scimark_lu ###
Mean +- std dev: 226 ms +- 5 ms

### scimark_monte_carlo ###
Mean +- std dev: 152 ms +- 3 ms

### scimark_sor ###
Mean +- std dev: 284 ms +- 6 ms

### scimark_sparse_mat_mult ###
Mean +- std dev: 6.36 ms +- 0.04 ms

### spectral_norm ###
Mean +- std dev: 191 ms +- 1 ms

### sqlalchemy_declarative ###
Mean +- std dev: 226 ms +- 5 ms

### sqlalchemy_imperative ###
Mean +- std dev: 31.7 ms +- 1.3 ms

### sqlglot_parse ###
Mean +- std dev: 3.27 ms +- 0.02 ms

### sqlglot_transpile ###
Mean +- std dev: 3.79 ms +- 0.03 ms

### sqlglot_optimize ###
Mean +- std dev: 94.5 ms +- 0.4 ms

### sqlglot_normalize ###
Mean +- std dev: 200 ms +- 1 ms

### sqlite_synth ###
Mean +- std dev: 4.27 us +- 0.10 us

### sympy_expand ###
Mean +- std dev: 761 ms +- 5 ms

### sympy_integrate ###
Mean +- std dev: 32.8 ms +- 0.2 ms

### sympy_sum ###
Mean +- std dev: 258 ms +- 2 ms

### sympy_str ###
Mean +- std dev: 457 ms +- 3 ms

### telco ###
Mean +- std dev: 8.90 ms +- 0.23 ms

### tomli_loads ###
Mean +- std dev: 3.78 sec +- 0.04 sec

### tornado_http ###
Mean +- std dev: 207 ms +- 6 ms

### typing_runtime_protocols ###
Mean +- std dev: 742 us +- 9 us

### unpack_sequence ###
Mean +- std dev: 67.3 ns +- 1.6 ns

### unpickle ###
Mean +- std dev: 18.3 us +- 0.2 us

### unpickle_list ###
Mean +- std dev: 6.34 us +- 0.11 us

### unpickle_pure_python ###
Mean +- std dev: 475 us +- 6 us

### xml_etree_parse ###
Mean +- std dev: 201 ms +- 2 ms

### xml_etree_iterparse ###
Mean +- std dev: 139 ms +- 2 ms

### xml_etree_generate ###
Mean +- std dev: 131 ms +- 3 ms

### xml_etree_process ###
Mean +- std dev: 104 ms +- 1 ms

CONTAINER ID   IMAGE          COMMAND             CREATED             STATUS                              PORTS     NAMES
cf4327da2909   python:3.9.7   "sh run.sh 3.9.7"   About an hour ago   Exited (0) Less than a second ago             t3.9.7
t3.9.7
CONTAINER ID   IMAGE     COMMAND   CREATED   STATUS    PORTS     NAMES
Total reclaimed space: 0B

real    73m31.967s
user    0m0.614s
sys     0m0.753s