Performance version: 1.10.0
Report on Linux-5.15.0-88-generic-x86_64-with-glibc2.36
Number of logical CPUs: 2
Start date: 2023-12-30 19:25:17.216094
End date: 2023-12-30 20:34:44.774779

### 2to3 ###
Mean +- std dev: 371 ms +- 2 ms

### async_generators ###
Mean +- std dev: 568 ms +- 9 ms

### async_tree_none ###
Mean +- std dev: 587 ms +- 10 ms

### async_tree_cpu_io_mixed ###
Mean +- std dev: 929 ms +- 31 ms

### async_tree_cpu_io_mixed_tg ###
Mean +- std dev: 921 ms +- 25 ms

### async_tree_eager ###
Mean +- std dev: 137 ms +- 2 ms

### async_tree_eager_cpu_io_mixed ###
Mean +- std dev: 536 ms +- 5 ms

### async_tree_eager_cpu_io_mixed_tg ###
Mean +- std dev: 463 ms +- 9 ms

### async_tree_eager_io ###
Mean +- std dev: 1.61 sec +- 0.05 sec

### async_tree_eager_io_tg ###
Mean +- std dev: 1.52 sec +- 0.06 sec

### async_tree_eager_memoization ###
Mean +- std dev: 324 ms +- 5 ms

### async_tree_eager_memoization_tg ###
Mean +- std dev: 250 ms +- 7 ms

### async_tree_eager_tg ###
Mean +- std dev: 98.2 ms +- 2.7 ms

### async_tree_io ###
Mean +- std dev: 1.43 sec +- 0.01 sec

### async_tree_io_tg ###
Mean +- std dev: 1.46 sec +- 0.01 sec

### async_tree_memoization ###
Mean +- std dev: 732 ms +- 31 ms

### async_tree_memoization_tg ###
Mean +- std dev: 726 ms +- 37 ms

### async_tree_none_tg ###
Mean +- std dev: 555 ms +- 7 ms

### asyncio_tcp ###
Mean +- std dev: 670 ms +- 10 ms

### asyncio_tcp_ssl ###
Mean +- std dev: 2.43 sec +- 0.04 sec

### asyncio_websockets ###
Mean +- std dev: 642 ms +- 1 ms

### chameleon ###
Mean +- std dev: 8.62 ms +- 0.08 ms

### chaos ###
Mean +- std dev: 82.1 ms +- 0.5 ms

### comprehensions ###
Mean +- std dev: 27.1 us +- 0.2 us

### bench_mp_pool ###
Mean +- std dev: 18.8 ms +- 1.3 ms

### bench_thread_pool ###
Mean +- std dev: 1.41 ms +- 0.01 ms

### coroutines ###
Mean +- std dev: 29.0 ms +- 0.2 ms

### coverage ###
Mean +- std dev: 72.5 ms +- 0.4 ms

### crypto_pyaes ###
Mean +- std dev: 99.8 ms +- 0.7 ms

### dask ###
Mean +- std dev: 685 ms +- 12 ms

### deepcopy ###
Mean +- std dev: 464 us +- 4 us

### deepcopy_reduce ###
Mean +- std dev: 4.25 us +- 0.05 us

### deepcopy_memo ###
Mean +- std dev: 45.0 us +- 0.4 us

### deltablue ###
Mean +- std dev: 4.43 ms +- 0.07 ms

### django_template ###
Mean +- std dev: 48.6 ms +- 0.4 ms

### docutils ###
Mean +- std dev: 3.43 sec +- 0.03 sec

### dulwich_log ###
Mean +- std dev: 90.9 ms +- 0.6 ms

### fannkuch ###
Mean +- std dev: 490 ms +- 2 ms

### float ###
Mean +- std dev: 103 ms +- 2 ms

### create_gc_cycles ###
Mean +- std dev: 1.73 ms +- 0.01 ms

### gc_traversal ###
Mean +- std dev: 4.14 ms +- 0.02 ms

### generators ###
Mean +- std dev: 38.6 ms +- 0.6 ms

### genshi_text ###
Mean +- std dev: 27.9 ms +- 0.3 ms

### genshi_xml ###
Mean +- std dev: 64.9 ms +- 1.0 ms

### go ###
Mean +- std dev: 170 ms +- 1 ms

### hexiom ###
Mean +- std dev: 7.37 ms +- 0.05 ms

### html5lib ###
Mean +- std dev: 78.5 ms +- 4.0 ms

### json_dumps ###
Mean +- std dev: 13.7 ms +- 0.2 ms

### json_loads ###
Mean +- std dev: 33.5 us +- 0.6 us

### logging_format ###
Mean +- std dev: 9.87 us +- 0.10 us

### logging_silent ###
Mean +- std dev: 136 ns +- 1 ns

### logging_simple ###
Mean +- std dev: 8.86 us +- 0.09 us

### mako ###
Mean +- std dev: 13.8 ms +- 0.1 ms

### mdp ###
Mean +- std dev: 3.66 sec +- 0.02 sec

### meteor_contest ###
Mean +- std dev: 131 ms +- 1 ms

### nbody ###
Mean +- std dev: 100 ms +- 2 ms

### nqueens ###
Mean +- std dev: 108 ms +- 1 ms

### pathlib ###
Mean +- std dev: 28.8 ms +- 0.3 ms

### pickle ###
Mean +- std dev: 13.7 us +- 0.2 us

### pickle_dict ###
Mean +- std dev: 35.2 us +- 0.9 us

### pickle_list ###
Mean +- std dev: 5.39 us +- 0.04 us

### pickle_pure_python ###
Mean +- std dev: 399 us +- 5 us

### pidigits ###
Mean +- std dev: 234 ms +- 0 ms

### pprint_safe_repr ###
Mean +- std dev: 1.03 sec +- 0.01 sec

### pprint_pformat ###
Mean +- std dev: 2.08 sec +- 0.01 sec

### pyflate ###
Mean +- std dev: 539 ms +- 9 ms

### python_startup ###
Mean +- std dev: 12.6 ms +- 0.2 ms

### python_startup_no_site ###
Mean +- std dev: 9.43 ms +- 0.13 ms

### raytrace ###
Mean +- std dev: 395 ms +- 4 ms

### regex_compile ###
Mean +- std dev: 179 ms +- 1 ms

### regex_dna ###
Mean +- std dev: 199 ms +- 1 ms

### regex_effbot ###
Mean +- std dev: 3.42 ms +- 0.04 ms

### regex_v8 ###
Mean +- std dev: 25.8 ms +- 0.2 ms

### richards ###
Mean +- std dev: 59.0 ms +- 1.7 ms

### richards_super ###
Mean +- std dev: 68.3 ms +- 1.6 ms

### scimark_fft ###
Mean +- std dev: 438 ms +- 8 ms

### scimark_lu ###
Mean +- std dev: 142 ms +- 3 ms

### scimark_monte_carlo ###
Mean +- std dev: 91.1 ms +- 0.9 ms

### scimark_sor ###
Mean +- std dev: 150 ms +- 1 ms

### scimark_sparse_mat_mult ###
Mean +- std dev: 5.44 ms +- 0.23 ms

### spectral_norm ###
Mean +- std dev: 128 ms +- 1 ms

### sqlalchemy_declarative ###
Mean +- std dev: 189 ms +- 5 ms

### sqlalchemy_imperative ###
Mean +- std dev: 25.1 ms +- 0.7 ms

### sqlglot_parse ###
Mean +- std dev: 1.75 ms +- 0.04 ms

### sqlglot_transpile ###
Mean +- std dev: 2.16 ms +- 0.04 ms

### sqlglot_optimize ###
Mean +- std dev: 74.0 ms +- 0.5 ms

### sqlglot_normalize ###
Mean +- std dev: 148 ms +- 1 ms

### sqlite_synth ###
Mean +- std dev: 3.47 us +- 0.09 us

### sympy_expand ###
Mean +- std dev: 603 ms +- 3 ms

### sympy_integrate ###
Mean +- std dev: 26.3 ms +- 0.2 ms

### sympy_sum ###
Mean +- std dev: 212 ms +- 2 ms

### sympy_str ###
Mean +- std dev: 379 ms +- 4 ms

### telco ###
Mean +- std dev: 9.08 ms +- 0.28 ms

### tomli_loads ###
Mean +- std dev: 2.80 sec +- 0.03 sec

### tornado_http ###
Mean +- std dev: 147 ms +- 5 ms

### typing_runtime_protocols ###
Mean +- std dev: 199 us +- 3 us

### unpack_sequence ###
Mean +- std dev: 45.0 ns +- 0.2 ns

### unpickle ###
Mean +- std dev: 19.6 us +- 0.3 us

### unpickle_list ###
Mean +- std dev: 6.51 us +- 0.07 us

### unpickle_pure_python ###
Mean +- std dev: 285 us +- 4 us

### xml_etree_parse ###
Mean +- std dev: 186 ms +- 3 ms

### xml_etree_iterparse ###
Mean +- std dev: 132 ms +- 2 ms

### xml_etree_generate ###
Mean +- std dev: 124 ms +- 2 ms

### xml_etree_process ###
Mean +- std dev: 82.0 ms +- 0.9 ms

CONTAINER ID   IMAGE           COMMAND              CREATED             STATUS                              PORTS     NAMES
02f34d58a741   python:3.12.0   "sh run.sh 3.12.0"   About an hour ago   Exited (0) Less than a second ago             t3.12.0
t3.12.0
CONTAINER ID   IMAGE     COMMAND   CREATED   STATUS    PORTS     NAMES
Total reclaimed space: 0B

real    77m35.255s
user    0m0.640s
sys     0m0.882s