Performance version: 1.10.0
Report on Linux-5.15.0-88-generic-x86_64-with-glibc2.36
Number of logical CPUs: 2
Start date: 2023-12-30 16:34:53.654791
End date: 2023-12-30 17:40:27.572414

### 2to3 ###
Mean +- std dev: 354 ms +- 2 ms

### async_generators ###
Mean +- std dev: 418 ms +- 3 ms

### async_tree_none ###
Mean +- std dev: 681 ms +- 13 ms

### async_tree_cpu_io_mixed ###
Mean +- std dev: 991 ms +- 10 ms

### async_tree_cpu_io_mixed_tg ###
Mean +- std dev: 961 ms +- 25 ms

### async_tree_io ###
Mean +- std dev: 1.62 sec +- 0.04 sec

### async_tree_io_tg ###
Mean +- std dev: 1.57 sec +- 0.01 sec

### async_tree_memoization ###
Mean +- std dev: 839 ms +- 11 ms

### async_tree_memoization_tg ###
Mean +- std dev: 798 ms +- 28 ms

### async_tree_none_tg ###
Mean +- std dev: 596 ms +- 7 ms

### asyncio_tcp ###
Mean +- std dev: 1.14 sec +- 0.01 sec

### asyncio_tcp_ssl ###
Mean +- std dev: 4.40 sec +- 0.01 sec

### asyncio_websockets ###
Mean +- std dev: 648 ms +- 8 ms

### chameleon ###
Mean +- std dev: 9.27 ms +- 0.11 ms

### chaos ###
Mean +- std dev: 92.9 ms +- 1.0 ms

### comprehensions ###
Mean +- std dev: 30.8 us +- 0.4 us

### bench_mp_pool ###
Mean +- std dev: 19.7 ms +- 1.9 ms

### bench_thread_pool ###
Mean +- std dev: 1.39 ms +- 0.01 ms

### coroutines ###
Mean +- std dev: 33.9 ms +- 0.2 ms

### coverage ###
Mean +- std dev: 72.9 ms +- 0.4 ms

### crypto_pyaes ###
Mean +- std dev: 97.6 ms +- 1.0 ms

### dask ###
Mean +- std dev: 673 ms +- 10 ms

### deepcopy ###
Mean +- std dev: 472 us +- 10 us

### deepcopy_reduce ###
Mean +- std dev: 4.15 us +- 0.06 us

### deepcopy_memo ###
Mean +- std dev: 45.9 us +- 1.1 us

### deltablue ###
Mean +- std dev: 5.32 ms +- 0.06 ms

### django_template ###
Mean +- std dev: 49.2 ms +- 0.5 ms

### docutils ###
Mean +- std dev: 3.32 sec +- 0.03 sec

### dulwich_log ###
Mean +- std dev: 91.1 ms +- 0.5 ms

### fannkuch ###
Mean +- std dev: 495 ms +- 5 ms

### float ###
Mean +- std dev: 99.2 ms +- 1.2 ms

### create_gc_cycles ###
Mean +- std dev: 1.74 ms +- 0.01 ms

### gc_traversal ###
Mean +- std dev: 4.14 ms +- 0.02 ms

### generators ###
Mean +- std dev: 70.7 ms +- 0.8 ms

### genshi_text ###
Mean +- std dev: 28.9 ms +- 0.4 ms

### genshi_xml ###
Mean +- std dev: 67.7 ms +- 1.3 ms

### go ###
Mean +- std dev: 188 ms +- 20 ms

### hexiom ###
Mean +- std dev: 8.37 ms +- 0.09 ms

### html5lib ###
Mean +- std dev: 79.8 ms +- 4.0 ms

### json_dumps ###
Mean +- std dev: 15.9 ms +- 0.2 ms

### json_loads ###
Mean +- std dev: 33.0 us +- 0.6 us

### logging_format ###
Mean +- std dev: 10.7 us +- 0.2 us

### logging_silent ###
Mean +- std dev: 140 ns +- 7 ns

### logging_simple ###
Mean +- std dev: 9.62 us +- 0.13 us

### mako ###
Mean +- std dev: 13.5 ms +- 0.2 ms

### mdp ###
Mean +- std dev: 3.74 sec +- 0.03 sec

### meteor_contest ###
Mean +- std dev: 131 ms +- 1 ms

### nbody ###
Mean +- std dev: 112 ms +- 1 ms

### nqueens ###
Mean +- std dev: 114 ms +- 2 ms

### pathlib ###
Mean +- std dev: 30.7 ms +- 0.4 ms

### pickle ###
Mean +- std dev: 12.5 us +- 0.1 us

### pickle_dict ###
Mean +- std dev: 33.5 us +- 0.3 us

### pickle_list ###
Mean +- std dev: 5.03 us +- 0.07 us

### pickle_pure_python ###
Mean +- std dev: 412 us +- 5 us

### pidigits ###
Mean +- std dev: 234 ms +- 1 ms

### pprint_safe_repr ###
Mean +- std dev: 988 ms +- 9 ms

### pprint_pformat ###
Mean +- std dev: 2.04 sec +- 0.02 sec

### pyflate ###
Mean +- std dev: 540 ms +- 7 ms

### python_startup ###
Mean +- std dev: 11.4 ms +- 0.2 ms

### python_startup_no_site ###
Mean +- std dev: 8.32 ms +- 0.13 ms

### raytrace ###
Mean +- std dev: 413 ms +- 3 ms

### regex_compile ###
Mean +- std dev: 178 ms +- 1 ms

### regex_dna ###
Mean +- std dev: 196 ms +- 2 ms

### regex_effbot ###
Mean +- std dev: 3.28 ms +- 0.04 ms

### regex_v8 ###
Mean +- std dev: 25.6 ms +- 0.4 ms

### richards ###
Mean +- std dev: 63.1 ms +- 1.3 ms

### richards_super ###
Mean +- std dev: 78.0 ms +- 1.3 ms

### scimark_fft ###
Mean +- std dev: 425 ms +- 4 ms

### scimark_lu ###
Mean +- std dev: 146 ms +- 2 ms

### scimark_monte_carlo ###
Mean +- std dev: 85.4 ms +- 0.9 ms

### scimark_sor ###
Mean +- std dev: 151 ms +- 1 ms

### scimark_sparse_mat_mult ###
Mean +- std dev: 5.84 ms +- 0.09 ms

### spectral_norm ###
Mean +- std dev: 133 ms +- 3 ms

### sqlalchemy_declarative ###
Mean +- std dev: 181 ms +- 6 ms

### sqlalchemy_imperative ###
Mean +- std dev: 24.7 ms +- 0.2 ms

### sqlglot_parse ###
Mean +- std dev: 1.90 ms +- 0.04 ms

### sqlglot_transpile ###
Mean +- std dev: 2.30 ms +- 0.04 ms

### sqlglot_optimize ###
Mean +- std dev: 75.2 ms +- 0.5 ms

### sqlglot_normalize ###
Mean +- std dev: 156 ms +- 1 ms

### sqlite_synth ###
Mean +- std dev: 3.23 us +- 0.07 us

### sympy_expand ###
Mean +- std dev: 645 ms +- 4 ms

### sympy_integrate ###
Mean +- std dev: 27.4 ms +- 0.2 ms

### sympy_sum ###
Mean +- std dev: 223 ms +- 2 ms

### sympy_str ###
Mean +- std dev: 395 ms +- 3 ms

### telco ###
Mean +- std dev: 8.36 ms +- 0.27 ms

### tomli_loads ###
Mean +- std dev: 2.87 sec +- 0.03 sec

### tornado_http ###
Mean +- std dev: 155 ms +- 6 ms

### typing_runtime_protocols ###
Mean +- std dev: 717 us +- 4 us

### unpack_sequence ###
Mean +- std dev: 51.6 ns +- 1.4 ns

### unpickle ###
Mean +- std dev: 18.2 us +- 0.2 us

### unpickle_list ###
Mean +- std dev: 6.21 us +- 0.08 us

### unpickle_pure_python ###
Mean +- std dev: 316 us +- 3 us

### xml_etree_parse ###
Mean +- std dev: 195 ms +- 3 ms

### xml_etree_iterparse ###
Mean +- std dev: 129 ms +- 2 ms

### xml_etree_generate ###
Mean +- std dev: 111 ms +- 2 ms

### xml_etree_process ###
Mean +- std dev: 76.1 ms +- 0.9 ms

CONTAINER ID   IMAGE           COMMAND              CREATED             STATUS                              PORTS     NAMES
5685087f7279   python:3.11.6   "sh run.sh 3.11.6"   About an hour ago   Exited (0) Less than a second ago             t3.11.6
t3.11.6
CONTAINER ID   IMAGE     COMMAND   CREATED   STATUS    PORTS     NAMES
Total reclaimed space: 0B

real    72m49.727s
user    0m0.654s
sys     0m0.845s