Performance version: 1.10.0
Report on Linux-5.15.0-88-generic-x86_64-with-glibc2.36
Number of logical CPUs: 2
Start date: 2023-12-31 05:14:05.326900
End date: 2023-12-31 06:19:26.644693

### 2to3 ###
Mean +- std dev: 352 ms +- 3 ms

### async_generators ###
Mean +- std dev: 411 ms +- 5 ms

### async_tree_none ###
Mean +- std dev: 686 ms +- 14 ms

### async_tree_cpu_io_mixed ###
Mean +- std dev: 988 ms +- 8 ms

### async_tree_cpu_io_mixed_tg ###
Mean +- std dev: 964 ms +- 24 ms

### async_tree_io ###
Mean +- std dev: 1.63 sec +- 0.04 sec

### async_tree_io_tg ###
Mean +- std dev: 1.58 sec +- 0.01 sec

### async_tree_memoization ###
Mean +- std dev: 839 ms +- 15 ms

### async_tree_memoization_tg ###
Mean +- std dev: 803 ms +- 30 ms

### async_tree_none_tg ###
Mean +- std dev: 597 ms +- 8 ms

### asyncio_tcp ###
Mean +- std dev: 1.13 sec +- 0.01 sec

### asyncio_tcp_ssl ###
Mean +- std dev: 4.37 sec +- 0.02 sec

### asyncio_websockets ###
Mean +- std dev: 650 ms +- 8 ms

### chameleon ###
Mean +- std dev: 8.93 ms +- 0.08 ms

### chaos ###
Mean +- std dev: 89.7 ms +- 0.6 ms

### comprehensions ###
Mean +- std dev: 29.5 us +- 0.2 us

### bench_mp_pool ###
Mean +- std dev: 21.2 ms +- 2.2 ms

### bench_thread_pool ###
Mean +- std dev: 1.38 ms +- 0.01 ms

### coroutines ###
Mean +- std dev: 34.4 ms +- 0.3 ms

### coverage ###
Mean +- std dev: 73.8 ms +- 1.4 ms

### crypto_pyaes ###
Mean +- std dev: 95.9 ms +- 0.9 ms

### dask ###
Mean +- std dev: 668 ms +- 11 ms

### deepcopy ###
Mean +- std dev: 467 us +- 5 us

### deepcopy_reduce ###
Mean +- std dev: 4.19 us +- 0.05 us

### deepcopy_memo ###
Mean +- std dev: 45.3 us +- 0.5 us

### deltablue ###
Mean +- std dev: 5.25 ms +- 0.05 ms

### django_template ###
Mean +- std dev: 49.7 ms +- 0.4 ms

### docutils ###
Mean +- std dev: 3.26 sec +- 0.03 sec

### dulwich_log ###
Mean +- std dev: 90.9 ms +- 0.5 ms

### fannkuch ###
Mean +- std dev: 480 ms +- 4 ms

### float ###
Mean +- std dev: 97.3 ms +- 1.4 ms

### create_gc_cycles ###
Mean +- std dev: 1.72 ms +- 0.01 ms

### gc_traversal ###
Mean +- std dev: 4.13 ms +- 0.01 ms

### generators ###
Mean +- std dev: 70.8 ms +- 0.5 ms

### genshi_text ###
Mean +- std dev: 29.3 ms +- 0.4 ms

### genshi_xml ###
Mean +- std dev: 68.8 ms +- 1.0 ms

### go ###
Mean +- std dev: 184 ms +- 2 ms

### hexiom ###
Mean +- std dev: 8.37 ms +- 0.08 ms

### html5lib ###
Mean +- std dev: 80.4 ms +- 3.8 ms

### json_dumps ###
Mean +- std dev: 15.9 ms +- 0.3 ms

### json_loads ###
Mean +- std dev: 33.1 us +- 0.5 us

### logging_format ###
Mean +- std dev: 10.3 us +- 0.2 us

### logging_silent ###
Mean +- std dev: 136 ns +- 1 ns

### logging_simple ###
Mean +- std dev: 9.15 us +- 0.12 us

### mako ###
Mean +- std dev: 13.4 ms +- 0.1 ms

### mdp ###
Mean +- std dev: 3.75 sec +- 0.03 sec

### meteor_contest ###
Mean +- std dev: 128 ms +- 1 ms

### nbody ###
Mean +- std dev: 110 ms +- 2 ms

### nqueens ###
Mean +- std dev: 113 ms +- 1 ms

### pathlib ###
Mean +- std dev: 30.2 ms +- 0.3 ms

### pickle ###
Mean +- std dev: 12.5 us +- 0.2 us

### pickle_dict ###
Mean +- std dev: 33.3 us +- 0.2 us

### pickle_list ###
Mean +- std dev: 5.16 us +- 0.08 us

### pickle_pure_python ###
Mean +- std dev: 414 us +- 4 us

### pidigits ###
Mean +- std dev: 233 ms +- 0 ms

### pprint_safe_repr ###
Mean +- std dev: 992 ms +- 11 ms

### pprint_pformat ###
Mean +- std dev: 2.07 sec +- 0.02 sec

### pyflate ###
Mean +- std dev: 540 ms +- 8 ms

### python_startup ###
Mean +- std dev: 11.3 ms +- 0.2 ms

### python_startup_no_site ###
Mean +- std dev: 8.27 ms +- 0.13 ms

### raytrace ###
Mean +- std dev: 410 ms +- 3 ms

### regex_compile ###
Mean +- std dev: 178 ms +- 1 ms

### regex_dna ###
Mean +- std dev: 204 ms +- 1 ms

### regex_effbot ###
Mean +- std dev: 3.36 ms +- 0.05 ms

### regex_v8 ###
Mean +- std dev: 25.3 ms +- 0.2 ms

### richards ###
Mean +- std dev: 63.2 ms +- 1.3 ms

### richards_super ###
Mean +- std dev: 78.6 ms +- 1.5 ms

### scimark_fft ###
Mean +- std dev: 424 ms +- 4 ms

### scimark_lu ###
Mean +- std dev: 147 ms +- 4 ms

### scimark_monte_carlo ###
Mean +- std dev: 88.4 ms +- 0.9 ms

### scimark_sor ###
Mean +- std dev: 153 ms +- 3 ms

### scimark_sparse_mat_mult ###
Mean +- std dev: 5.73 ms +- 0.34 ms

### spectral_norm ###
Mean +- std dev: 132 ms +- 2 ms

### sqlalchemy_declarative ###
Mean +- std dev: 181 ms +- 6 ms

### sqlalchemy_imperative ###
Mean +- std dev: 24.5 ms +- 0.2 ms

### sqlglot_parse ###
Mean +- std dev: 1.93 ms +- 0.05 ms

### sqlglot_transpile ###
Mean +- std dev: 2.33 ms +- 0.04 ms

### sqlglot_optimize ###
Mean +- std dev: 75.6 ms +- 0.5 ms

### sqlglot_normalize ###
Mean +- std dev: 157 ms +- 2 ms

### sqlite_synth ###
Mean +- std dev: 3.23 us +- 0.06 us

### sympy_expand ###
Mean +- std dev: 652 ms +- 4 ms

### sympy_integrate ###
Mean +- std dev: 26.9 ms +- 0.2 ms

### sympy_sum ###
Mean +- std dev: 222 ms +- 2 ms

### sympy_str ###
Mean +- std dev: 391 ms +- 2 ms

### telco ###
Mean +- std dev: 8.62 ms +- 0.19 ms

### tomli_loads ###
Mean +- std dev: 2.88 sec +- 0.04 sec

### tornado_http ###
Mean +- std dev: 151 ms +- 6 ms

### typing_runtime_protocols ###
Mean +- std dev: 711 us +- 7 us

### unpack_sequence ###
Mean +- std dev: 52.3 ns +- 1.0 ns

### unpickle ###
Mean +- std dev: 18.3 us +- 0.7 us

### unpickle_list ###
Mean +- std dev: 6.27 us +- 0.05 us

### unpickle_pure_python ###
Mean +- std dev: 322 us +- 37 us

### xml_etree_parse ###
Mean +- std dev: 195 ms +- 4 ms

### xml_etree_iterparse ###
Mean +- std dev: 129 ms +- 2 ms

### xml_etree_generate ###
Mean +- std dev: 110 ms +- 2 ms

### xml_etree_process ###
Mean +- std dev: 77.1 ms +- 1.1 ms

CONTAINER ID   IMAGE           COMMAND              CREATED             STATUS                              PORTS     NAMES
e896d69f7850   python:3.11.7   "sh run.sh 3.11.7"   About an hour ago   Exited (0) Less than a second ago             t3.11.7
t3.11.7
CONTAINER ID   IMAGE     COMMAND   CREATED   STATUS    PORTS     NAMES
Total reclaimed space: 0B

real    72m33.725s
user    0m0.678s
sys     0m0.828s