Performance version: 1.10.0
Report on Linux-5.15.0-88-generic-x86_64-with-glibc2.36
Number of logical CPUs: 2
Start date: 2023-12-28 16:01:20.759975
End date: 2023-12-28 17:12:06.910138

### 2to3 ###
Mean +- std dev: 467 ms +- 3 ms

### async_generators ###
Mean +- std dev: 522 ms +- 6 ms

### async_tree_none ###
Mean +- std dev: 983 ms +- 49 ms

### async_tree_cpu_io_mixed ###
Mean +- std dev: 1.36 sec +- 0.05 sec

### async_tree_io ###
Mean +- std dev: 2.35 sec +- 0.03 sec

### async_tree_memoization ###
Mean +- std dev: 1.15 sec +- 0.02 sec

### asyncio_tcp ###
Mean +- std dev: 1.21 sec +- 0.01 sec

### asyncio_tcp_ssl ###
Mean +- std dev: 4.27 sec +- 0.41 sec

### asyncio_websockets ###
Mean +- std dev: 660 ms +- 3 ms

### chameleon ###
Mean +- std dev: 12.5 ms +- 0.1 ms

### chaos ###
Mean +- std dev: 149 ms +- 1 ms

### comprehensions ###
Mean +- std dev: 37.8 us +- 0.2 us

### bench_mp_pool ###
Mean +- std dev: 19.0 ms +- 1.4 ms

### bench_thread_pool ###
Mean +- std dev: 1.61 ms +- 0.02 ms

### coroutines ###
Mean +- std dev: 43.3 ms +- 0.5 ms

### coverage ###
Mean +- std dev: 68.8 ms +- 3.2 ms

### crypto_pyaes ###
Mean +- std dev: 157 ms +- 1 ms

### dask ###
Mean +- std dev: 840 ms +- 11 ms

### deepcopy ###
Mean +- std dev: 626 us +- 4 us

### deepcopy_reduce ###
Mean +- std dev: 5.63 us +- 0.05 us

### deepcopy_memo ###
Mean +- std dev: 69.5 us +- 0.4 us

### deltablue ###
Mean +- std dev: 11.4 ms +- 0.2 ms

### django_template ###
Mean +- std dev: 71.7 ms +- 0.5 ms

### docutils ###
Mean +- std dev: 4.19 sec +- 0.02 sec

### dulwich_log ###
Mean +- std dev: 109 ms +- 1 ms

### fannkuch ###
Mean +- std dev: 626 ms +- 6 ms

### float ###
Mean +- std dev: 150 ms +- 2 ms

### create_gc_cycles ###
Mean +- std dev: 1.94 ms +- 0.01 ms

### gc_traversal ###
Mean +- std dev: 4.27 ms +- 0.01 ms

### generators ###
Mean +- std dev: 80.3 ms +- 0.7 ms

### genshi_text ###
Mean +- std dev: 41.7 ms +- 0.4 ms

### genshi_xml ###
Mean +- std dev: 86.1 ms +- 1.5 ms

### go ###
Mean +- std dev: 318 ms +- 3 ms

### hexiom ###
Mean +- std dev: 13.6 ms +- 0.1 ms

### html5lib ###
Mean +- std dev: 113 ms +- 6 ms

### json_dumps ###
Mean +- std dev: 17.4 ms +- 0.3 ms

### json_loads ###
Mean +- std dev: 33.6 us +- 0.4 us

### logging_format ###
Mean +- std dev: 14.1 us +- 0.2 us

### logging_silent ###
Mean +- std dev: 265 ns +- 9 ns

### logging_simple ###
Mean +- std dev: 13.1 us +- 0.1 us

### mako ###
Mean +- std dev: 21.9 ms +- 0.2 ms

### mdp ###
Mean +- std dev: 4.21 sec +- 0.02 sec

### meteor_contest ###
Mean +- std dev: 143 ms +- 1 ms

### nbody ###
Mean +- std dev: 184 ms +- 2 ms

### nqueens ###
Mean +- std dev: 137 ms +- 1 ms

### pathlib ###
Mean +- std dev: 33.8 ms +- 0.3 ms

### pickle ###
Mean +- std dev: 13.2 us +- 0.2 us

### pickle_dict ###
Mean +- std dev: 32.3 us +- 0.2 us

### pickle_list ###
Mean +- std dev: 5.25 us +- 0.05 us

### pickle_pure_python ###
Mean +- std dev: 648 us +- 9 us

### pidigits ###
Mean +- std dev: 236 ms +- 1 ms

### pprint_safe_repr ###
Mean +- std dev: 1.40 sec +- 0.01 sec

### pprint_pformat ###
Mean +- std dev: 2.89 sec +- 0.02 sec

### pyflate ###
Mean +- std dev: 944 ms +- 8 ms

### python_startup ###
Mean +- std dev: 12.5 ms +- 0.2 ms

### python_startup_no_site ###
Mean +- std dev: 7.88 ms +- 0.12 ms

### raytrace ###
Mean +- std dev: 726 ms +- 5 ms

### regex_compile ###
Mean +- std dev: 238 ms +- 1 ms

### regex_dna ###
Mean +- std dev: 218 ms +- 2 ms

### regex_effbot ###
Mean +- std dev: 3.53 ms +- 0.03 ms

### regex_v8 ###
Mean +- std dev: 29.7 ms +- 0.2 ms

### richards ###
Mean +- std dev: 119 ms +- 2 ms

### richards_super ###
Mean +- std dev: 143 ms +- 3 ms

### scimark_fft ###
Mean +- std dev: 526 ms +- 4 ms

### scimark_lu ###
Mean +- std dev: 228 ms +- 3 ms

### scimark_monte_carlo ###
Mean +- std dev: 143 ms +- 1 ms

### scimark_sor ###
Mean +- std dev: 280 ms +- 3 ms

### scimark_sparse_mat_mult ###
Mean +- std dev: 6.70 ms +- 0.09 ms

### spectral_norm ###
Mean +- std dev: 204 ms +- 2 ms

### sqlalchemy_declarative ###
Mean +- std dev: 221 ms +- 5 ms

### sqlalchemy_imperative ###
Mean +- std dev: 30.5 ms +- 1.4 ms

### sqlglot_parse ###
Mean +- std dev: 3.03 ms +- 0.05 ms

### sqlglot_transpile ###
Mean +- std dev: 3.53 ms +- 0.03 ms

### sqlglot_optimize ###
Mean +- std dev: 96.5 ms +- 0.5 ms

### sqlglot_normalize ###
Mean +- std dev: 204 ms +- 1 ms

### sqlite_synth ###
Mean +- std dev: 3.90 us +- 0.06 us

### sympy_expand ###
Mean +- std dev: 742 ms +- 5 ms

### sympy_integrate ###
Mean +- std dev: 32.7 ms +- 0.3 ms

### sympy_sum ###
Mean +- std dev: 253 ms +- 2 ms

### sympy_str ###
Mean +- std dev: 452 ms +- 3 ms

### telco ###
Mean +- std dev: 8.89 ms +- 0.15 ms

### tomli_loads ###
Mean +- std dev: 3.91 sec +- 0.06 sec

### tornado_http ###
Mean +- std dev: 201 ms +- 5 ms

### typing_runtime_protocols ###
Mean +- std dev: 731 us +- 5 us

### unpack_sequence ###
Mean +- std dev: 71.3 ns +- 1.1 ns

### unpickle ###
Mean +- std dev: 18.6 us +- 0.3 us

### unpickle_list ###
Mean +- std dev: 6.59 us +- 0.10 us

### unpickle_pure_python ###
Mean +- std dev: 444 us +- 7 us

### xml_etree_parse ###
Mean +- std dev: 202 ms +- 3 ms

### xml_etree_iterparse ###
Mean +- std dev: 144 ms +- 2 ms

### xml_etree_generate ###
Mean +- std dev: 132 ms +- 2 ms

### xml_etree_process ###
Mean +- std dev: 107 ms +- 2 ms

CONTAINER ID   IMAGE           COMMAND              CREATED             STATUS                              PORTS     NAMES
c4aab16f980a   python:3.10.3   "sh run.sh 3.10.3"   About an hour ago   Exited (0) Less than a second ago             t3.10.3
t3.10.3
CONTAINER ID   IMAGE     COMMAND   CREATED   STATUS    PORTS     NAMES
Total reclaimed space: 0B

real    77m52.582s
user    0m0.654s
sys     0m0.769s