Performance version: 1.10.0
Report on Linux-5.15.0-88-generic-x86_64-with-glibc2.36
Number of logical CPUs: 2
Start date: 2023-12-27 08:17:37.513829
End date: 2023-12-27 09:24:22.934407

### 2to3 ###
Mean +- std dev: 460 ms +- 3 ms

### async_generators ###
Mean +- std dev: 530 ms +- 4 ms

### async_tree_none ###
Mean +- std dev: 979 ms +- 42 ms

### async_tree_cpu_io_mixed ###
Mean +- std dev: 1.36 sec +- 0.04 sec

### async_tree_io ###
Mean +- std dev: 2.38 sec +- 0.02 sec

### async_tree_memoization ###
Mean +- std dev: 1.17 sec +- 0.03 sec

### asyncio_tcp ###
Mean +- std dev: 1.19 sec +- 0.02 sec

### asyncio_tcp_ssl ###
Mean +- std dev: 4.20 sec +- 0.51 sec

### asyncio_websockets ###
Mean +- std dev: 632 ms +- 2 ms

### chameleon ###
Mean +- std dev: 13.5 ms +- 0.2 ms

### chaos ###
Mean +- std dev: 164 ms +- 1 ms

### comprehensions ###
Mean +- std dev: 37.7 us +- 0.2 us

### bench_mp_pool ###
Mean +- std dev: 19.1 ms +- 1.6 ms

### bench_thread_pool ###
Mean +- std dev: 1.56 ms +- 0.01 ms

### coroutines ###
Mean +- std dev: 57.5 ms +- 0.6 ms

### coverage ###
Mean +- std dev: 50.4 ms +- 0.4 ms

### crypto_pyaes ###
Mean +- std dev: 154 ms +- 1 ms

### dask ###
Mean +- std dev: 867 ms +- 12 ms

### deepcopy ###
Mean +- std dev: 620 us +- 5 us

### deepcopy_reduce ###
Mean +- std dev: 5.55 us +- 0.04 us

### deepcopy_memo ###
Mean +- std dev: 70.4 us +- 0.4 us

### deltablue ###
Mean +- std dev: 11.1 ms +- 0.2 ms

### django_template ###
Mean +- std dev: 75.5 ms +- 0.6 ms

### docutils ###
Mean +- std dev: 3.96 sec +- 0.02 sec

### dulwich_log ###
Mean +- std dev: 113 ms +- 1 ms

### fannkuch ###
Mean +- std dev: 624 ms +- 4 ms

### float ###
Mean +- std dev: 169 ms +- 2 ms

### create_gc_cycles ###
Mean +- std dev: 1.77 ms +- 0.00 ms

### gc_traversal ###
Mean +- std dev: 3.96 ms +- 0.01 ms

### generators ###
Mean +- std dev: 85.0 ms +- 0.7 ms

### genshi_text ###
Mean +- std dev: 43.2 ms +- 0.3 ms

### genshi_xml ###
Mean +- std dev: 88.0 ms +- 1.3 ms

### go ###
Mean +- std dev: 366 ms +- 2 ms

### hexiom ###
Mean +- std dev: 14.0 ms +- 0.1 ms

### html5lib ###
Mean +- std dev: 119 ms +- 6 ms

### json_dumps ###
Mean +- std dev: 17.7 ms +- 0.2 ms

### json_loads ###
Mean +- std dev: 32.6 us +- 0.3 us

### logging_format ###
Mean +- std dev: 14.0 us +- 0.2 us

### logging_silent ###
Mean +- std dev: 284 ns +- 6 ns

### logging_simple ###
Mean +- std dev: 12.8 us +- 0.2 us

### mako ###
Mean +- std dev: 23.2 ms +- 0.2 ms

### mdp ###
Mean +- std dev: 4.11 sec +- 0.02 sec

### meteor_contest ###
Mean +- std dev: 139 ms +- 1 ms

### nbody ###
Mean +- std dev: 192 ms +- 1 ms

### nqueens ###
Mean +- std dev: 134 ms +- 3 ms

### pathlib ###
Mean +- std dev: 32.1 ms +- 0.2 ms

### pickle ###
Mean +- std dev: 14.3 us +- 0.2 us

### pickle_dict ###
Mean +- std dev: 34.8 us +- 0.2 us

### pickle_list ###
Mean +- std dev: 5.27 us +- 0.06 us

### pickle_pure_python ###
Mean +- std dev: 674 us +- 8 us

### pidigits ###
Mean +- std dev: 235 ms +- 0 ms

### pprint_pformat ###
Mean +- std dev: 2.11 sec +- 0.02 sec

### pyflate ###
Mean +- std dev: 960 ms +- 15 ms

### python_startup ###
Mean +- std dev: 12.5 ms +- 0.2 ms

### python_startup_no_site ###
Mean +- std dev: 8.07 ms +- 0.13 ms

### raytrace ###
Mean +- std dev: 780 ms +- 5 ms

### regex_compile ###
Mean +- std dev: 238 ms +- 1 ms

### regex_dna ###
Mean +- std dev: 225 ms +- 13 ms

### regex_effbot ###
Mean +- std dev: 3.41 ms +- 0.02 ms

### regex_v8 ###
Mean +- std dev: 29.1 ms +- 0.7 ms

### richards ###
Mean +- std dev: 109 ms +- 3 ms

### richards_super ###
Mean +- std dev: 128 ms +- 2 ms

### scimark_fft ###
Mean +- std dev: 513 ms +- 3 ms

### scimark_lu ###
Mean +- std dev: 220 ms +- 2 ms

### scimark_monte_carlo ###
Mean +- std dev: 151 ms +- 4 ms

### scimark_sor ###
Mean +- std dev: 281 ms +- 3 ms

### scimark_sparse_mat_mult ###
Mean +- std dev: 6.50 ms +- 0.07 ms

### spectral_norm ###
Mean +- std dev: 191 ms +- 1 ms

### sqlalchemy_declarative ###
Mean +- std dev: 220 ms +- 5 ms

### sqlalchemy_imperative ###
Mean +- std dev: 31.2 ms +- 1.2 ms

### sqlglot_parse ###
Mean +- std dev: 3.20 ms +- 0.02 ms

### sqlglot_transpile ###
Mean +- std dev: 3.69 ms +- 0.02 ms

### sqlglot_optimize ###
Mean +- std dev: 92.3 ms +- 0.8 ms

### sqlglot_normalize ###
Mean +- std dev: 196 ms +- 2 ms

### sqlite_synth ###
Mean +- std dev: 4.42 us +- 0.11 us

### sympy_expand ###
Mean +- std dev: 742 ms +- 4 ms

### sympy_integrate ###
Mean +- std dev: 31.9 ms +- 0.2 ms

### sympy_sum ###
Mean +- std dev: 250 ms +- 2 ms

### sympy_str ###
Mean +- std dev: 445 ms +- 4 ms

### telco ###
Mean +- std dev: 8.91 ms +- 0.11 ms

### tomli_loads ###
Mean +- std dev: 3.66 sec +- 0.03 sec

### tornado_http ###
Mean +- std dev: 203 ms +- 7 ms

### typing_runtime_protocols ###
Mean +- std dev: 724 us +- 8 us

### unpack_sequence ###
Mean +- std dev: 66.8 ns +- 0.8 ns

### unpickle ###
Mean +- std dev: 19.1 us +- 0.8 us

### unpickle_list ###
Mean +- std dev: 6.42 us +- 0.06 us

### unpickle_pure_python ###
Mean +- std dev: 459 us +- 5 us

### xml_etree_parse ###
Mean +- std dev: 200 ms +- 4 ms

### xml_etree_iterparse ###
Mean +- std dev: 136 ms +- 2 ms

### xml_etree_generate ###
Mean +- std dev: 132 ms +- 2 ms

### xml_etree_process ###
Mean +- std dev: 104 ms +- 1 ms

CONTAINER ID   IMAGE           COMMAND              CREATED             STATUS                              PORTS     NAMES
b7d41892d5c8   python:3.9.15   "sh run.sh 3.9.15"   About an hour ago   Exited (0) Less than a second ago             t3.9.15
t3.9.15
CONTAINER ID   IMAGE     COMMAND   CREATED   STATUS    PORTS     NAMES
Total reclaimed space: 0B

real    73m33.480s
user    0m0.624s
sys     0m0.760s