Performance version: 1.0.9
Report on Linux-5.15.49-linuxkit-pr-aarch64-with-glibc2.36
Number of logical CPUs: 4
Start date: 2023-08-27 18:30:14.309509
End date: 2023-08-27 19:19:40.766978

### 2to3 ###
Mean +- std dev: 241 ms +- 18 ms

### async_generators ###
Mean +- std dev: 273 ms +- 13 ms

### async_tree_none ###
Mean +- std dev: 558 ms +- 40 ms

### async_tree_cpu_io_mixed ###
Mean +- std dev: 832 ms +- 124 ms

### async_tree_io ###
Mean +- std dev: 1.45 sec +- 0.08 sec

### async_tree_memoization ###
Mean +- std dev: 652 ms +- 38 ms

### asyncio_tcp ###
Mean +- std dev: 780 ms +- 20 ms

### asyncio_tcp_ssl ###
Mean +- std dev: 2.84 sec +- 0.48 sec

### chameleon ###
Mean +- std dev: 6.43 ms +- 0.11 ms

### chaos ###
Mean +- std dev: 75.6 ms +- 2.9 ms

### comprehensions ###
Mean +- std dev: 19.3 us +- 0.3 us

### bench_mp_pool ###
Mean +- std dev: 7.74 ms +- 0.91 ms

### bench_thread_pool ###
Mean +- std dev: 1.13 ms +- 0.03 ms

### coroutines ###
Mean +- std dev: 22.5 ms +- 0.5 ms

### coverage ###
Mean +- std dev: 43.6 ms +- 0.8 ms

### crypto_pyaes ###
Mean +- std dev: 90.4 ms +- 5.5 ms

### dask ###
Mean +- std dev: 456 ms +- 26 ms

### deepcopy ###
Mean +- std dev: 307 us +- 17 us

### deepcopy_reduce ###
Mean +- std dev: 2.65 us +- 0.06 us

### deepcopy_memo ###
Mean +- std dev: 36.7 us +- 1.0 us

### deltablue ###
Mean +- std dev: 5.41 ms +- 0.17 ms

### django_template ###
Mean +- std dev: 32.4 ms +- 0.9 ms

### docutils ###
Mean +- std dev: 2.16 sec +- 0.07 sec

### dulwich_log ###
Mean +- std dev: 49.3 ms +- 2.5 ms

### fannkuch ###
Mean +- std dev: 336 ms +- 7 ms

### float ###
Mean +- std dev: 92.9 ms +- 3.0 ms

### create_gc_cycles ###
Mean +- std dev: 987 us +- 35 us

### gc_traversal ###
Mean +- std dev: 2.85 ms +- 0.06 ms

### generators ###
Mean +- std dev: 31.6 ms +- 0.6 ms

### genshi_text ###
Mean +- std dev: 19.5 ms +- 0.8 ms

### genshi_xml ###
Mean +- std dev: 40.5 ms +- 1.6 ms

### go ###
Mean +- std dev: 171 ms +- 4 ms

### hexiom ###
Mean +- std dev: 6.84 ms +- 0.15 ms

### html5lib ###
Mean +- std dev: 51.2 ms +- 3.4 ms

### json_dumps ###
Mean +- std dev: 11.6 ms +- 0.2 ms

### json_loads ###
Mean +- std dev: 26.5 us +- 0.8 us

### logging_format ###
Mean +- std dev: 6.59 us +- 0.24 us

### logging_silent ###
Mean +- std dev: 136 ns +- 3 ns

### logging_simple ###
Mean +- std dev: 6.08 us +- 0.24 us

### mako ###
Mean +- std dev: 11.8 ms +- 0.3 ms

### mdp ###
Mean +- std dev: 2.68 sec +- 0.03 sec

### meteor_contest ###
Mean +- std dev: 83.6 ms +- 2.1 ms

### nbody ###
Mean +- std dev: 94.2 ms +- 2.5 ms

### nqueens ###
Mean +- std dev: 72.0 ms +- 1.4 ms

### pathlib ###
Mean +- std dev: 18.3 ms +- 0.6 ms

### pickle ###
Mean +- std dev: 8.89 us +- 0.15 us

### pickle_dict ###
Mean +- std dev: 24.6 us +- 1.4 us

### pickle_list ###
Mean +- std dev: 3.80 us +- 0.11 us

### pickle_pure_python ###
Mean +- std dev: 342 us +- 13 us

### pidigits ###
Mean +- std dev: 214 ms +- 3 ms

### pprint_safe_repr ###
Mean +- std dev: 715 ms +- 14 ms

### pprint_pformat ###
Mean +- std dev: 1.48 sec +- 0.04 sec

### pyflate ###
Mean +- std dev: 500 ms +- 20 ms

### python_startup ###
Mean +- std dev: 13.7 ms +- 1.1 ms

### python_startup_no_site ###
Mean +- std dev: 7.40 ms +- 0.52 ms

### raytrace ###
Mean +- std dev: 365 ms +- 8 ms

### regex_compile ###
Mean +- std dev: 108 ms +- 3 ms

### regex_dna ###
Mean +- std dev: 166 ms +- 6 ms

### regex_effbot ###
Mean +- std dev: 2.52 ms +- 0.68 ms

### regex_v8 ###
Mean +- std dev: 21.2 ms +- 1.3 ms

### richards ###
Mean +- std dev: 56.7 ms +- 1.6 ms

### richards_super ###
Mean +- std dev: 66.8 ms +- 2.5 ms

### scimark_fft ###
Mean +- std dev: 447 ms +- 12 ms

### scimark_lu ###
Mean +- std dev: 158 ms +- 6 ms

### scimark_monte_carlo ###
Mean +- std dev: 95.3 ms +- 3.9 ms

### scimark_sor ###
Mean +- std dev: 162 ms +- 9 ms

### scimark_sparse_mat_mult ###
Mean +- std dev: 8.79 ms +- 0.25 ms

### spectral_norm ###
Mean +- std dev: 103 ms +- 2 ms

### sqlalchemy_declarative ###
Mean +- std dev: 94.7 ms +- 3.1 ms

### sqlalchemy_imperative ###
Mean +- std dev: 12.0 ms +- 0.5 ms

### sqlglot_parse ###
Mean +- std dev: 1.48 ms +- 0.07 ms

### sqlglot_transpile ###
Mean +- std dev: 1.75 ms +- 0.14 ms

### sqlglot_optimize ###
Mean +- std dev: 45.5 ms +- 1.0 ms

### sqlglot_normalize ###
Mean +- std dev: 237 ms +- 4 ms

### sqlite_synth ###
Mean +- std dev: 3.16 us +- 0.11 us

### sympy_expand ###
Mean +- std dev: 328 ms +- 6 ms

### sympy_integrate ###
Mean +- std dev: 16.1 ms +- 0.7 ms

### sympy_sum ###
Mean +- std dev: 123 ms +- 7 ms

### sympy_str ###
Mean +- std dev: 203 ms +- 7 ms

### telco ###
Mean +- std dev: 7.18 ms +- 0.21 ms

### tomli_loads ###
Mean +- std dev: 1.97 sec +- 0.05 sec

### tornado_http ###
Mean +- std dev: 100.0 ms +- 6.9 ms

### typing_runtime_protocols ###
Mean +- std dev: 382 us +- 7 us

### unpack_sequence ###
Mean +- std dev: 37.6 ns +- 0.5 ns

### unpickle ###
Mean +- std dev: 12.0 us +- 0.4 us

### unpickle_list ###
Mean +- std dev: 5.23 us +- 0.15 us

### unpickle_pure_python ###
Mean +- std dev: 232 us +- 10 us

### xml_etree_parse ###
Mean +- std dev: 173 ms +- 3 ms

### xml_etree_iterparse ###
Mean +- std dev: 104 ms +- 3 ms

### xml_etree_generate ###
Mean +- std dev: 84.8 ms +- 4.8 ms

### xml_etree_process ###
Mean +- std dev: 64.9 ms +- 1.2 ms

CONTAINER ID   IMAGE            COMMAND               CREATED          STATUS                              PORTS     NAMES
39a7997c00af   python:3.10.13   "sh run.sh 3.10.13"   58 minutes ago   Exited (0) Less than a second ago             t3.10.13
t3.10.13
CONTAINER ID   IMAGE     COMMAND   CREATED   STATUS    PORTS     NAMES
Deleted build cache objects:
0tsbou3dto6imzy2i6ik6dmzw
8ydjur3j3krnbrvrwmb4oomyi
efbk0rriv1mr6v0r6wb453sm6

Total reclaimed space: 1.2kB