Performance version: 1.10.0
Report on Linux-5.15.0-88-generic-x86_64-with-glibc2.36
Number of logical CPUs: 2
Start date: 2023-12-27 12:33:34.006288
End date: 2023-12-27 13:40:27.828974

### 2to3 ###
Mean +- std dev: 462 ms +- 4 ms

### async_generators ###
Mean +- std dev: 526 ms +- 4 ms

### async_tree_none ###
Mean +- std dev: 981 ms +- 44 ms

### async_tree_cpu_io_mixed ###
Mean +- std dev: 1.36 sec +- 0.04 sec

### async_tree_io ###
Mean +- std dev: 2.38 sec +- 0.02 sec

### async_tree_memoization ###
Mean +- std dev: 1.17 sec +- 0.03 sec

### asyncio_tcp ###
Mean +- std dev: 1.19 sec +- 0.02 sec

### asyncio_tcp_ssl ###
Mean +- std dev: 4.25 sec +- 0.45 sec

### asyncio_websockets ###
Mean +- std dev: 632 ms +- 2 ms

### chameleon ###
Mean +- std dev: 13.6 ms +- 0.2 ms

### chaos ###
Mean +- std dev: 166 ms +- 1 ms

### comprehensions ###
Mean +- std dev: 37.6 us +- 0.2 us

### bench_mp_pool ###
Mean +- std dev: 19.1 ms +- 1.7 ms

### bench_thread_pool ###
Mean +- std dev: 1.55 ms +- 0.01 ms

### coroutines ###
Mean +- std dev: 56.9 ms +- 0.3 ms

### coverage ###
Mean +- std dev: 50.4 ms +- 0.5 ms

### crypto_pyaes ###
Mean +- std dev: 155 ms +- 1 ms

### dask ###
Mean +- std dev: 872 ms +- 11 ms

### deepcopy ###
Mean +- std dev: 621 us +- 5 us

### deepcopy_reduce ###
Mean +- std dev: 5.53 us +- 0.05 us

### deepcopy_memo ###
Mean +- std dev: 71.2 us +- 0.4 us

### deltablue ###
Mean +- std dev: 11.0 ms +- 0.2 ms

### django_template ###
Mean +- std dev: 75.4 ms +- 0.8 ms

### docutils ###
Mean +- std dev: 3.98 sec +- 0.02 sec

### dulwich_log ###
Mean +- std dev: 112 ms +- 1 ms

### fannkuch ###
Mean +- std dev: 623 ms +- 4 ms

### float ###
Mean +- std dev: 170 ms +- 2 ms

### create_gc_cycles ###
Mean +- std dev: 1.77 ms +- 0.00 ms

### gc_traversal ###
Mean +- std dev: 3.91 ms +- 0.01 ms

### generators ###
Mean +- std dev: 85.2 ms +- 0.6 ms

### genshi_text ###
Mean +- std dev: 43.2 ms +- 0.4 ms

### genshi_xml ###
Mean +- std dev: 88.8 ms +- 2.6 ms

### go ###
Mean +- std dev: 368 ms +- 3 ms

### hexiom ###
Mean +- std dev: 14.0 ms +- 0.1 ms

### html5lib ###
Mean +- std dev: 121 ms +- 7 ms

### json_dumps ###
Mean +- std dev: 17.6 ms +- 0.2 ms

### json_loads ###
Mean +- std dev: 33.4 us +- 2.5 us

### logging_format ###
Mean +- std dev: 14.1 us +- 0.2 us

### logging_silent ###
Mean +- std dev: 282 ns +- 3 ns

### logging_simple ###
Mean +- std dev: 12.9 us +- 0.2 us

### mako ###
Mean +- std dev: 23.3 ms +- 0.2 ms

### mdp ###
Mean +- std dev: 4.13 sec +- 0.02 sec

### meteor_contest ###
Mean +- std dev: 139 ms +- 1 ms

### nbody ###
Mean +- std dev: 190 ms +- 1 ms

### nqueens ###
Mean +- std dev: 135 ms +- 1 ms

### pathlib ###
Mean +- std dev: 32.4 ms +- 0.5 ms

### pickle ###
Mean +- std dev: 14.4 us +- 0.2 us

### pickle_dict ###
Mean +- std dev: 34.8 us +- 0.3 us

### pickle_list ###
Mean +- std dev: 5.27 us +- 0.05 us

### pickle_pure_python ###
Mean +- std dev: 681 us +- 5 us

### pidigits ###
Mean +- std dev: 235 ms +- 1 ms

### pprint_pformat ###
Mean +- std dev: 2.12 sec +- 0.02 sec

### pyflate ###
Mean +- std dev: 955 ms +- 10 ms

### python_startup ###
Mean +- std dev: 12.5 ms +- 0.2 ms

### python_startup_no_site ###
Mean +- std dev: 8.08 ms +- 0.13 ms

### raytrace ###
Mean +- std dev: 773 ms +- 5 ms

### regex_compile ###
Mean +- std dev: 239 ms +- 2 ms

### regex_dna ###
Mean +- std dev: 223 ms +- 2 ms

### regex_effbot ###
Mean +- std dev: 3.60 ms +- 0.05 ms

### regex_v8 ###
Mean +- std dev: 29.2 ms +- 0.5 ms

### richards ###
Mean +- std dev: 108 ms +- 2 ms

### richards_super ###
Mean +- std dev: 128 ms +- 2 ms

### scimark_fft ###
Mean +- std dev: 513 ms +- 4 ms

### scimark_lu ###
Mean +- std dev: 220 ms +- 3 ms

### scimark_monte_carlo ###
Mean +- std dev: 151 ms +- 4 ms

### scimark_sor ###
Mean +- std dev: 280 ms +- 5 ms

### scimark_sparse_mat_mult ###
Mean +- std dev: 6.62 ms +- 0.17 ms

### spectral_norm ###
Mean +- std dev: 190 ms +- 1 ms

### sqlalchemy_declarative ###
Mean +- std dev: 219 ms +- 5 ms

### sqlalchemy_imperative ###
Mean +- std dev: 31.3 ms +- 1.3 ms

### sqlglot_parse ###
Mean +- std dev: 3.25 ms +- 0.03 ms

### sqlglot_transpile ###
Mean +- std dev: 3.74 ms +- 0.02 ms

### sqlglot_optimize ###
Mean +- std dev: 92.4 ms +- 0.4 ms

### sqlglot_normalize ###
Mean +- std dev: 195 ms +- 1 ms

### sqlite_synth ###
Mean +- std dev: 4.42 us +- 0.13 us

### sympy_expand ###
Mean +- std dev: 746 ms +- 6 ms

### sympy_integrate ###
Mean +- std dev: 32.1 ms +- 0.3 ms

### sympy_sum ###
Mean +- std dev: 251 ms +- 2 ms

### sympy_str ###
Mean +- std dev: 448 ms +- 3 ms

### telco ###
Mean +- std dev: 9.08 ms +- 0.19 ms

### tomli_loads ###
Mean +- std dev: 3.68 sec +- 0.03 sec

### tornado_http ###
Mean +- std dev: 200 ms +- 6 ms

### typing_runtime_protocols ###
Mean +- std dev: 723 us +- 8 us

### unpack_sequence ###
Mean +- std dev: 67.1 ns +- 0.9 ns

### unpickle ###
Mean +- std dev: 18.9 us +- 0.2 us

### unpickle_list ###
Mean +- std dev: 6.38 us +- 0.10 us

### unpickle_pure_python ###
Mean +- std dev: 465 us +- 6 us

### xml_etree_parse ###
Mean +- std dev: 199 ms +- 3 ms

### xml_etree_iterparse ###
Mean +- std dev: 135 ms +- 2 ms

### xml_etree_generate ###
Mean +- std dev: 133 ms +- 2 ms

### xml_etree_process ###
Mean +- std dev: 104 ms +- 1 ms

CONTAINER ID   IMAGE           COMMAND              CREATED             STATUS                              PORTS     NAMES
a101fe0bbcbb   python:3.9.16   "sh run.sh 3.9.16"   About an hour ago   Exited (0) Less than a second ago             t3.9.16
t3.9.16
CONTAINER ID   IMAGE     COMMAND   CREATED   STATUS    PORTS     NAMES
Total reclaimed space: 0B

real    73m39.478s
user    0m0.593s
sys     0m0.721s