Performance version: 1.10.0
Report on Linux-5.15.0-88-generic-x86_64-with-glibc2.36
Number of logical CPUs: 2
Start date: 2023-12-28 17:50:49.430870
End date: 2023-12-28 19:01:23.394832

### 2to3 ###
Mean +- std dev: 465 ms +- 3 ms

### async_generators ###
Mean +- std dev: 520 ms +- 5 ms

### async_tree_none ###
Mean +- std dev: 978 ms +- 47 ms

### async_tree_cpu_io_mixed ###
Mean +- std dev: 1.34 sec +- 0.04 sec

### async_tree_io ###
Mean +- std dev: 2.33 sec +- 0.03 sec

### async_tree_memoization ###
Mean +- std dev: 1.14 sec +- 0.02 sec

### asyncio_tcp ###
Mean +- std dev: 1.19 sec +- 0.01 sec

### asyncio_tcp_ssl ###
Mean +- std dev: 4.27 sec +- 0.43 sec

### asyncio_websockets ###
Mean +- std dev: 657 ms +- 5 ms

### chameleon ###
Mean +- std dev: 12.6 ms +- 0.1 ms

### chaos ###
Mean +- std dev: 150 ms +- 1 ms

### comprehensions ###
Mean +- std dev: 37.4 us +- 0.2 us

### bench_mp_pool ###
Mean +- std dev: 18.9 ms +- 1.4 ms

### bench_thread_pool ###
Mean +- std dev: 1.61 ms +- 0.01 ms

### coroutines ###
Mean +- std dev: 43.2 ms +- 0.4 ms

### coverage ###
Mean +- std dev: 69.7 ms +- 1.0 ms

### crypto_pyaes ###
Mean +- std dev: 160 ms +- 1 ms

### dask ###
Mean +- std dev: 833 ms +- 12 ms

### deepcopy ###
Mean +- std dev: 629 us +- 5 us

### deepcopy_reduce ###
Mean +- std dev: 5.67 us +- 0.05 us

### deepcopy_memo ###
Mean +- std dev: 69.4 us +- 0.4 us

### deltablue ###
Mean +- std dev: 11.3 ms +- 0.2 ms

### django_template ###
Mean +- std dev: 71.2 ms +- 0.5 ms

### docutils ###
Mean +- std dev: 4.19 sec +- 0.02 sec

### dulwich_log ###
Mean +- std dev: 108 ms +- 1 ms

### fannkuch ###
Mean +- std dev: 627 ms +- 3 ms

### float ###
Mean +- std dev: 149 ms +- 1 ms

### create_gc_cycles ###
Mean +- std dev: 1.90 ms +- 0.01 ms

### gc_traversal ###
Mean +- std dev: 4.22 ms +- 0.01 ms

### generators ###
Mean +- std dev: 80.7 ms +- 0.5 ms

### genshi_text ###
Mean +- std dev: 42.3 ms +- 0.3 ms

### genshi_xml ###
Mean +- std dev: 86.4 ms +- 1.2 ms

### go ###
Mean +- std dev: 318 ms +- 2 ms

### hexiom ###
Mean +- std dev: 13.3 ms +- 0.1 ms

### html5lib ###
Mean +- std dev: 115 ms +- 6 ms

### json_dumps ###
Mean +- std dev: 17.4 ms +- 0.1 ms

### json_loads ###
Mean +- std dev: 33.7 us +- 0.7 us

### logging_format ###
Mean +- std dev: 14.1 us +- 0.1 us

### logging_silent ###
Mean +- std dev: 262 ns +- 6 ns

### logging_simple ###
Mean +- std dev: 12.9 us +- 0.1 us

### mako ###
Mean +- std dev: 21.9 ms +- 0.2 ms

### mdp ###
Mean +- std dev: 4.21 sec +- 0.03 sec

### meteor_contest ###
Mean +- std dev: 143 ms +- 1 ms

### nbody ###
Mean +- std dev: 184 ms +- 2 ms

### nqueens ###
Mean +- std dev: 139 ms +- 2 ms

### pathlib ###
Mean +- std dev: 33.2 ms +- 0.2 ms

### pickle ###
Mean +- std dev: 13.2 us +- 0.3 us

### pickle_dict ###
Mean +- std dev: 32.3 us +- 0.2 us

### pickle_list ###
Mean +- std dev: 5.24 us +- 0.05 us

### pickle_pure_python ###
Mean +- std dev: 655 us +- 9 us

### pidigits ###
Mean +- std dev: 235 ms +- 1 ms

### pprint_safe_repr ###
Mean +- std dev: 1.40 sec +- 0.02 sec

### pprint_pformat ###
Mean +- std dev: 2.90 sec +- 0.03 sec

### pyflate ###
Mean +- std dev: 947 ms +- 10 ms

### python_startup ###
Mean +- std dev: 12.4 ms +- 0.2 ms

### python_startup_no_site ###
Mean +- std dev: 7.84 ms +- 0.13 ms

### raytrace ###
Mean +- std dev: 724 ms +- 5 ms

### regex_compile ###
Mean +- std dev: 236 ms +- 1 ms

### regex_dna ###
Mean +- std dev: 220 ms +- 2 ms

### regex_effbot ###
Mean +- std dev: 3.49 ms +- 0.05 ms

### regex_v8 ###
Mean +- std dev: 29.8 ms +- 0.4 ms

### richards ###
Mean +- std dev: 118 ms +- 1 ms

### richards_super ###
Mean +- std dev: 142 ms +- 2 ms

### scimark_fft ###
Mean +- std dev: 530 ms +- 4 ms

### scimark_lu ###
Mean +- std dev: 234 ms +- 3 ms

### scimark_monte_carlo ###
Mean +- std dev: 145 ms +- 2 ms

### scimark_sor ###
Mean +- std dev: 280 ms +- 1 ms

### scimark_sparse_mat_mult ###
Mean +- std dev: 6.60 ms +- 0.06 ms

### spectral_norm ###
Mean +- std dev: 201 ms +- 2 ms

### sqlalchemy_declarative ###
Mean +- std dev: 219 ms +- 5 ms

### sqlalchemy_imperative ###
Mean +- std dev: 30.2 ms +- 1.4 ms

### sqlglot_parse ###
Mean +- std dev: 3.01 ms +- 0.04 ms

### sqlglot_transpile ###
Mean +- std dev: 3.53 ms +- 0.02 ms

### sqlglot_optimize ###
Mean +- std dev: 95.8 ms +- 0.4 ms

### sqlglot_normalize ###
Mean +- std dev: 203 ms +- 1 ms

### sqlite_synth ###
Mean +- std dev: 3.86 us +- 0.10 us

### sympy_expand ###
Mean +- std dev: 743 ms +- 5 ms

### sympy_integrate ###
Mean +- std dev: 32.4 ms +- 0.2 ms

### sympy_sum ###
Mean +- std dev: 252 ms +- 2 ms

### sympy_str ###
Mean +- std dev: 451 ms +- 3 ms

### telco ###
Mean +- std dev: 9.06 ms +- 0.26 ms

### tomli_loads ###
Mean +- std dev: 3.87 sec +- 0.05 sec

### tornado_http ###
Mean +- std dev: 200 ms +- 6 ms

### typing_runtime_protocols ###
Mean +- std dev: 735 us +- 6 us

### unpack_sequence ###
Mean +- std dev: 70.8 ns +- 0.5 ns

### unpickle ###
Mean +- std dev: 18.5 us +- 0.3 us

### unpickle_list ###
Mean +- std dev: 6.52 us +- 0.10 us

### unpickle_pure_python ###
Mean +- std dev: 443 us +- 6 us

### xml_etree_parse ###
Mean +- std dev: 200 ms +- 3 ms

### xml_etree_iterparse ###
Mean +- std dev: 142 ms +- 2 ms

### xml_etree_generate ###
Mean +- std dev: 131 ms +- 2 ms

### xml_etree_process ###
Mean +- std dev: 107 ms +- 2 ms

CONTAINER ID   IMAGE           COMMAND              CREATED             STATUS                              PORTS     NAMES
d0273c91e4bf   python:3.10.4   "sh run.sh 3.10.4"   About an hour ago   Exited (0) Less than a second ago             t3.10.4
t3.10.4
CONTAINER ID   IMAGE     COMMAND   CREATED   STATUS    PORTS     NAMES
Total reclaimed space: 0B

real    77m38.253s
user    0m0.590s
sys     0m0.770s