Performance version: 1.10.0
Report on Linux-5.15.0-88-generic-x86_64-with-glibc2.36
Number of logical CPUs: 2
Start date: 2023-12-28 14:40:34.691042
End date: 2023-12-28 15:50:43.644344

### 2to3 ###
Mean +- std dev: 468 ms +- 3 ms

### async_generators ###
Mean +- std dev: 522 ms +- 5 ms

### async_tree_none ###
Mean +- std dev: 975 ms +- 47 ms

### async_tree_cpu_io_mixed ###
Mean +- std dev: 1.35 sec +- 0.04 sec

### async_tree_io ###
Mean +- std dev: 2.34 sec +- 0.03 sec

### async_tree_memoization ###
Mean +- std dev: 1.14 sec +- 0.02 sec

### asyncio_tcp ###
Mean +- std dev: 1.19 sec +- 0.02 sec

### asyncio_tcp_ssl ###
Mean +- std dev: 4.26 sec +- 0.46 sec

### asyncio_websockets ###
Mean +- std dev: 653 ms +- 7 ms

### chameleon ###
Mean +- std dev: 12.6 ms +- 0.2 ms

### chaos ###
Mean +- std dev: 149 ms +- 1 ms

### comprehensions ###
Mean +- std dev: 38.3 us +- 0.3 us

### bench_mp_pool ###
Mean +- std dev: 19.0 ms +- 1.2 ms

### bench_thread_pool ###
Mean +- std dev: 1.61 ms +- 0.01 ms

### coroutines ###
Mean +- std dev: 42.6 ms +- 0.4 ms

### coverage ###
Mean +- std dev: 67.8 ms +- 0.4 ms

### crypto_pyaes ###
Mean +- std dev: 159 ms +- 2 ms

### dask ###
Mean +- std dev: 838 ms +- 11 ms

### deepcopy ###
Mean +- std dev: 629 us +- 4 us

### deepcopy_reduce ###
Mean +- std dev: 5.60 us +- 0.03 us

### deepcopy_memo ###
Mean +- std dev: 70.1 us +- 0.4 us

### deltablue ###
Mean +- std dev: 11.3 ms +- 0.2 ms

### django_template ###
Mean +- std dev: 71.2 ms +- 0.6 ms

### docutils ###
Mean +- std dev: 4.19 sec +- 0.02 sec

### dulwich_log ###
Mean +- std dev: 107 ms +- 1 ms

### fannkuch ###
Mean +- std dev: 627 ms +- 8 ms

### float ###
Mean +- std dev: 149 ms +- 2 ms

### create_gc_cycles ###
Mean +- std dev: 1.92 ms +- 0.01 ms

### gc_traversal ###
Mean +- std dev: 4.10 ms +- 0.01 ms

### generators ###
Mean +- std dev: 80.9 ms +- 0.7 ms

### genshi_text ###
Mean +- std dev: 42.2 ms +- 0.3 ms

### genshi_xml ###
Mean +- std dev: 87.9 ms +- 1.0 ms

### go ###
Mean +- std dev: 317 ms +- 2 ms

### hexiom ###
Mean +- std dev: 13.6 ms +- 0.1 ms

### html5lib ###
Mean +- std dev: 114 ms +- 6 ms

### json_dumps ###
Mean +- std dev: 17.4 ms +- 0.2 ms

### json_loads ###
Mean +- std dev: 33.5 us +- 0.5 us

### logging_format ###
Mean +- std dev: 14.1 us +- 0.1 us

### logging_silent ###
Mean +- std dev: 262 ns +- 6 ns

### logging_simple ###
Mean +- std dev: 13.0 us +- 0.1 us

### mako ###
Mean +- std dev: 22.1 ms +- 0.1 ms

### mdp ###
Mean +- std dev: 4.00 sec +- 0.03 sec

### meteor_contest ###
Mean +- std dev: 141 ms +- 1 ms

### nbody ###
Mean +- std dev: 181 ms +- 1 ms

### nqueens ###
Mean +- std dev: 138 ms +- 2 ms

### pathlib ###
Mean +- std dev: 33.0 ms +- 0.4 ms

### pickle ###
Mean +- std dev: 13.3 us +- 0.2 us

### pickle_dict ###
Mean +- std dev: 32.4 us +- 0.4 us

### pickle_list ###
Mean +- std dev: 5.21 us +- 0.08 us

### pickle_pure_python ###
Mean +- std dev: 649 us +- 7 us

### pidigits ###
Mean +- std dev: 235 ms +- 0 ms

### pprint_safe_repr ###
Mean +- std dev: 1.39 sec +- 0.01 sec

### pprint_pformat ###
Mean +- std dev: 2.85 sec +- 0.02 sec

### pyflate ###
Mean +- std dev: 948 ms +- 7 ms

### python_startup ###
Mean +- std dev: 12.4 ms +- 0.1 ms

### python_startup_no_site ###
Mean +- std dev: 7.83 ms +- 0.12 ms

### raytrace ###
Mean +- std dev: 736 ms +- 4 ms

### regex_compile ###
Mean +- std dev: 237 ms +- 1 ms

### regex_dna ###
Mean +- std dev: 218 ms +- 1 ms

### regex_effbot ###
Mean +- std dev: 3.53 ms +- 0.03 ms

### regex_v8 ###
Mean +- std dev: 29.9 ms +- 0.3 ms

### richards ###
Mean +- std dev: 117 ms +- 1 ms

### richards_super ###
Mean +- std dev: 140 ms +- 2 ms

### scimark_fft ###
Mean +- std dev: 525 ms +- 5 ms

### scimark_lu ###
Mean +- std dev: 229 ms +- 3 ms

### scimark_monte_carlo ###
Mean +- std dev: 142 ms +- 2 ms

### scimark_sor ###
Mean +- std dev: 278 ms +- 1 ms

### scimark_sparse_mat_mult ###
Mean +- std dev: 6.54 ms +- 0.14 ms

### spectral_norm ###
Mean +- std dev: 199 ms +- 1 ms

### sqlalchemy_declarative ###
Mean +- std dev: 221 ms +- 5 ms

### sqlalchemy_imperative ###
Mean +- std dev: 30.3 ms +- 1.4 ms

### sqlglot_parse ###
Mean +- std dev: 3.01 ms +- 0.05 ms

### sqlglot_transpile ###
Mean +- std dev: 3.51 ms +- 0.02 ms

### sqlglot_optimize ###
Mean +- std dev: 95.8 ms +- 0.4 ms

### sqlglot_normalize ###
Mean +- std dev: 203 ms +- 2 ms

### sqlite_synth ###
Mean +- std dev: 3.83 us +- 0.07 us

### sympy_expand ###
Mean +- std dev: 743 ms +- 5 ms

### sympy_integrate ###
Mean +- std dev: 32.6 ms +- 0.2 ms

### sympy_sum ###
Mean +- std dev: 251 ms +- 2 ms

### sympy_str ###
Mean +- std dev: 450 ms +- 4 ms

### telco ###
Mean +- std dev: 8.91 ms +- 0.19 ms

### tomli_loads ###
Mean +- std dev: 3.86 sec +- 0.03 sec

### tornado_http ###
Mean +- std dev: 202 ms +- 5 ms

### typing_runtime_protocols ###
Mean +- std dev: 740 us +- 5 us

### unpack_sequence ###
Mean +- std dev: 71.1 ns +- 0.8 ns

### unpickle ###
Mean +- std dev: 18.5 us +- 0.2 us

### unpickle_list ###
Mean +- std dev: 6.50 us +- 0.06 us

### unpickle_pure_python ###
Mean +- std dev: 446 us +- 7 us

### xml_etree_parse ###
Mean +- std dev: 201 ms +- 3 ms

### xml_etree_iterparse ###
Mean +- std dev: 143 ms +- 3 ms

### xml_etree_generate ###
Mean +- std dev: 133 ms +- 2 ms

### xml_etree_process ###
Mean +- std dev: 107 ms +- 2 ms

CONTAINER ID   IMAGE           COMMAND              CREATED             STATUS                              PORTS     NAMES
89cffc1d2f05   python:3.10.2   "sh run.sh 3.10.2"   About an hour ago   Exited (0) Less than a second ago             t3.10.2
t3.10.2
CONTAINER ID   IMAGE     COMMAND   CREATED   STATUS    PORTS     NAMES
Total reclaimed space: 0B

real    76m39.651s
user    0m0.686s
sys     0m0.680s