Performance version: 1.0.8
Report on Linux-5.15.49-linuxkit-pr-aarch64-with-glibc2.35
Number of logical CPUs: 4
Start date: 2023-06-07 11:43:41.747480
End date: 2023-06-07 12:39:36.054810

### 2to3 ###
Mean +- std dev: 250 ms +- 21 ms

### async_generators ###
Mean +- std dev: 280 ms +- 9 ms

### async_tree_none ###
Mean +- std dev: 572 ms +- 43 ms

### async_tree_cpu_io_mixed ###
Mean +- std dev: 830 ms +- 81 ms

### async_tree_eager ###
Mean +- std dev: 603 ms +- 119 ms

### async_tree_eager_cpu_io_mixed ###
Mean +- std dev: 814 ms +- 47 ms

### async_tree_eager_io ###
Mean +- std dev: 1.59 sec +- 0.18 sec

### async_tree_eager_memoization ###
Mean +- std dev: 700 ms +- 87 ms

### async_tree_io ###
Mean +- std dev: 1.55 sec +- 0.11 sec

### async_tree_memoization ###
Mean +- std dev: 715 ms +- 103 ms

### asyncio_tcp ###
Mean +- std dev: 824 ms +- 75 ms

### asyncio_tcp_ssl ###
Mean +- std dev: 2.81 sec +- 0.20 sec

### chameleon ###
Mean +- std dev: 7.68 ms +- 0.28 ms

### chaos ###
Mean +- std dev: 79.8 ms +- 1.8 ms

### comprehensions ###
Mean +- std dev: 20.9 us +- 0.4 us

### bench_mp_pool ###
Mean +- std dev: 8.47 ms +- 0.79 ms

### bench_thread_pool ###
Mean +- std dev: 1.18 ms +- 0.05 ms

### coroutines ###
Mean +- std dev: 30.2 ms +- 0.8 ms

### coverage ###
Mean +- std dev: 29.8 ms +- 0.9 ms

### crypto_pyaes ###
Mean +- std dev: 88.9 ms +- 3.4 ms

### dask ###
Mean +- std dev: 501 ms +- 31 ms

### deepcopy ###
Mean +- std dev: 332 us +- 7 us

### deepcopy_reduce ###
Mean +- std dev: 2.92 us +- 0.20 us

### deepcopy_memo ###
Mean +- std dev: 39.8 us +- 1.7 us

### deltablue ###
Mean +- std dev: 5.80 ms +- 1.11 ms

### django_template ###
Mean +- std dev: 37.0 ms +- 2.7 ms

### docutils ###
Mean +- std dev: 2.21 sec +- 0.16 sec

### dulwich_log ###
Mean +- std dev: 54.2 ms +- 3.9 ms

### fannkuch ###
Mean +- std dev: 327 ms +- 16 ms

### float ###
Mean +- std dev: 110 ms +- 15 ms

### create_gc_cycles ###
Mean +- std dev: 922 us +- 99 us

### gc_traversal ###
Mean +- std dev: 2.88 ms +- 0.11 ms

### generators ###
Mean +- std dev: 36.3 ms +- 1.9 ms

### genshi_text ###
Mean +- std dev: 22.0 ms +- 0.5 ms

### genshi_xml ###
Mean +- std dev: 43.8 ms +- 1.3 ms

### go ###
Mean +- std dev: 197 ms +- 3 ms

### hexiom ###
Mean +- std dev: 7.31 ms +- 0.22 ms

### html5lib ###
Mean +- std dev: 57.1 ms +- 4.5 ms

### json_dumps ###
Mean +- std dev: 12.0 ms +- 0.3 ms

### json_loads ###
Mean +- std dev: 27.5 us +- 0.6 us

### logging_format ###
Mean +- std dev: 6.56 us +- 0.21 us

### logging_silent ###
Mean +- std dev: 154 ns +- 6 ns

### logging_simple ###
Mean +- std dev: 6.15 us +- 0.23 us

### mako ###
Mean +- std dev: 15.1 ms +- 0.5 ms

### mdp ###
Mean +- std dev: 2.74 sec +- 0.06 sec

### meteor_contest ###
Mean +- std dev: 85.9 ms +- 3.2 ms

### nbody ###
Mean +- std dev: 86.4 ms +- 1.8 ms

### nqueens ###
Mean +- std dev: 73.3 ms +- 4.1 ms

### pathlib ###
Mean +- std dev: 19.9 ms +- 4.6 ms

### pickle ###
Mean +- std dev: 9.13 us +- 0.22 us

### pickle_dict ###
Mean +- std dev: 24.6 us +- 2.6 us

### pickle_list ###
Mean +- std dev: 3.83 us +- 0.60 us

### pickle_pure_python ###
Mean +- std dev: 355 us +- 11 us

### pidigits ###
Mean +- std dev: 227 ms +- 25 ms

### pprint_pformat ###
Mean +- std dev: 1.17 sec +- 0.07 sec

### pyflate ###
Mean +- std dev: 531 ms +- 37 ms

### python_startup ###
Mean +- std dev: 15.5 ms +- 3.9 ms

### python_startup_no_site ###
Mean +- std dev: 8.17 ms +- 1.12 ms

### raytrace ###
Mean +- std dev: 379 ms +- 10 ms

### regex_compile ###
Mean +- std dev: 114 ms +- 10 ms

### regex_dna ###
Mean +- std dev: 170 ms +- 5 ms

### regex_effbot ###
Mean +- std dev: 2.47 ms +- 0.04 ms

### regex_v8 ###
Mean +- std dev: 36.5 ms +- 4.0 ms

### richards ###
Mean +- std dev: 59.6 ms +- 11.3 ms

### richards_super ###
Mean +- std dev: 64.8 ms +- 1.8 ms

### scimark_fft ###
Mean +- std dev: 381 ms +- 20 ms

### scimark_lu ###
Mean +- std dev: 149 ms +- 3 ms

### scimark_monte_carlo ###
Mean +- std dev: 93.0 ms +- 2.4 ms

### scimark_sor ###
Mean +- std dev: 166 ms +- 3 ms

### scimark_sparse_mat_mult ###
Mean +- std dev: 6.84 ms +- 0.14 ms

### spectral_norm ###
Mean +- std dev: 105 ms +- 3 ms

### sqlalchemy_declarative ###
Mean +- std dev: 100 ms +- 5 ms

### sqlalchemy_imperative ###
Mean +- std dev: 12.4 ms +- 0.4 ms

### sqlglot_parse ###
Mean +- std dev: 1.66 ms +- 0.08 ms

### sqlglot_transpile ###
Mean +- std dev: 1.87 ms +- 0.05 ms

### sqlglot_optimize ###
Mean +- std dev: 47.5 ms +- 2.5 ms

### sqlglot_normalize ###
Mean +- std dev: 244 ms +- 7 ms

### sqlite_synth ###
Mean +- std dev: 3.43 us +- 0.11 us

### sympy_expand ###
Mean +- std dev: 336 ms +- 20 ms

### sympy_integrate ###
Mean +- std dev: 16.8 ms +- 2.5 ms

### sympy_sum ###
Mean +- std dev: 126 ms +- 26 ms

### sympy_str ###
Mean +- std dev: 207 ms +- 11 ms

### telco ###
Mean +- std dev: 7.46 ms +- 0.31 ms

### tomli_loads ###
Mean +- std dev: 2.04 sec +- 0.06 sec

### tornado_http ###
Mean +- std dev: 108 ms +- 10 ms

### typing_runtime_protocols ###
Mean +- std dev: 439 us +- 78 us

### unpack_sequence ###
Mean +- std dev: 39.3 ns +- 0.9 ns

### unpickle ###
Mean +- std dev: 12.7 us +- 0.7 us

### unpickle_list ###
Mean +- std dev: 5.09 us +- 0.15 us

### unpickle_pure_python ###
Mean +- std dev: 252 us +- 5 us

### xml_etree_parse ###
Mean +- std dev: 173 ms +- 7 ms

### xml_etree_iterparse ###
Mean +- std dev: 101 ms +- 5 ms

### xml_etree_generate ###
Mean +- std dev: 87.6 ms +- 6.2 ms

### xml_etree_process ###
Mean +- std dev: 67.3 ms +- 2.5 ms

CONTAINER ID   IMAGE           COMMAND              CREATED             STATUS                              PORTS     NAMES
d014b30a33ad   python:3.8.16   "sh run.sh 3.8.16"   About an hour ago   Exited (0) Less than a second ago             t3.8.16
t3.8.16
CONTAINER ID   IMAGE     COMMAND   CREATED   STATUS    PORTS     NAMES
Deleted build cache objects:
bqewmgcxijbb233nuq8c75iks
pbhi58q3lqatw2a5yw8tg7a29
4mcc1qk6sfw3xwgyhgfn5zm1k

Total reclaimed space: 1.009kB