Performance version: 1.10.0
Report on Linux-5.15.0-88-generic-x86_64-with-glibc2.36
Number of logical CPUs: 2
Start date: 2023-12-29 20:34:10.290780
End date: 2023-12-29 21:39:57.071468

### 2to3 ###
Mean +- std dev: 355 ms +- 3 ms

### async_generators ###
Mean +- std dev: 421 ms +- 3 ms

### async_tree_none ###
Mean +- std dev: 692 ms +- 16 ms

### async_tree_cpu_io_mixed ###
Mean +- std dev: 995 ms +- 13 ms

### async_tree_cpu_io_mixed_tg ###
Mean +- std dev: 979 ms +- 25 ms

### async_tree_io ###
Mean +- std dev: 1.62 sec +- 0.04 sec

### async_tree_io_tg ###
Mean +- std dev: 1.60 sec +- 0.02 sec

### async_tree_memoization ###
Mean +- std dev: 850 ms +- 17 ms

### async_tree_memoization_tg ###
Mean +- std dev: 815 ms +- 29 ms

### async_tree_none_tg ###
Mean +- std dev: 606 ms +- 10 ms

### asyncio_tcp ###
Mean +- std dev: 1.13 sec +- 0.02 sec

### asyncio_tcp_ssl ###
Mean +- std dev: 4.39 sec +- 0.02 sec

### asyncio_websockets ###
Mean +- std dev: 649 ms +- 8 ms

### chameleon ###
Mean +- std dev: 9.09 ms +- 0.15 ms

### chaos ###
Mean +- std dev: 92.7 ms +- 0.9 ms

### comprehensions ###
Mean +- std dev: 30.8 us +- 0.3 us

### bench_mp_pool ###
Mean +- std dev: 18.2 ms +- 1.7 ms

### bench_thread_pool ###
Mean +- std dev: 1.39 ms +- 0.01 ms

### coroutines ###
Mean +- std dev: 34.4 ms +- 0.2 ms

### coverage ###
Mean +- std dev: 74.6 ms +- 0.7 ms

### crypto_pyaes ###
Mean +- std dev: 96.3 ms +- 0.9 ms

### dask ###
Mean +- std dev: 675 ms +- 10 ms

### deepcopy ###
Mean +- std dev: 477 us +- 3 us

### deepcopy_reduce ###
Mean +- std dev: 4.34 us +- 0.06 us

### deepcopy_memo ###
Mean +- std dev: 46.4 us +- 0.4 us

### deltablue ###
Mean +- std dev: 5.35 ms +- 0.06 ms

### django_template ###
Mean +- std dev: 48.6 ms +- 0.4 ms

### docutils ###
Mean +- std dev: 3.32 sec +- 0.03 sec

### dulwich_log ###
Mean +- std dev: 91.6 ms +- 0.7 ms

### fannkuch ###
Mean +- std dev: 487 ms +- 6 ms

### float ###
Mean +- std dev: 99.4 ms +- 1.2 ms

### create_gc_cycles ###
Mean +- std dev: 1.73 ms +- 0.01 ms

### gc_traversal ###
Mean +- std dev: 4.42 ms +- 0.01 ms

### generators ###
Mean +- std dev: 69.8 ms +- 0.7 ms

### genshi_text ###
Mean +- std dev: 29.5 ms +- 0.4 ms

### genshi_xml ###
Mean +- std dev: 70.2 ms +- 1.2 ms

### go ###
Mean +- std dev: 181 ms +- 1 ms

### hexiom ###
Mean +- std dev: 8.21 ms +- 0.07 ms

### html5lib ###
Mean +- std dev: 80.6 ms +- 4.1 ms

### json_dumps ###
Mean +- std dev: 15.8 ms +- 0.1 ms

### json_loads ###
Mean +- std dev: 32.8 us +- 0.2 us

### logging_format ###
Mean +- std dev: 10.5 us +- 0.1 us

### logging_silent ###
Mean +- std dev: 139 ns +- 4 ns

### logging_simple ###
Mean +- std dev: 9.44 us +- 0.25 us

### mako ###
Mean +- std dev: 13.6 ms +- 0.1 ms

### mdp ###
Mean +- std dev: 3.66 sec +- 0.02 sec

### meteor_contest ###
Mean +- std dev: 130 ms +- 1 ms

### nbody ###
Mean +- std dev: 112 ms +- 1 ms

### nqueens ###
Mean +- std dev: 115 ms +- 2 ms

### pathlib ###
Mean +- std dev: 30.8 ms +- 0.3 ms

### pickle ###
Mean +- std dev: 12.7 us +- 0.1 us

### pickle_dict ###
Mean +- std dev: 33.0 us +- 0.2 us

### pickle_list ###
Mean +- std dev: 4.95 us +- 0.05 us

### pickle_pure_python ###
Mean +- std dev: 412 us +- 5 us

### pidigits ###
Mean +- std dev: 233 ms +- 1 ms

### pprint_safe_repr ###
Mean +- std dev: 980 ms +- 17 ms

### pprint_pformat ###
Mean +- std dev: 2.02 sec +- 0.02 sec

### pyflate ###
Mean +- std dev: 531 ms +- 7 ms

### python_startup ###
Mean +- std dev: 11.4 ms +- 0.2 ms

### python_startup_no_site ###
Mean +- std dev: 8.26 ms +- 0.14 ms

### raytrace ###
Mean +- std dev: 410 ms +- 3 ms

### regex_compile ###
Mean +- std dev: 179 ms +- 1 ms

### regex_dna ###
Mean +- std dev: 197 ms +- 1 ms

### regex_effbot ###
Mean +- std dev: 3.27 ms +- 0.05 ms

### regex_v8 ###
Mean +- std dev: 25.6 ms +- 0.2 ms

### richards ###
Mean +- std dev: 66.4 ms +- 1.3 ms

### richards_super ###
Mean +- std dev: 81.7 ms +- 1.3 ms

### scimark_fft ###
Mean +- std dev: 426 ms +- 2 ms

### scimark_lu ###
Mean +- std dev: 145 ms +- 3 ms

### scimark_monte_carlo ###
Mean +- std dev: 83.8 ms +- 0.8 ms

### scimark_sor ###
Mean +- std dev: 151 ms +- 2 ms

### scimark_sparse_mat_mult ###
Mean +- std dev: 5.26 ms +- 0.08 ms

### spectral_norm ###
Mean +- std dev: 134 ms +- 1 ms

### sqlalchemy_declarative ###
Mean +- std dev: 181 ms +- 5 ms

### sqlalchemy_imperative ###
Mean +- std dev: 24.6 ms +- 0.4 ms

### sqlglot_parse ###
Mean +- std dev: 1.92 ms +- 0.04 ms

### sqlglot_transpile ###
Mean +- std dev: 2.33 ms +- 0.03 ms

### sqlglot_optimize ###
Mean +- std dev: 75.7 ms +- 0.8 ms

### sqlglot_normalize ###
Mean +- std dev: 156 ms +- 1 ms

### sqlite_synth ###
Mean +- std dev: 3.15 us +- 0.08 us

### sympy_expand ###
Mean +- std dev: 649 ms +- 4 ms

### sympy_integrate ###
Mean +- std dev: 27.6 ms +- 0.1 ms

### sympy_sum ###
Mean +- std dev: 226 ms +- 2 ms

### sympy_str ###
Mean +- std dev: 396 ms +- 3 ms

### telco ###
Mean +- std dev: 8.36 ms +- 0.15 ms

### tomli_loads ###
Mean +- std dev: 2.95 sec +- 0.03 sec

### tornado_http ###
Mean +- std dev: 154 ms +- 5 ms

### typing_runtime_protocols ###
Mean +- std dev: 722 us +- 4 us

### unpack_sequence ###
Mean +- std dev: 50.9 ns +- 1.0 ns

### unpickle ###
Mean +- std dev: 18.1 us +- 0.2 us

### unpickle_list ###
Mean +- std dev: 6.18 us +- 0.06 us

### unpickle_pure_python ###
Mean +- std dev: 319 us +- 5 us

### xml_etree_parse ###
Mean +- std dev: 195 ms +- 3 ms

### xml_etree_iterparse ###
Mean +- std dev: 128 ms +- 2 ms

### xml_etree_generate ###
Mean +- std dev: 111 ms +- 2 ms

### xml_etree_process ###
Mean +- std dev: 77.7 ms +- 1.2 ms

CONTAINER ID   IMAGE           COMMAND              CREATED             STATUS                              PORTS     NAMES
e7586e0a3327   python:3.11.0   "sh run.sh 3.11.0"   About an hour ago   Exited (0) Less than a second ago             t3.11.0
t3.11.0
CONTAINER ID   IMAGE     COMMAND   CREATED   STATUS    PORTS     NAMES
Total reclaimed space: 0B

real    72m59.451s
user    0m0.662s
sys     0m0.796s