Performance version: 1.10.0
Report on Linux-5.15.0-88-generic-x86_64-with-glibc2.36
Number of logical CPUs: 2
Start date: 2023-12-30 15:08:49.168265
End date: 2023-12-30 16:14:21.841684

### 2to3 ###
Mean +- std dev: 355 ms +- 2 ms

### async_generators ###
Mean +- std dev: 428 ms +- 5 ms

### async_tree_none ###
Mean +- std dev: 681 ms +- 13 ms

### async_tree_cpu_io_mixed ###
Mean +- std dev: 988 ms +- 9 ms

### async_tree_cpu_io_mixed_tg ###
Mean +- std dev: 972 ms +- 24 ms

### async_tree_io ###
Mean +- std dev: 1.63 sec +- 0.05 sec

### async_tree_io_tg ###
Mean +- std dev: 1.58 sec +- 0.01 sec

### async_tree_memoization ###
Mean +- std dev: 844 ms +- 15 ms

### async_tree_memoization_tg ###
Mean +- std dev: 806 ms +- 29 ms

### async_tree_none_tg ###
Mean +- std dev: 600 ms +- 7 ms

### asyncio_tcp ###
Mean +- std dev: 1.15 sec +- 0.01 sec

### asyncio_tcp_ssl ###
Mean +- std dev: 4.43 sec +- 0.02 sec

### asyncio_websockets ###
Mean +- std dev: 650 ms +- 8 ms

### chameleon ###
Mean +- std dev: 8.67 ms +- 0.09 ms

### chaos ###
Mean +- std dev: 91.8 ms +- 0.5 ms

### comprehensions ###
Mean +- std dev: 30.6 us +- 0.5 us

### bench_mp_pool ###
Mean +- std dev: 21.2 ms +- 2.0 ms

### bench_thread_pool ###
Mean +- std dev: 1.39 ms +- 0.01 ms

### coroutines ###
Mean +- std dev: 33.7 ms +- 0.3 ms

### coverage ###
Mean +- std dev: 73.4 ms +- 0.6 ms

### crypto_pyaes ###
Mean +- std dev: 97.9 ms +- 0.9 ms

### dask ###
Mean +- std dev: 674 ms +- 12 ms

### deepcopy ###
Mean +- std dev: 468 us +- 3 us

### deepcopy_reduce ###
Mean +- std dev: 4.17 us +- 0.05 us

### deepcopy_memo ###
Mean +- std dev: 46.0 us +- 0.4 us

### deltablue ###
Mean +- std dev: 5.30 ms +- 0.06 ms

### django_template ###
Mean +- std dev: 48.7 ms +- 0.5 ms

### docutils ###
Mean +- std dev: 3.32 sec +- 0.03 sec

### dulwich_log ###
Mean +- std dev: 90.6 ms +- 0.5 ms

### fannkuch ###
Mean +- std dev: 496 ms +- 2 ms

### float ###
Mean +- std dev: 100 ms +- 1 ms

### create_gc_cycles ###
Mean +- std dev: 1.76 ms +- 0.01 ms

### gc_traversal ###
Mean +- std dev: 4.19 ms +- 0.04 ms

### generators ###
Mean +- std dev: 71.5 ms +- 0.5 ms

### genshi_text ###
Mean +- std dev: 29.8 ms +- 0.5 ms

### genshi_xml ###
Mean +- std dev: 68.8 ms +- 1.2 ms

### go ###
Mean +- std dev: 180 ms +- 2 ms

### hexiom ###
Mean +- std dev: 8.31 ms +- 0.09 ms

### html5lib ###
Mean +- std dev: 79.7 ms +- 4.0 ms

### json_dumps ###
Mean +- std dev: 15.8 ms +- 0.1 ms

### json_loads ###
Mean +- std dev: 32.9 us +- 0.3 us

### logging_format ###
Mean +- std dev: 10.4 us +- 0.1 us

### logging_silent ###
Mean +- std dev: 143 ns +- 6 ns

### logging_simple ###
Mean +- std dev: 9.32 us +- 0.13 us

### mako ###
Mean +- std dev: 13.7 ms +- 0.1 ms

### mdp ###
Mean +- std dev: 3.64 sec +- 0.02 sec

### meteor_contest ###
Mean +- std dev: 128 ms +- 1 ms

### nbody ###
Mean +- std dev: 109 ms +- 1 ms

### nqueens ###
Mean +- std dev: 114 ms +- 2 ms

### pathlib ###
Mean +- std dev: 29.9 ms +- 0.3 ms

### pickle ###
Mean +- std dev: 12.6 us +- 0.1 us

### pickle_dict ###
Mean +- std dev: 33.4 us +- 0.3 us

### pickle_list ###
Mean +- std dev: 4.98 us +- 0.08 us

### pickle_pure_python ###
Mean +- std dev: 413 us +- 6 us

### pidigits ###
Mean +- std dev: 233 ms +- 1 ms

### pprint_safe_repr ###
Mean +- std dev: 969 ms +- 8 ms

### pprint_pformat ###
Mean +- std dev: 2.01 sec +- 0.02 sec

### pyflate ###
Mean +- std dev: 534 ms +- 7 ms

### python_startup ###
Mean +- std dev: 11.4 ms +- 0.2 ms

### python_startup_no_site ###
Mean +- std dev: 8.32 ms +- 0.16 ms

### raytrace ###
Mean +- std dev: 412 ms +- 2 ms

### regex_compile ###
Mean +- std dev: 178 ms +- 1 ms

### regex_dna ###
Mean +- std dev: 202 ms +- 1 ms

### regex_effbot ###
Mean +- std dev: 3.34 ms +- 0.06 ms

### regex_v8 ###
Mean +- std dev: 25.5 ms +- 0.1 ms

### richards ###
Mean +- std dev: 64.7 ms +- 2.7 ms

### richards_super ###
Mean +- std dev: 79.9 ms +- 1.6 ms

### scimark_fft ###
Mean +- std dev: 430 ms +- 18 ms

### scimark_lu ###
Mean +- std dev: 149 ms +- 2 ms

### scimark_monte_carlo ###
Mean +- std dev: 85.7 ms +- 1.4 ms

### scimark_sor ###
Mean +- std dev: 152 ms +- 2 ms

### scimark_sparse_mat_mult ###
Mean +- std dev: 5.81 ms +- 0.10 ms

### spectral_norm ###
Mean +- std dev: 135 ms +- 1 ms

### sqlalchemy_declarative ###
Mean +- std dev: 181 ms +- 6 ms

### sqlalchemy_imperative ###
Mean +- std dev: 24.6 ms +- 0.2 ms

### sqlglot_parse ###
Mean +- std dev: 1.92 ms +- 0.04 ms

### sqlglot_transpile ###
Mean +- std dev: 2.32 ms +- 0.04 ms

### sqlglot_optimize ###
Mean +- std dev: 74.8 ms +- 0.4 ms

### sqlglot_normalize ###
Mean +- std dev: 154 ms +- 1 ms

### sqlite_synth ###
Mean +- std dev: 3.15 us +- 0.08 us

### sympy_expand ###
Mean +- std dev: 640 ms +- 3 ms

### sympy_integrate ###
Mean +- std dev: 27.4 ms +- 0.2 ms

### sympy_sum ###
Mean +- std dev: 224 ms +- 2 ms

### sympy_str ###
Mean +- std dev: 391 ms +- 2 ms

### telco ###
Mean +- std dev: 8.19 ms +- 0.11 ms

### tomli_loads ###
Mean +- std dev: 2.89 sec +- 0.03 sec

### tornado_http ###
Mean +- std dev: 154 ms +- 5 ms

### typing_runtime_protocols ###
Mean +- std dev: 725 us +- 6 us

### unpack_sequence ###
Mean +- std dev: 50.9 ns +- 1.2 ns

### unpickle ###
Mean +- std dev: 18.5 us +- 0.3 us

### unpickle_list ###
Mean +- std dev: 6.27 us +- 0.11 us

### unpickle_pure_python ###
Mean +- std dev: 317 us +- 3 us

### xml_etree_parse ###
Mean +- std dev: 196 ms +- 5 ms

### xml_etree_iterparse ###
Mean +- std dev: 129 ms +- 2 ms

### xml_etree_generate ###
Mean +- std dev: 110 ms +- 2 ms

### xml_etree_process ###
Mean +- std dev: 75.9 ms +- 1.0 ms

CONTAINER ID   IMAGE           COMMAND              CREATED             STATUS                              PORTS     NAMES
010de025d3e1   python:3.11.5   "sh run.sh 3.11.5"   About an hour ago   Exited (0) Less than a second ago             t3.11.5
t3.11.5
CONTAINER ID   IMAGE     COMMAND   CREATED   STATUS    PORTS     NAMES
Total reclaimed space: 0B

real    72m50.949s
user    0m0.631s
sys     0m0.888s