Performance version: 1.10.0
Report on Linux-5.15.0-88-generic-x86_64-with-glibc2.35
Number of logical CPUs: 2
Start date: 2023-12-26 09:50:42.759189
End date: 2023-12-26 10:58:24.728197

### 2to3 ###
Mean +- std dev: 463 ms +- 3 ms

### async_generators ###
Mean +- std dev: 512 ms +- 5 ms

### async_tree_none ###
Mean +- std dev: 954 ms +- 44 ms

### async_tree_cpu_io_mixed ###
Mean +- std dev: 1.32 sec +- 0.05 sec

### async_tree_io ###
Mean +- std dev: 2.35 sec +- 0.02 sec

### async_tree_memoization ###
Mean +- std dev: 1.16 sec +- 0.03 sec

### asyncio_tcp ###
Mean +- std dev: 1.22 sec +- 0.02 sec

### asyncio_tcp_ssl ###
Mean +- std dev: 4.06 sec +- 0.61 sec

### asyncio_websockets ###
Mean +- std dev: 633 ms +- 2 ms

### chameleon ###
Mean +- std dev: 13.6 ms +- 0.2 ms

### chaos ###
Mean +- std dev: 167 ms +- 1 ms

### comprehensions ###
Mean +- std dev: 38.3 us +- 0.4 us

### bench_mp_pool ###
Mean +- std dev: 19.3 ms +- 1.5 ms

### bench_thread_pool ###
Mean +- std dev: 1.61 ms +- 0.02 ms

### coroutines ###
Mean +- std dev: 54.5 ms +- 0.3 ms

### coverage ###
Mean +- std dev: 48.4 ms +- 0.3 ms

### crypto_pyaes ###
Mean +- std dev: 159 ms +- 1 ms

### dask ###
Mean +- std dev: 886 ms +- 12 ms

### deepcopy ###
Mean +- std dev: 643 us +- 5 us

### deepcopy_reduce ###
Mean +- std dev: 5.68 us +- 0.05 us

### deepcopy_memo ###
Mean +- std dev: 72.8 us +- 0.8 us

### deltablue ###
Mean +- std dev: 11.0 ms +- 0.2 ms

### django_template ###
Mean +- std dev: 75.5 ms +- 1.0 ms

### docutils ###
Mean +- std dev: 4.00 sec +- 0.04 sec

### dulwich_log ###
Mean +- std dev: 112 ms +- 1 ms

### fannkuch ###
Mean +- std dev: 610 ms +- 5 ms

### float ###
Mean +- std dev: 166 ms +- 3 ms

### create_gc_cycles ###
Mean +- std dev: 1.72 ms +- 0.00 ms

### gc_traversal ###
Mean +- std dev: 4.20 ms +- 0.03 ms

### generators ###
Mean +- std dev: 84.3 ms +- 0.5 ms

### genshi_text ###
Mean +- std dev: 43.6 ms +- 0.5 ms

### genshi_xml ###
Mean +- std dev: 88.7 ms +- 1.0 ms

### go ###
Mean +- std dev: 375 ms +- 3 ms

### hexiom ###
Mean +- std dev: 14.5 ms +- 0.1 ms

### html5lib ###
Mean +- std dev: 122 ms +- 5 ms

### json_dumps ###
Mean +- std dev: 17.4 ms +- 0.2 ms

### json_loads ###
Mean +- std dev: 36.7 us +- 0.4 us

### logging_format ###
Mean +- std dev: 14.2 us +- 0.2 us

### logging_silent ###
Mean +- std dev: 282 ns +- 4 ns

### logging_simple ###
Mean +- std dev: 12.9 us +- 0.1 us

### mako ###
Mean +- std dev: 23.5 ms +- 0.2 ms

### mdp ###
Mean +- std dev: 4.15 sec +- 0.02 sec

### meteor_contest ###
Mean +- std dev: 148 ms +- 1 ms

### nbody ###
Mean +- std dev: 178 ms +- 1 ms

### nqueens ###
Mean +- std dev: 137 ms +- 1 ms

### pathlib ###
Mean +- std dev: 32.7 ms +- 0.4 ms

### pickle ###
Mean +- std dev: 12.6 us +- 0.1 us

### pickle_dict ###
Mean +- std dev: 31.3 us +- 0.2 us

### pickle_list ###
Mean +- std dev: 5.01 us +- 0.06 us

### pickle_pure_python ###
Mean +- std dev: 685 us +- 7 us

### pidigits ###
Mean +- std dev: 235 ms +- 1 ms

### pprint_pformat ###
Mean +- std dev: 2.10 sec +- 0.02 sec

### pyflate ###
Mean +- std dev: 972 ms +- 10 ms

### python_startup ###
Mean +- std dev: 12.7 ms +- 0.1 ms

### python_startup_no_site ###
Mean +- std dev: 8.30 ms +- 0.12 ms

### raytrace ###
Mean +- std dev: 782 ms +- 7 ms

### regex_compile ###
Mean +- std dev: 238 ms +- 1 ms

### regex_dna ###
Mean +- std dev: 221 ms +- 2 ms

### regex_effbot ###
Mean +- std dev: 3.58 ms +- 0.03 ms

### regex_v8 ###
Mean +- std dev: 29.6 ms +- 0.3 ms

### richards ###
Mean +- std dev: 110 ms +- 2 ms

### richards_super ###
Mean +- std dev: 130 ms +- 2 ms

### scimark_fft ###
Mean +- std dev: 490 ms +- 12 ms

### scimark_lu ###
Mean +- std dev: 220 ms +- 2 ms

### scimark_monte_carlo ###
Mean +- std dev: 149 ms +- 3 ms

### scimark_sor ###
Mean +- std dev: 284 ms +- 6 ms

### scimark_sparse_mat_mult ###
Mean +- std dev: 5.86 ms +- 0.09 ms

### spectral_norm ###
Mean +- std dev: 188 ms +- 1 ms

### sqlalchemy_declarative ###
Mean +- std dev: 224 ms +- 5 ms

### sqlalchemy_imperative ###
Mean +- std dev: 32.4 ms +- 1.2 ms

### sqlglot_parse ###
Mean +- std dev: 3.20 ms +- 0.03 ms

### sqlglot_transpile ###
Mean +- std dev: 3.68 ms +- 0.03 ms

### sqlglot_optimize ###
Mean +- std dev: 91.9 ms +- 0.5 ms

### sqlglot_normalize ###
Mean +- std dev: 192 ms +- 1 ms

### sqlite_synth ###
Mean +- std dev: 4.39 us +- 0.12 us

### sympy_expand ###
Mean +- std dev: 729 ms +- 6 ms

### sympy_integrate ###
Mean +- std dev: 32.2 ms +- 0.2 ms

### sympy_sum ###
Mean +- std dev: 254 ms +- 3 ms

### sympy_str ###
Mean +- std dev: 449 ms +- 3 ms

### telco ###
Mean +- std dev: 8.95 ms +- 0.19 ms

### tomli_loads ###
Mean +- std dev: 3.72 sec +- 0.03 sec

### tornado_http ###
Mean +- std dev: 204 ms +- 5 ms

### typing_runtime_protocols ###
Mean +- std dev: 756 us +- 6 us

### unpack_sequence ###
Mean +- std dev: 64.7 ns +- 2.3 ns

### unpickle ###
Mean +- std dev: 20.3 us +- 0.2 us

### unpickle_list ###
Mean +- std dev: 6.47 us +- 0.06 us

### unpickle_pure_python ###
Mean +- std dev: 457 us +- 5 us

### xml_etree_parse ###
Mean +- std dev: 207 ms +- 5 ms

### xml_etree_iterparse ###
Mean +- std dev: 138 ms +- 2 ms

### xml_etree_generate ###
Mean +- std dev: 136 ms +- 2 ms

### xml_etree_process ###
Mean +- std dev: 108 ms +- 1 ms

CONTAINER ID   IMAGE           COMMAND              CREATED             STATUS             PORTS     NAMES
00c1e85ab18b   python:3.8.14   "sh run.sh 3.8.14"   About an hour ago   Up About an hour             t3.8.14
t3.8.14
CONTAINER ID   IMAGE     COMMAND   CREATED   STATUS    PORTS     NAMES
Total reclaimed space: 0B