Performance version: 1.0.8
Report on Linux-5.15.49-linuxkit-pr-aarch64-with-glibc2.35
Number of logical CPUs: 4
Start date: 2023-06-07 13:25:43.426246
End date: 2023-06-07 14:24:21.280923

### 2to3 ###
Mean +- std dev: 250 ms +- 29 ms

### async_generators ###
Mean +- std dev: 280 ms +- 9 ms

### async_tree_none ###
Mean +- std dev: 564 ms +- 30 ms

### async_tree_cpu_io_mixed ###
Mean +- std dev: 826 ms +- 91 ms

### async_tree_eager ###
Mean +- std dev: 598 ms +- 111 ms

### async_tree_eager_cpu_io_mixed ###
Mean +- std dev: 871 ms +- 165 ms

### async_tree_eager_io ###
Mean +- std dev: 1.55 sec +- 0.14 sec

### async_tree_eager_memoization ###
Mean +- std dev: 724 ms +- 257 ms

### async_tree_io ###
Mean +- std dev: 1.68 sec +- 0.40 sec

### async_tree_memoization ###
Mean +- std dev: 682 ms +- 68 ms

### asyncio_tcp ###
Mean +- std dev: 840 ms +- 156 ms

### asyncio_tcp_ssl ###
Mean +- std dev: 3.53 sec +- 1.48 sec

### chameleon ###
Mean +- std dev: 7.81 ms +- 0.45 ms

### chaos ###
Mean +- std dev: 80.8 ms +- 4.4 ms

### comprehensions ###
Mean +- std dev: 21.3 us +- 0.8 us

### bench_mp_pool ###
Mean +- std dev: 10.4 ms +- 1.2 ms

### bench_thread_pool ###
Mean +- std dev: 1.20 ms +- 0.08 ms

### coroutines ###
Mean +- std dev: 32.8 ms +- 5.0 ms

### coverage ###
Mean +- std dev: 30.1 ms +- 1.3 ms

### crypto_pyaes ###
Mean +- std dev: 91.2 ms +- 11.7 ms

### dask ###
Mean +- std dev: 520 ms +- 47 ms

### deepcopy ###
Mean +- std dev: 336 us +- 12 us

### deepcopy_reduce ###
Mean +- std dev: 2.92 us +- 0.08 us

### deepcopy_memo ###
Mean +- std dev: 40.2 us +- 1.5 us

### deltablue ###
Mean +- std dev: 7.33 ms +- 2.60 ms

### django_template ###
Mean +- std dev: 37.9 ms +- 3.5 ms

### docutils ###
Mean +- std dev: 2.46 sec +- 0.30 sec

### dulwich_log ###
Mean +- std dev: 53.0 ms +- 6.2 ms

### fannkuch ###
Mean +- std dev: 358 ms +- 60 ms

### float ###
Mean +- std dev: 113 ms +- 28 ms

### create_gc_cycles ###
Mean +- std dev: 940 us +- 73 us

### gc_traversal ###
Mean +- std dev: 2.97 ms +- 0.17 ms

### generators ###
Mean +- std dev: 37.7 ms +- 6.4 ms

### genshi_text ###
Mean +- std dev: 23.5 ms +- 9.0 ms

### genshi_xml ###
Mean +- std dev: 44.8 ms +- 2.0 ms

### go ###
Mean +- std dev: 202 ms +- 18 ms

### hexiom ###
Mean +- std dev: 7.45 ms +- 0.53 ms

### html5lib ###
Mean +- std dev: 68.7 ms +- 17.1 ms

### json_dumps ###
Mean +- std dev: 13.2 ms +- 3.2 ms

### json_loads ###
Mean +- std dev: 28.6 us +- 3.3 us

### logging_format ###
Mean +- std dev: 6.66 us +- 0.33 us

### logging_silent ###
Mean +- std dev: 157 ns +- 8 ns

### logging_simple ###
Mean +- std dev: 6.05 us +- 0.14 us

### mako ###
Mean +- std dev: 15.6 ms +- 2.7 ms

### mdp ###
Mean +- std dev: 2.84 sec +- 0.17 sec

### meteor_contest ###
Mean +- std dev: 88.3 ms +- 9.7 ms

### nbody ###
Mean +- std dev: 90.0 ms +- 8.7 ms

### nqueens ###
Mean +- std dev: 72.4 ms +- 1.6 ms

### pathlib ###
Mean +- std dev: 22.1 ms +- 4.8 ms

### pickle ###
Mean +- std dev: 9.31 us +- 0.89 us

### pickle_dict ###
Mean +- std dev: 24.5 us +- 0.9 us

### pickle_list ###
Mean +- std dev: 3.70 us +- 0.16 us

### pickle_pure_python ###
Mean +- std dev: 357 us +- 17 us

### pidigits ###
Mean +- std dev: 220 ms +- 7 ms

### pprint_pformat ###
Mean +- std dev: 1.18 sec +- 0.07 sec

### pyflate ###
Mean +- std dev: 539 ms +- 35 ms

### python_startup ###
Mean +- std dev: 16.8 ms +- 6.1 ms

### python_startup_no_site ###
Mean +- std dev: 8.41 ms +- 1.29 ms

### raytrace ###
Mean +- std dev: 385 ms +- 20 ms

### regex_compile ###
Mean +- std dev: 112 ms +- 2 ms

### regex_dna ###
Mean +- std dev: 172 ms +- 5 ms

### regex_effbot ###
Mean +- std dev: 2.64 ms +- 0.31 ms

### regex_v8 ###
Mean +- std dev: 41.6 ms +- 12.2 ms

### richards ###
Mean +- std dev: 63.6 ms +- 18.7 ms

### richards_super ###
Mean +- std dev: 66.6 ms +- 4.8 ms

### scimark_fft ###
Mean +- std dev: 401 ms +- 39 ms

### scimark_lu ###
Mean +- std dev: 156 ms +- 16 ms

### scimark_monte_carlo ###
Mean +- std dev: 103 ms +- 22 ms

### scimark_sor ###
Mean +- std dev: 182 ms +- 24 ms

### scimark_sparse_mat_mult ###
Mean +- std dev: 7.03 ms +- 0.69 ms

### spectral_norm ###
Mean +- std dev: 105 ms +- 3 ms

### sqlalchemy_declarative ###
Mean +- std dev: 104 ms +- 11 ms

### sqlalchemy_imperative ###
Mean +- std dev: 12.7 ms +- 0.8 ms

### sqlglot_parse ###
Mean +- std dev: 1.66 ms +- 0.07 ms

### sqlglot_transpile ###
Mean +- std dev: 1.92 ms +- 0.11 ms

### sqlglot_optimize ###
Mean +- std dev: 47.1 ms +- 5.4 ms

### sqlglot_normalize ###
Mean +- std dev: 255 ms +- 29 ms

### sqlite_synth ###
Mean +- std dev: 3.43 us +- 0.05 us

### sympy_expand ###
Mean +- std dev: 334 ms +- 25 ms

### sympy_integrate ###
Mean +- std dev: 16.5 ms +- 0.8 ms

### sympy_sum ###
Mean +- std dev: 121 ms +- 11 ms

### sympy_str ###
Mean +- std dev: 215 ms +- 24 ms

### telco ###
Mean +- std dev: 7.62 ms +- 0.32 ms

### tomli_loads ###
Mean +- std dev: 2.12 sec +- 0.13 sec

### tornado_http ###
Mean +- std dev: 112 ms +- 18 ms

### typing_runtime_protocols ###
Mean +- std dev: 417 us +- 15 us

### unpack_sequence ###
Mean +- std dev: 39.2 ns +- 0.9 ns

### unpickle ###
Mean +- std dev: 15.4 us +- 4.4 us

### unpickle_list ###
Mean +- std dev: 5.38 us +- 0.50 us

### unpickle_pure_python ###
Mean +- std dev: 340 us +- 160 us

### xml_etree_parse ###
Mean +- std dev: 212 ms +- 56 ms

### xml_etree_iterparse ###
Mean +- std dev: 108 ms +- 10 ms

### xml_etree_generate ###
Mean +- std dev: 88.5 ms +- 2.9 ms

### xml_etree_process ###
Mean +- std dev: 74.4 ms +- 22.7 ms

CONTAINER ID   IMAGE           COMMAND              CREATED             STATUS                     PORTS     NAMES
8bff611d5643   python:3.8.15   "sh run.sh 3.8.15"   About an hour ago   Exited (0) 3 seconds ago             t3.8.15
t3.8.15
CONTAINER ID   IMAGE     COMMAND   CREATED   STATUS    PORTS     NAMES
Deleted build cache objects:
n3ikq5jhj2eb9uk08k1ig3nuc
kv46c9hogthpgsguh6ov8p96n
6y1g1pxixw1oqh2r4fmvwsych

Total reclaimed space: 1.009kB