Performance version: 1.10.0
Report on Linux-5.15.0-88-generic-x86_64-with-glibc2.36
Number of logical CPUs: 2
Start date: 2023-12-27 17:09:45.743645
End date: 2023-12-27 18:16:35.158159

### 2to3 ###
Mean +- std dev: 470 ms +- 25 ms

### async_generators ###
Mean +- std dev: 524 ms +- 6 ms

### async_tree_none ###
Mean +- std dev: 989 ms +- 43 ms

### async_tree_cpu_io_mixed ###
Mean +- std dev: 1.38 sec +- 0.05 sec

### async_tree_io ###
Mean +- std dev: 2.40 sec +- 0.02 sec

### async_tree_memoization ###
Mean +- std dev: 1.18 sec +- 0.03 sec

### asyncio_tcp ###
Mean +- std dev: 1.22 sec +- 0.02 sec

### asyncio_tcp_ssl ###
Mean +- std dev: 4.00 sec +- 0.63 sec

### asyncio_websockets ###
Mean +- std dev: 632 ms +- 2 ms

### chameleon ###
Mean +- std dev: 13.6 ms +- 0.2 ms

### chaos ###
Mean +- std dev: 163 ms +- 1 ms

### comprehensions ###
Mean +- std dev: 38.1 us +- 0.3 us

### bench_mp_pool ###
Mean +- std dev: 19.2 ms +- 1.3 ms

### bench_thread_pool ###
Mean +- std dev: 1.58 ms +- 0.02 ms

### coroutines ###
Mean +- std dev: 56.4 ms +- 0.5 ms

### coverage ###
Mean +- std dev: 50.8 ms +- 1.7 ms

### crypto_pyaes ###
Mean +- std dev: 156 ms +- 1 ms

### dask ###
Mean +- std dev: 879 ms +- 12 ms

### deepcopy ###
Mean +- std dev: 625 us +- 4 us

### deepcopy_reduce ###
Mean +- std dev: 5.55 us +- 0.05 us

### deepcopy_memo ###
Mean +- std dev: 70.2 us +- 0.4 us

### deltablue ###
Mean +- std dev: 11.1 ms +- 0.4 ms

### django_template ###
Mean +- std dev: 75.2 ms +- 0.7 ms

### docutils ###
Mean +- std dev: 4.01 sec +- 0.02 sec

### dulwich_log ###
Mean +- std dev: 113 ms +- 1 ms

### fannkuch ###
Mean +- std dev: 621 ms +- 4 ms

### float ###
Mean +- std dev: 167 ms +- 1 ms

### create_gc_cycles ###
Mean +- std dev: 1.81 ms +- 0.01 ms

### gc_traversal ###
Mean +- std dev: 4.29 ms +- 0.01 ms

### generators ###
Mean +- std dev: 83.8 ms +- 0.6 ms

### genshi_text ###
Mean +- std dev: 43.6 ms +- 0.3 ms

### genshi_xml ###
Mean +- std dev: 90.0 ms +- 1.1 ms

### go ###
Mean +- std dev: 367 ms +- 3 ms

### hexiom ###
Mean +- std dev: 13.9 ms +- 0.1 ms

### html5lib ###
Mean +- std dev: 121 ms +- 7 ms

### json_dumps ###
Mean +- std dev: 17.8 ms +- 0.2 ms

### json_loads ###
Mean +- std dev: 32.7 us +- 0.3 us

### logging_format ###
Mean +- std dev: 13.9 us +- 0.2 us

### logging_silent ###
Mean +- std dev: 280 ns +- 5 ns

### logging_simple ###
Mean +- std dev: 12.8 us +- 0.1 us

### mako ###
Mean +- std dev: 23.2 ms +- 0.2 ms

### mdp ###
Mean +- std dev: 4.14 sec +- 0.02 sec

### meteor_contest ###
Mean +- std dev: 140 ms +- 1 ms

### nbody ###
Mean +- std dev: 190 ms +- 2 ms

### nqueens ###
Mean +- std dev: 133 ms +- 2 ms

### pathlib ###
Mean +- std dev: 32.0 ms +- 0.4 ms

### pickle ###
Mean +- std dev: 14.4 us +- 0.2 us

### pickle_dict ###
Mean +- std dev: 34.8 us +- 0.3 us

### pickle_list ###
Mean +- std dev: 5.23 us +- 0.06 us

### pickle_pure_python ###
Mean +- std dev: 678 us +- 14 us

### pidigits ###
Mean +- std dev: 235 ms +- 1 ms

### pprint_pformat ###
Mean +- std dev: 2.13 sec +- 0.02 sec

### pyflate ###
Mean +- std dev: 959 ms +- 7 ms

### python_startup ###
Mean +- std dev: 12.5 ms +- 0.1 ms

### python_startup_no_site ###
Mean +- std dev: 8.04 ms +- 0.12 ms

### raytrace ###
Mean +- std dev: 768 ms +- 7 ms

### regex_compile ###
Mean +- std dev: 238 ms +- 2 ms

### regex_dna ###
Mean +- std dev: 228 ms +- 1 ms

### regex_effbot ###
Mean +- std dev: 3.48 ms +- 0.03 ms

### regex_v8 ###
Mean +- std dev: 29.3 ms +- 0.3 ms

### richards ###
Mean +- std dev: 108 ms +- 2 ms

### richards_super ###
Mean +- std dev: 129 ms +- 2 ms

### scimark_fft ###
Mean +- std dev: 510 ms +- 4 ms

### scimark_lu ###
Mean +- std dev: 220 ms +- 3 ms

### scimark_monte_carlo ###
Mean +- std dev: 150 ms +- 3 ms

### scimark_sor ###
Mean +- std dev: 284 ms +- 3 ms

### scimark_sparse_mat_mult ###
Mean +- std dev: 6.61 ms +- 0.42 ms

### spectral_norm ###
Mean +- std dev: 194 ms +- 1 ms

### sqlalchemy_declarative ###
Mean +- std dev: 222 ms +- 5 ms

### sqlalchemy_imperative ###
Mean +- std dev: 31.3 ms +- 1.4 ms

### sqlglot_parse ###
Mean +- std dev: 3.23 ms +- 0.02 ms

### sqlglot_transpile ###
Mean +- std dev: 3.72 ms +- 0.03 ms

### sqlglot_optimize ###
Mean +- std dev: 92.8 ms +- 0.4 ms

### sqlglot_normalize ###
Mean +- std dev: 198 ms +- 1 ms

### sqlite_synth ###
Mean +- std dev: 4.47 us +- 0.13 us

### sympy_expand ###
Mean +- std dev: 749 ms +- 5 ms

### sympy_integrate ###
Mean +- std dev: 32.2 ms +- 0.3 ms

### sympy_sum ###
Mean +- std dev: 252 ms +- 2 ms

### sympy_str ###
Mean +- std dev: 450 ms +- 4 ms

### telco ###
Mean +- std dev: 8.86 ms +- 0.20 ms

### tomli_loads ###
Mean +- std dev: 3.69 sec +- 0.02 sec

### tornado_http ###
Mean +- std dev: 204 ms +- 5 ms

### typing_runtime_protocols ###
Mean +- std dev: 727 us +- 8 us

### unpack_sequence ###
Mean +- std dev: 67.1 ns +- 1.1 ns

### unpickle ###
Mean +- std dev: 19.1 us +- 0.2 us

### unpickle_list ###
Mean +- std dev: 6.44 us +- 0.15 us

### unpickle_pure_python ###
Mean +- std dev: 462 us +- 4 us

### xml_etree_parse ###
Mean +- std dev: 201 ms +- 3 ms

### xml_etree_iterparse ###
Mean +- std dev: 137 ms +- 2 ms

### xml_etree_generate ###
Mean +- std dev: 133 ms +- 2 ms

### xml_etree_process ###
Mean +- std dev: 105 ms +- 1 ms

CONTAINER ID   IMAGE           COMMAND              CREATED             STATUS                              PORTS     NAMES
f9fc5d48096f   python:3.9.18   "sh run.sh 3.9.18"   About an hour ago   Exited (0) Less than a second ago             t3.9.18
t3.9.18
CONTAINER ID   IMAGE     COMMAND   CREATED   STATUS    PORTS     NAMES
Total reclaimed space: 0B

real    73m20.891s
user    0m0.628s
sys     0m0.735s