Performance version: 1.10.0
Report on Linux-5.15.0-88-generic-x86_64-with-glibc2.36
Number of logical CPUs: 2
Start date: 2023-12-31 09:19:03.529985
End date: 2023-12-31 10:25:44.453441

### 2to3 ###
Mean +- std dev: 463 ms +- 3 ms

### async_generators ###
Mean +- std dev: 528 ms +- 4 ms

### async_tree_none ###
Mean +- std dev: 975 ms +- 42 ms

### async_tree_cpu_io_mixed ###
Mean +- std dev: 1.36 sec +- 0.04 sec

### async_tree_io ###
Mean +- std dev: 2.39 sec +- 0.02 sec

### async_tree_memoization ###
Mean +- std dev: 1.17 sec +- 0.03 sec

### asyncio_tcp ###
Mean +- std dev: 1.17 sec +- 0.02 sec

### asyncio_tcp_ssl ###
Mean +- std dev: 4.13 sec +- 0.57 sec

### asyncio_websockets ###
Mean +- std dev: 632 ms +- 2 ms

### chameleon ###
Mean +- std dev: 13.8 ms +- 0.2 ms

### chaos ###
Mean +- std dev: 166 ms +- 1 ms

### comprehensions ###
Mean +- std dev: 37.8 us +- 0.2 us

### bench_mp_pool ###
Mean +- std dev: 18.9 ms +- 1.8 ms

### bench_thread_pool ###
Mean +- std dev: 1.60 ms +- 0.01 ms

### coroutines ###
Mean +- std dev: 56.1 ms +- 0.3 ms

### coverage ###
Mean +- std dev: 50.6 ms +- 0.8 ms

### crypto_pyaes ###
Mean +- std dev: 157 ms +- 1 ms

### dask ###
Mean +- std dev: 879 ms +- 13 ms

### deepcopy ###
Mean +- std dev: 629 us +- 4 us

### deepcopy_reduce ###
Mean +- std dev: 5.52 us +- 0.04 us

### deepcopy_memo ###
Mean +- std dev: 70.7 us +- 0.8 us

### deltablue ###
Mean +- std dev: 11.2 ms +- 0.3 ms

### django_template ###
Mean +- std dev: 75.1 ms +- 0.9 ms

### docutils ###
Mean +- std dev: 4.02 sec +- 0.15 sec

### dulwich_log ###
Mean +- std dev: 113 ms +- 1 ms

### fannkuch ###
Mean +- std dev: 635 ms +- 5 ms

### float ###
Mean +- std dev: 167 ms +- 2 ms

### create_gc_cycles ###
Mean +- std dev: 1.79 ms +- 0.01 ms

### gc_traversal ###
Mean +- std dev: 3.91 ms +- 0.01 ms

### generators ###
Mean +- std dev: 84.8 ms +- 0.5 ms

### genshi_text ###
Mean +- std dev: 42.9 ms +- 0.3 ms

### genshi_xml ###
Mean +- std dev: 87.7 ms +- 1.3 ms

### go ###
Mean +- std dev: 371 ms +- 3 ms

### hexiom ###
Mean +- std dev: 14.1 ms +- 0.1 ms

### html5lib ###
Mean +- std dev: 121 ms +- 7 ms

### json_dumps ###
Mean +- std dev: 17.6 ms +- 0.2 ms

### json_loads ###
Mean +- std dev: 32.9 us +- 1.1 us

### logging_format ###
Mean +- std dev: 14.2 us +- 0.2 us

### logging_silent ###
Mean +- std dev: 280 ns +- 5 ns

### logging_simple ###
Mean +- std dev: 13.1 us +- 0.1 us

### mako ###
Mean +- std dev: 22.8 ms +- 0.2 ms

### mdp ###
Mean +- std dev: 4.11 sec +- 0.02 sec

### meteor_contest ###
Mean +- std dev: 137 ms +- 1 ms

### nbody ###
Mean +- std dev: 191 ms +- 3 ms

### nqueens ###
Mean +- std dev: 135 ms +- 2 ms

### pathlib ###
Mean +- std dev: 33.1 ms +- 0.3 ms

### pickle ###
Mean +- std dev: 14.2 us +- 0.2 us

### pickle_dict ###
Mean +- std dev: 32.7 us +- 0.2 us

### pickle_list ###
Mean +- std dev: 5.30 us +- 0.06 us

### pickle_pure_python ###
Mean +- std dev: 686 us +- 8 us

### pidigits ###
Mean +- std dev: 235 ms +- 0 ms

### pprint_pformat ###
Mean +- std dev: 2.11 sec +- 0.02 sec

### pyflate ###
Mean +- std dev: 958 ms +- 10 ms

### python_startup ###
Mean +- std dev: 12.4 ms +- 0.1 ms

### python_startup_no_site ###
Mean +- std dev: 7.95 ms +- 0.12 ms

### raytrace ###
Mean +- std dev: 764 ms +- 7 ms

### regex_compile ###
Mean +- std dev: 239 ms +- 1 ms

### regex_dna ###
Mean +- std dev: 220 ms +- 1 ms

### regex_effbot ###
Mean +- std dev: 3.47 ms +- 0.10 ms

### regex_v8 ###
Mean +- std dev: 29.3 ms +- 0.4 ms

### richards ###
Mean +- std dev: 108 ms +- 1 ms

### richards_super ###
Mean +- std dev: 131 ms +- 3 ms

### scimark_fft ###
Mean +- std dev: 505 ms +- 4 ms

### scimark_lu ###
Mean +- std dev: 217 ms +- 3 ms

### scimark_monte_carlo ###
Mean +- std dev: 151 ms +- 2 ms

### scimark_sor ###
Mean +- std dev: 281 ms +- 4 ms

### scimark_sparse_mat_mult ###
Mean +- std dev: 6.43 ms +- 0.03 ms

### spectral_norm ###
Mean +- std dev: 192 ms +- 1 ms

### sqlalchemy_declarative ###
Mean +- std dev: 222 ms +- 5 ms

### sqlalchemy_imperative ###
Mean +- std dev: 31.6 ms +- 1.3 ms

### sqlglot_parse ###
Mean +- std dev: 3.24 ms +- 0.07 ms

### sqlglot_transpile ###
Mean +- std dev: 3.73 ms +- 0.04 ms

### sqlglot_optimize ###
Mean +- std dev: 92.3 ms +- 0.4 ms

### sqlglot_normalize ###
Mean +- std dev: 195 ms +- 1 ms

### sqlite_synth ###
Mean +- std dev: 4.24 us +- 0.09 us

### sympy_expand ###
Mean +- std dev: 747 ms +- 4 ms

### sympy_integrate ###
Mean +- std dev: 32.0 ms +- 0.2 ms

### sympy_sum ###
Mean +- std dev: 252 ms +- 2 ms

### sympy_str ###
Mean +- std dev: 449 ms +- 3 ms

### telco ###
Mean +- std dev: 8.99 ms +- 0.24 ms

### tomli_loads ###
Mean +- std dev: 3.73 sec +- 0.03 sec

### tornado_http ###
Mean +- std dev: 203 ms +- 5 ms

### typing_runtime_protocols ###
Mean +- std dev: 719 us +- 4 us

### unpack_sequence ###
Mean +- std dev: 66.8 ns +- 1.1 ns

### unpickle ###
Mean +- std dev: 18.4 us +- 0.1 us

### unpickle_list ###
Mean +- std dev: 6.38 us +- 0.09 us

### unpickle_pure_python ###
Mean +- std dev: 458 us +- 6 us

### xml_etree_parse ###
Mean +- std dev: 201 ms +- 3 ms

### xml_etree_iterparse ###
Mean +- std dev: 137 ms +- 2 ms

### xml_etree_generate ###
Mean +- std dev: 130 ms +- 3 ms

### xml_etree_process ###
Mean +- std dev: 102 ms +- 1 ms

CONTAINER ID   IMAGE           COMMAND              CREATED             STATUS                              PORTS     NAMES
7e4cc0f92056   python:3.9.11   "sh run.sh 3.9.11"   About an hour ago   Exited (0) Less than a second ago             t3.9.11
t3.9.11
CONTAINER ID   IMAGE     COMMAND   CREATED   STATUS    PORTS     NAMES
Total reclaimed space: 0B

real    73m29.814s
user    0m0.554s
sys     0m0.778s