Performance version: 1.10.0
Report on Linux-5.15.0-88-generic-x86_64-with-glibc2.36
Number of logical CPUs: 2
Start date: 2023-12-29 12:40:02.534129
End date: 2023-12-29 13:50:31.162571

### 2to3 ###
Mean +- std dev: 465 ms +- 3 ms

### async_generators ###
Mean +- std dev: 522 ms +- 5 ms

### async_tree_none ###
Mean +- std dev: 972 ms +- 49 ms

### async_tree_cpu_io_mixed ###
Mean +- std dev: 1.35 sec +- 0.05 sec

### async_tree_io ###
Mean +- std dev: 2.35 sec +- 0.03 sec

### async_tree_memoization ###
Mean +- std dev: 1.14 sec +- 0.02 sec

### asyncio_tcp ###
Mean +- std dev: 1.20 sec +- 0.02 sec

### asyncio_tcp_ssl ###
Mean +- std dev: 4.22 sec +- 0.48 sec

### asyncio_websockets ###
Mean +- std dev: 652 ms +- 8 ms

### chameleon ###
Mean +- std dev: 12.5 ms +- 0.1 ms

### chaos ###
Mean +- std dev: 149 ms +- 1 ms

### comprehensions ###
Mean +- std dev: 38.8 us +- 0.7 us

### bench_mp_pool ###
Mean +- std dev: 19.1 ms +- 1.2 ms

### bench_thread_pool ###
Mean +- std dev: 1.59 ms +- 0.02 ms

### coroutines ###
Mean +- std dev: 43.4 ms +- 0.6 ms

### coverage ###
Mean +- std dev: 70.6 ms +- 0.2 ms

### crypto_pyaes ###
Mean +- std dev: 158 ms +- 1 ms

### dask ###
Mean +- std dev: 841 ms +- 20 ms

### deepcopy ###
Mean +- std dev: 621 us +- 6 us

### deepcopy_reduce ###
Mean +- std dev: 5.55 us +- 0.04 us

### deepcopy_memo ###
Mean +- std dev: 69.9 us +- 0.5 us

### deltablue ###
Mean +- std dev: 11.8 ms +- 0.4 ms

### django_template ###
Mean +- std dev: 72.1 ms +- 0.8 ms

### docutils ###
Mean +- std dev: 4.20 sec +- 0.02 sec

### dulwich_log ###
Mean +- std dev: 108 ms +- 1 ms

### fannkuch ###
Mean +- std dev: 622 ms +- 4 ms

### float ###
Mean +- std dev: 148 ms +- 1 ms

### create_gc_cycles ###
Mean +- std dev: 1.94 ms +- 0.01 ms

### gc_traversal ###
Mean +- std dev: 4.08 ms +- 0.02 ms

### generators ###
Mean +- std dev: 79.9 ms +- 0.7 ms

### genshi_text ###
Mean +- std dev: 42.1 ms +- 0.3 ms

### genshi_xml ###
Mean +- std dev: 85.1 ms +- 1.1 ms

### go ###
Mean +- std dev: 322 ms +- 3 ms

### hexiom ###
Mean +- std dev: 13.4 ms +- 0.1 ms

### html5lib ###
Mean +- std dev: 114 ms +- 6 ms

### json_dumps ###
Mean +- std dev: 17.5 ms +- 0.2 ms

### json_loads ###
Mean +- std dev: 33.1 us +- 0.4 us

### logging_format ###
Mean +- std dev: 14.4 us +- 0.2 us

### logging_silent ###
Mean +- std dev: 263 ns +- 6 ns

### logging_simple ###
Mean +- std dev: 13.3 us +- 0.1 us

### mako ###
Mean +- std dev: 21.9 ms +- 0.2 ms

### mdp ###
Mean +- std dev: 4.17 sec +- 0.03 sec

### meteor_contest ###
Mean +- std dev: 141 ms +- 1 ms

### nbody ###
Mean +- std dev: 185 ms +- 2 ms

### nqueens ###
Mean +- std dev: 137 ms +- 1 ms

### pathlib ###
Mean +- std dev: 33.4 ms +- 0.5 ms

### pickle ###
Mean +- std dev: 13.7 us +- 0.1 us

### pickle_dict ###
Mean +- std dev: 34.1 us +- 0.2 us

### pickle_list ###
Mean +- std dev: 5.58 us +- 0.07 us

### pickle_pure_python ###
Mean +- std dev: 653 us +- 6 us

### pidigits ###
Mean +- std dev: 236 ms +- 1 ms

### pprint_safe_repr ###
Mean +- std dev: 1.38 sec +- 0.02 sec

### pprint_pformat ###
Mean +- std dev: 2.86 sec +- 0.03 sec

### pyflate ###
Mean +- std dev: 933 ms +- 7 ms

### python_startup ###
Mean +- std dev: 12.4 ms +- 0.2 ms

### python_startup_no_site ###
Mean +- std dev: 7.86 ms +- 0.12 ms

### raytrace ###
Mean +- std dev: 730 ms +- 6 ms

### regex_compile ###
Mean +- std dev: 238 ms +- 1 ms

### regex_dna ###
Mean +- std dev: 227 ms +- 4 ms

### regex_effbot ###
Mean +- std dev: 3.56 ms +- 0.11 ms

### regex_v8 ###
Mean +- std dev: 29.7 ms +- 0.5 ms

### richards ###
Mean +- std dev: 118 ms +- 1 ms

### richards_super ###
Mean +- std dev: 142 ms +- 2 ms

### scimark_fft ###
Mean +- std dev: 517 ms +- 5 ms

### scimark_lu ###
Mean +- std dev: 227 ms +- 3 ms

### scimark_monte_carlo ###
Mean +- std dev: 143 ms +- 3 ms

### scimark_sor ###
Mean +- std dev: 277 ms +- 2 ms

### scimark_sparse_mat_mult ###
Mean +- std dev: 6.51 ms +- 0.10 ms

### spectral_norm ###
Mean +- std dev: 204 ms +- 5 ms

### sqlalchemy_declarative ###
Mean +- std dev: 222 ms +- 5 ms

### sqlalchemy_imperative ###
Mean +- std dev: 30.8 ms +- 1.4 ms

### sqlglot_parse ###
Mean +- std dev: 3.01 ms +- 0.05 ms

### sqlglot_transpile ###
Mean +- std dev: 3.52 ms +- 0.02 ms

### sqlglot_optimize ###
Mean +- std dev: 97.1 ms +- 0.5 ms

### sqlglot_normalize ###
Mean +- std dev: 207 ms +- 1 ms

### sqlite_synth ###
Mean +- std dev: 3.86 us +- 0.10 us

### sympy_expand ###
Mean +- std dev: 747 ms +- 4 ms

### sympy_integrate ###
Mean +- std dev: 33.1 ms +- 0.2 ms

### sympy_sum ###
Mean +- std dev: 260 ms +- 3 ms

### sympy_str ###
Mean +- std dev: 455 ms +- 3 ms

### telco ###
Mean +- std dev: 8.84 ms +- 0.16 ms

### tomli_loads ###
Mean +- std dev: 3.86 sec +- 0.04 sec

### tornado_http ###
Mean +- std dev: 204 ms +- 5 ms

### typing_runtime_protocols ###
Mean +- std dev: 737 us +- 7 us

### unpack_sequence ###
Mean +- std dev: 71.2 ns +- 1.1 ns

### unpickle ###
Mean +- std dev: 18.3 us +- 0.1 us

### unpickle_list ###
Mean +- std dev: 6.77 us +- 0.23 us

### unpickle_pure_python ###
Mean +- std dev: 438 us +- 4 us

### xml_etree_parse ###
Mean +- std dev: 202 ms +- 2 ms

### xml_etree_iterparse ###
Mean +- std dev: 142 ms +- 2 ms

### xml_etree_generate ###
Mean +- std dev: 131 ms +- 2 ms

### xml_etree_process ###
Mean +- std dev: 106 ms +- 2 ms

CONTAINER ID   IMAGE            COMMAND               CREATED             STATUS                              PORTS     NAMES
26f5d09eb06a   python:3.10.11   "sh run.sh 3.10.11"   About an hour ago   Exited (0) Less than a second ago             t3.10.11
t3.10.11
CONTAINER ID   IMAGE     COMMAND   CREATED   STATUS    PORTS     NAMES
Total reclaimed space: 0B

real    77m12.393s
user    0m0.673s
sys     0m0.719s