Performance version: 1.0.8
Report on Linux-5.15.49-linuxkit-pr-aarch64-with-glibc2.36
Number of logical CPUs: 4
Start date: 2023-06-08 17:09:17.092982
End date: 2023-06-08 17:58:47.058874

### 2to3 ###
Mean +- std dev: 187 ms +- 10 ms

### async_generators ###
Mean +- std dev: 225 ms +- 7 ms

### async_tree_none ###
Mean +- std dev: 425 ms +- 31 ms

### async_tree_cpu_io_mixed ###
Mean +- std dev: 655 ms +- 49 ms

### async_tree_eager ###
Mean +- std dev: 419 ms +- 27 ms

### async_tree_eager_cpu_io_mixed ###
Mean +- std dev: 660 ms +- 55 ms

### async_tree_eager_io ###
Mean +- std dev: 978 ms +- 65 ms

### async_tree_eager_memoization ###
Mean +- std dev: 514 ms +- 88 ms

### async_tree_io ###
Mean +- std dev: 1.19 sec +- 0.79 sec

### async_tree_memoization ###
Mean +- std dev: 487 ms +- 31 ms

### asyncio_tcp ###
Mean +- std dev: 807 ms +- 45 ms

### asyncio_tcp_ssl ###
Mean +- std dev: 2.88 sec +- 0.06 sec

### chameleon ###
Mean +- std dev: 5.03 ms +- 0.18 ms

### chaos ###
Mean +- std dev: 52.4 ms +- 1.4 ms

### comprehensions ###
Mean +- std dev: 16.5 us +- 1.0 us

### bench_mp_pool ###
Mean +- std dev: 8.52 ms +- 0.79 ms

### bench_thread_pool ###
Mean +- std dev: 1.11 ms +- 0.07 ms

### coroutines ###
Mean +- std dev: 18.7 ms +- 0.3 ms

### coverage ###
Mean +- std dev: 65.2 ms +- 3.1 ms

### crypto_pyaes ###
Mean +- std dev: 56.3 ms +- 1.4 ms

### dask ###
Mean +- std dev: 435 ms +- 41 ms

### deepcopy ###
Mean +- std dev: 240 us +- 4 us

### deepcopy_reduce ###
Mean +- std dev: 2.15 us +- 0.06 us

### deepcopy_memo ###
Mean +- std dev: 25.6 us +- 0.5 us

### deltablue ###
Mean +- std dev: 2.72 ms +- 0.09 ms

### django_template ###
Mean +- std dev: 23.8 ms +- 0.8 ms

### docutils ###
Mean +- std dev: 1.88 sec +- 0.08 sec

### dulwich_log ###
Mean +- std dev: 42.7 ms +- 2.1 ms

### fannkuch ###
Mean +- std dev: 286 ms +- 26 ms

### float ###
Mean +- std dev: 65.2 ms +- 2.9 ms

### create_gc_cycles ###
Mean +- std dev: 880 us +- 82 us

### gc_traversal ###
Mean +- std dev: 3.04 ms +- 0.15 ms

### generators ###
Mean +- std dev: 28.5 ms +- 0.8 ms

### genshi_text ###
Mean +- std dev: 15.7 ms +- 0.4 ms

### genshi_xml ###
Mean +- std dev: 34.9 ms +- 1.7 ms

### go ###
Mean +- std dev: 101 ms +- 2 ms

### hexiom ###
Mean +- std dev: 4.54 ms +- 0.11 ms

### html5lib ###
Mean +- std dev: 37.7 ms +- 4.0 ms

### json_dumps ###
Mean +- std dev: 11.7 ms +- 0.5 ms

### json_loads ###
Mean +- std dev: 26.5 us +- 0.9 us

### logging_format ###
Mean +- std dev: 4.90 us +- 0.28 us

### logging_silent ###
Mean +- std dev: 71.6 ns +- 1.1 ns

### logging_simple ###
Mean +- std dev: 4.50 us +- 0.21 us

### mako ###
Mean +- std dev: 8.12 ms +- 0.45 ms

### mdp ###
Mean +- std dev: 2.60 sec +- 0.05 sec

### meteor_contest ###
Mean +- std dev: 80.1 ms +- 2.1 ms

### nbody ###
Mean +- std dev: 67.3 ms +- 1.2 ms

### nqueens ###
Mean +- std dev: 63.5 ms +- 1.2 ms

### pathlib ###
Mean +- std dev: 17.9 ms +- 1.5 ms

### pickle ###
Mean +- std dev: 8.39 us +- 0.15 us

### pickle_dict ###
Mean +- std dev: 20.1 us +- 0.9 us

### pickle_list ###
Mean +- std dev: 3.14 us +- 0.07 us

### pickle_pure_python ###
Mean +- std dev: 222 us +- 7 us

### pidigits ###
Mean +- std dev: 216 ms +- 5 ms

### pprint_safe_repr ###
Mean +- std dev: 519 ms +- 15 ms

### pprint_pformat ###
Mean +- std dev: 1.06 sec +- 0.01 sec

### pyflate ###
Mean +- std dev: 317 ms +- 19 ms

### python_startup ###
Mean +- std dev: 14.8 ms +- 1.3 ms

### python_startup_no_site ###
Mean +- std dev: 9.60 ms +- 1.73 ms

### raytrace ###
Mean +- std dev: 213 ms +- 5 ms

### regex_compile ###
Mean +- std dev: 84.8 ms +- 3.4 ms

### regex_dna ###
Mean +- std dev: 134 ms +- 3 ms

### regex_effbot ###
Mean +- std dev: 2.04 ms +- 0.04 ms

### regex_v8 ###
Mean +- std dev: 15.7 ms +- 0.5 ms

### richards ###
Mean +- std dev: 34.4 ms +- 1.3 ms

### richards_super ###
Mean +- std dev: 41.5 ms +- 0.9 ms

### scimark_fft ###
Mean +- std dev: 400 ms +- 12 ms

### scimark_lu ###
Mean +- std dev: 125 ms +- 4 ms

### scimark_monte_carlo ###
Mean +- std dev: 69.0 ms +- 1.1 ms

### scimark_sor ###
Mean +- std dev: 104 ms +- 3 ms

### scimark_sparse_mat_mult ###
Mean +- std dev: 8.23 ms +- 0.22 ms

### spectral_norm ###
Mean +- std dev: 75.7 ms +- 2.9 ms

### sqlglot_parse ###
Mean +- std dev: 959 us +- 39 us

### sqlglot_transpile ###
Mean +- std dev: 1.19 ms +- 0.16 ms

### sqlglot_optimize ###
Mean +- std dev: 38.5 ms +- 1.7 ms

### sqlglot_normalize ###
Mean +- std dev: 219 ms +- 32 ms

### sqlite_synth ###
Mean +- std dev: 2.81 us +- 0.11 us

### sympy_expand ###
Mean +- std dev: 298 ms +- 9 ms

### sympy_integrate ###
Mean +- std dev: 14.4 ms +- 0.8 ms

### sympy_sum ###
Mean +- std dev: 118 ms +- 13 ms

### sympy_str ###
Mean +- std dev: 187 ms +- 15 ms

### telco ###
Mean +- std dev: 6.93 ms +- 0.25 ms

### tomli_loads ###
Mean +- std dev: 1.64 sec +- 0.07 sec

### tornado_http ###
Mean +- std dev: 82.9 ms +- 9.2 ms

### typing_runtime_protocols ###
Mean +- std dev: 382 us +- 8 us

### unpack_sequence ###
Mean +- std dev: 32.1 ns +- 0.4 ns

### unpickle ###
Mean +- std dev: 12.0 us +- 0.4 us

### unpickle_list ###
Mean +- std dev: 5.54 us +- 1.63 us

### unpickle_pure_python ###
Mean +- std dev: 175 us +- 3 us

### xml_etree_parse ###
Mean +- std dev: 178 ms +- 8 ms

### xml_etree_iterparse ###
Mean +- std dev: 101 ms +- 6 ms

### xml_etree_generate ###
Mean +- std dev: 76.1 ms +- 1.6 ms

### xml_etree_process ###
Mean +- std dev: 53.2 ms +- 7.7 ms

2 benchmarks failed:
- sqlalchemy_declarative
- sqlalchemy_imperative

CONTAINER ID   IMAGE           COMMAND              CREATED          STATUS                    PORTS     NAMES
6bce3d2968b6   python:3.11.4   "sh run.sh 3.11.4"   59 minutes ago   Exited (1) 1 second ago             t3.11.4
t3.11.4
CONTAINER ID   IMAGE     COMMAND   CREATED   STATUS    PORTS     NAMES
Deleted build cache objects:
145bn2tgh9b7ym691slt87u11
dq5mrardjja2pyinuiaexco92
rp7mh8xebngiapexauymk78d9

Total reclaimed space: 947B