Performance version: 1.10.0
Report on Linux-5.15.0-88-generic-x86_64-with-glibc2.36
Number of logical CPUs: 2
Start date: 2023-12-29 02:03:28.255221
End date: 2023-12-29 03:13:29.585473

### 2to3 ###
Mean +- std dev: 462 ms +- 3 ms

### async_generators ###
Mean +- std dev: 517 ms +- 5 ms

### async_tree_none ###
Mean +- std dev: 972 ms +- 45 ms

### async_tree_cpu_io_mixed ###
Mean +- std dev: 1.36 sec +- 0.05 sec

### async_tree_io ###
Mean +- std dev: 2.34 sec +- 0.03 sec

### async_tree_memoization ###
Mean +- std dev: 1.14 sec +- 0.02 sec

### asyncio_tcp ###
Mean +- std dev: 1.17 sec +- 0.02 sec

### asyncio_tcp_ssl ###
Mean +- std dev: 4.20 sec +- 0.47 sec

### asyncio_websockets ###
Mean +- std dev: 651 ms +- 8 ms

### chameleon ###
Mean +- std dev: 12.6 ms +- 0.1 ms

### chaos ###
Mean +- std dev: 152 ms +- 1 ms

### comprehensions ###
Mean +- std dev: 37.4 us +- 0.3 us

### bench_mp_pool ###
Mean +- std dev: 18.8 ms +- 1.4 ms

### bench_thread_pool ###
Mean +- std dev: 1.55 ms +- 0.01 ms

### coroutines ###
Mean +- std dev: 43.0 ms +- 0.5 ms

### coverage ###
Mean +- std dev: 68.1 ms +- 0.5 ms

### crypto_pyaes ###
Mean +- std dev: 158 ms +- 1 ms

### dask ###
Mean +- std dev: 823 ms +- 11 ms

### deepcopy ###
Mean +- std dev: 618 us +- 6 us

### deepcopy_reduce ###
Mean +- std dev: 5.57 us +- 0.05 us

### deepcopy_memo ###
Mean +- std dev: 69.9 us +- 0.6 us

### deltablue ###
Mean +- std dev: 11.3 ms +- 0.2 ms

### django_template ###
Mean +- std dev: 69.8 ms +- 0.6 ms

### docutils ###
Mean +- std dev: 4.14 sec +- 0.02 sec

### dulwich_log ###
Mean +- std dev: 108 ms +- 1 ms

### fannkuch ###
Mean +- std dev: 622 ms +- 6 ms

### float ###
Mean +- std dev: 149 ms +- 2 ms

### create_gc_cycles ###
Mean +- std dev: 1.86 ms +- 0.01 ms

### gc_traversal ###
Mean +- std dev: 4.05 ms +- 0.01 ms

### generators ###
Mean +- std dev: 79.5 ms +- 0.7 ms

### genshi_text ###
Mean +- std dev: 41.5 ms +- 0.2 ms

### genshi_xml ###
Mean +- std dev: 85.4 ms +- 4.2 ms

### go ###
Mean +- std dev: 320 ms +- 3 ms

### hexiom ###
Mean +- std dev: 13.4 ms +- 0.1 ms

### html5lib ###
Mean +- std dev: 114 ms +- 6 ms

### json_dumps ###
Mean +- std dev: 17.3 ms +- 0.1 ms

### json_loads ###
Mean +- std dev: 33.2 us +- 0.4 us

### logging_format ###
Mean +- std dev: 14.3 us +- 0.2 us

### logging_silent ###
Mean +- std dev: 262 ns +- 5 ns

### logging_simple ###
Mean +- std dev: 13.2 us +- 0.1 us

### mako ###
Mean +- std dev: 22.0 ms +- 0.2 ms

### mdp ###
Mean +- std dev: 4.11 sec +- 0.03 sec

### meteor_contest ###
Mean +- std dev: 141 ms +- 2 ms

### nbody ###
Mean +- std dev: 187 ms +- 9 ms

### nqueens ###
Mean +- std dev: 137 ms +- 3 ms

### pathlib ###
Mean +- std dev: 33.4 ms +- 0.3 ms

### pickle ###
Mean +- std dev: 13.7 us +- 0.4 us

### pickle_dict ###
Mean +- std dev: 34.3 us +- 0.2 us

### pickle_list ###
Mean +- std dev: 5.54 us +- 0.08 us

### pickle_pure_python ###
Mean +- std dev: 653 us +- 8 us

### pidigits ###
Mean +- std dev: 236 ms +- 1 ms

### pprint_safe_repr ###
Mean +- std dev: 1.38 sec +- 0.01 sec

### pprint_pformat ###
Mean +- std dev: 2.85 sec +- 0.03 sec

### pyflate ###
Mean +- std dev: 937 ms +- 7 ms

### python_startup ###
Mean +- std dev: 12.3 ms +- 0.1 ms

### python_startup_no_site ###
Mean +- std dev: 7.78 ms +- 0.13 ms

### raytrace ###
Mean +- std dev: 747 ms +- 9 ms

### regex_compile ###
Mean +- std dev: 237 ms +- 2 ms

### regex_dna ###
Mean +- std dev: 222 ms +- 2 ms

### regex_effbot ###
Mean +- std dev: 3.52 ms +- 0.02 ms

### regex_v8 ###
Mean +- std dev: 29.6 ms +- 0.2 ms

### richards ###
Mean +- std dev: 117 ms +- 1 ms

### richards_super ###
Mean +- std dev: 140 ms +- 2 ms

### scimark_fft ###
Mean +- std dev: 531 ms +- 7 ms

### scimark_lu ###
Mean +- std dev: 230 ms +- 3 ms

### scimark_monte_carlo ###
Mean +- std dev: 144 ms +- 3 ms

### scimark_sor ###
Mean +- std dev: 278 ms +- 2 ms

### scimark_sparse_mat_mult ###
Mean +- std dev: 6.74 ms +- 0.15 ms

### spectral_norm ###
Mean +- std dev: 199 ms +- 1 ms

### sqlalchemy_declarative ###
Mean +- std dev: 217 ms +- 5 ms

### sqlalchemy_imperative ###
Mean +- std dev: 30.6 ms +- 1.4 ms

### sqlglot_parse ###
Mean +- std dev: 2.97 ms +- 0.04 ms

### sqlglot_transpile ###
Mean +- std dev: 3.47 ms +- 0.02 ms

### sqlglot_optimize ###
Mean +- std dev: 95.6 ms +- 0.5 ms

### sqlglot_normalize ###
Mean +- std dev: 202 ms +- 1 ms

### sqlite_synth ###
Mean +- std dev: 3.79 us +- 0.10 us

### sympy_expand ###
Mean +- std dev: 747 ms +- 9 ms

### sympy_integrate ###
Mean +- std dev: 32.4 ms +- 0.2 ms

### sympy_sum ###
Mean +- std dev: 252 ms +- 2 ms

### sympy_str ###
Mean +- std dev: 450 ms +- 4 ms

### telco ###
Mean +- std dev: 9.03 ms +- 0.24 ms

### tomli_loads ###
Mean +- std dev: 3.83 sec +- 0.05 sec

### tornado_http ###
Mean +- std dev: 200 ms +- 6 ms

### typing_runtime_protocols ###
Mean +- std dev: 736 us +- 7 us

### unpack_sequence ###
Mean +- std dev: 71.1 ns +- 0.7 ns

### unpickle ###
Mean +- std dev: 18.4 us +- 0.3 us

### unpickle_list ###
Mean +- std dev: 6.60 us +- 0.10 us

### unpickle_pure_python ###
Mean +- std dev: 439 us +- 3 us

### xml_etree_parse ###
Mean +- std dev: 203 ms +- 3 ms

### xml_etree_iterparse ###
Mean +- std dev: 141 ms +- 2 ms

### xml_etree_generate ###
Mean +- std dev: 131 ms +- 2 ms

### xml_etree_process ###
Mean +- std dev: 106 ms +- 2 ms

CONTAINER ID   IMAGE           COMMAND              CREATED             STATUS                              PORTS     NAMES
fdf0ad5ec2ba   python:3.10.6   "sh run.sh 3.10.6"   About an hour ago   Exited (0) Less than a second ago             t3.10.6
t3.10.6
CONTAINER ID   IMAGE     COMMAND   CREATED   STATUS    PORTS     NAMES
Total reclaimed space: 0B

real    76m40.963s
user    0m0.649s
sys     0m0.775s