Performance version: 1.10.0
Report on Linux-5.15.0-88-generic-x86_64-with-glibc2.36
Number of logical CPUs: 2
Start date: 2024-01-01 02:24:25.410466
End date: 2024-01-01 03:31:37.634559

### 2to3 ###
Mean +- std dev: 468 ms +- 3 ms

### async_generators ###
Mean +- std dev: 526 ms +- 5 ms

### async_tree_none ###
Mean +- std dev: 980 ms +- 45 ms

### async_tree_cpu_io_mixed ###
Mean +- std dev: 1.37 sec +- 0.05 sec

### async_tree_io ###
Mean +- std dev: 2.39 sec +- 0.02 sec

### async_tree_memoization ###
Mean +- std dev: 1.17 sec +- 0.04 sec

### asyncio_tcp ###
Mean +- std dev: 1.23 sec +- 0.02 sec

### asyncio_tcp_ssl ###
Mean +- std dev: 4.19 sec +- 0.49 sec

### asyncio_websockets ###
Mean +- std dev: 633 ms +- 2 ms

### chameleon ###
Mean +- std dev: 13.8 ms +- 0.6 ms

### chaos ###
Mean +- std dev: 165 ms +- 3 ms

### comprehensions ###
Mean +- std dev: 38.9 us +- 2.7 us

### bench_mp_pool ###
Mean +- std dev: 19.3 ms +- 1.5 ms

### bench_thread_pool ###
Mean +- std dev: 1.63 ms +- 0.02 ms

### coroutines ###
Mean +- std dev: 55.6 ms +- 0.3 ms

### coverage ###
Mean +- std dev: 51.8 ms +- 0.3 ms

### crypto_pyaes ###
Mean +- std dev: 156 ms +- 1 ms

### dask ###
Mean +- std dev: 890 ms +- 13 ms

### deepcopy ###
Mean +- std dev: 631 us +- 4 us

### deepcopy_reduce ###
Mean +- std dev: 5.59 us +- 0.05 us

### deepcopy_memo ###
Mean +- std dev: 71.6 us +- 0.8 us

### deltablue ###
Mean +- std dev: 11.1 ms +- 0.2 ms

### django_template ###
Mean +- std dev: 75.4 ms +- 0.6 ms

### docutils ###
Mean +- std dev: 4.05 sec +- 0.03 sec

### dulwich_log ###
Mean +- std dev: 112 ms +- 1 ms

### fannkuch ###
Mean +- std dev: 624 ms +- 4 ms

### float ###
Mean +- std dev: 169 ms +- 2 ms

### create_gc_cycles ###
Mean +- std dev: 1.84 ms +- 0.01 ms

### gc_traversal ###
Mean +- std dev: 4.82 ms +- 0.80 ms

### generators ###
Mean +- std dev: 84.0 ms +- 0.8 ms

### genshi_text ###
Mean +- std dev: 43.0 ms +- 0.4 ms

### genshi_xml ###
Mean +- std dev: 88.8 ms +- 1.3 ms

### go ###
Mean +- std dev: 369 ms +- 3 ms

### hexiom ###
Mean +- std dev: 14.1 ms +- 0.1 ms

### html5lib ###
Mean +- std dev: 122 ms +- 7 ms

### json_dumps ###
Mean +- std dev: 17.8 ms +- 0.2 ms

### json_loads ###
Mean +- std dev: 32.5 us +- 0.4 us

### logging_format ###
Mean +- std dev: 14.5 us +- 0.1 us

### logging_silent ###
Mean +- std dev: 283 ns +- 7 ns

### logging_simple ###
Mean +- std dev: 13.1 us +- 0.2 us

### mako ###
Mean +- std dev: 23.4 ms +- 0.2 ms

### mdp ###
Mean +- std dev: 4.15 sec +- 0.03 sec

### meteor_contest ###
Mean +- std dev: 138 ms +- 1 ms

### nbody ###
Mean +- std dev: 192 ms +- 29 ms

### nqueens ###
Mean +- std dev: 135 ms +- 1 ms

### pathlib ###
Mean +- std dev: 32.9 ms +- 0.4 ms

### pickle ###
Mean +- std dev: 14.3 us +- 0.2 us

### pickle_dict ###
Mean +- std dev: 32.9 us +- 0.2 us

### pickle_list ###
Mean +- std dev: 5.22 us +- 0.06 us

### pickle_pure_python ###
Mean +- std dev: 678 us +- 8 us

### pidigits ###
Mean +- std dev: 236 ms +- 1 ms

### pprint_pformat ###
Mean +- std dev: 2.12 sec +- 0.08 sec

### pyflate ###
Mean +- std dev: 970 ms +- 8 ms

### python_startup ###
Mean +- std dev: 12.7 ms +- 0.2 ms

### python_startup_no_site ###
Mean +- std dev: 8.14 ms +- 0.15 ms

### raytrace ###
Mean +- std dev: 778 ms +- 6 ms

### regex_compile ###
Mean +- std dev: 239 ms +- 1 ms

### regex_dna ###
Mean +- std dev: 231 ms +- 6 ms

### regex_effbot ###
Mean +- std dev: 3.46 ms +- 0.04 ms

### regex_v8 ###
Mean +- std dev: 29.3 ms +- 0.3 ms

### richards ###
Mean +- std dev: 110 ms +- 2 ms

### richards_super ###
Mean +- std dev: 132 ms +- 2 ms

### scimark_fft ###
Mean +- std dev: 513 ms +- 3 ms

### scimark_lu ###
Mean +- std dev: 223 ms +- 3 ms

### scimark_monte_carlo ###
Mean +- std dev: 152 ms +- 3 ms

### scimark_sor ###
Mean +- std dev: 284 ms +- 3 ms

### scimark_sparse_mat_mult ###
Mean +- std dev: 6.37 ms +- 0.06 ms

### spectral_norm ###
Mean +- std dev: 202 ms +- 1 ms

### sqlalchemy_declarative ###
Mean +- std dev: 224 ms +- 5 ms

### sqlalchemy_imperative ###
Mean +- std dev: 31.5 ms +- 1.3 ms

### sqlglot_parse ###
Mean +- std dev: 3.23 ms +- 0.03 ms

### sqlglot_transpile ###
Mean +- std dev: 3.72 ms +- 0.02 ms

### sqlglot_optimize ###
Mean +- std dev: 92.9 ms +- 0.6 ms

### sqlglot_normalize ###
Mean +- std dev: 196 ms +- 1 ms

### sqlite_synth ###
Mean +- std dev: 4.29 us +- 0.13 us

### sympy_expand ###
Mean +- std dev: 755 ms +- 5 ms

### sympy_integrate ###
Mean +- std dev: 32.3 ms +- 0.2 ms

### sympy_sum ###
Mean +- std dev: 253 ms +- 3 ms

### sympy_str ###
Mean +- std dev: 454 ms +- 4 ms

### telco ###
Mean +- std dev: 8.78 ms +- 0.17 ms

### tomli_loads ###
Mean +- std dev: 3.78 sec +- 0.03 sec

### tornado_http ###
Mean +- std dev: 207 ms +- 6 ms

### typing_runtime_protocols ###
Mean +- std dev: 733 us +- 6 us

### unpack_sequence ###
Mean +- std dev: 66.6 ns +- 0.8 ns

### unpickle ###
Mean +- std dev: 18.8 us +- 0.2 us

### unpickle_list ###
Mean +- std dev: 6.70 us +- 0.05 us

### unpickle_pure_python ###
Mean +- std dev: 464 us +- 4 us

### xml_etree_parse ###
Mean +- std dev: 195 ms +- 3 ms

### xml_etree_iterparse ###
Mean +- std dev: 137 ms +- 2 ms

### xml_etree_generate ###
Mean +- std dev: 131 ms +- 2 ms

### xml_etree_process ###
Mean +- std dev: 104 ms +- 1 ms

CONTAINER ID   IMAGE          COMMAND             CREATED             STATUS                              PORTS     NAMES
8b40ad9933af   python:3.9.6   "sh run.sh 3.9.6"   About an hour ago   Exited (0) Less than a second ago             t3.9.6
t3.9.6
CONTAINER ID   IMAGE     COMMAND   CREATED   STATUS    PORTS     NAMES
Total reclaimed space: 0B