Performance version: 1.10.0
Report on Linux-5.15.0-88-generic-x86_64-with-glibc2.36
Number of logical CPUs: 2
Start date: 2023-12-31 14:26:37.735573
End date: 2023-12-31 15:33:49.169273

### 2to3 ###
Mean +- std dev: 471 ms +- 4 ms

### async_generators ###
Mean +- std dev: 536 ms +- 5 ms

### async_tree_none ###
Mean +- std dev: 998 ms +- 44 ms

### async_tree_cpu_io_mixed ###
Mean +- std dev: 1.39 sec +- 0.04 sec

### async_tree_io ###
Mean +- std dev: 2.42 sec +- 0.02 sec

### async_tree_memoization ###
Mean +- std dev: 1.19 sec +- 0.03 sec

### asyncio_tcp ###
Mean +- std dev: 1.22 sec +- 0.01 sec

### asyncio_tcp_ssl ###
Mean +- std dev: 4.00 sec +- 0.65 sec

### asyncio_websockets ###
Mean +- std dev: 633 ms +- 2 ms

### chameleon ###
Mean +- std dev: 13.6 ms +- 0.2 ms

### chaos ###
Mean +- std dev: 166 ms +- 2 ms

### comprehensions ###
Mean +- std dev: 38.3 us +- 0.4 us

### bench_mp_pool ###
Mean +- std dev: 19.3 ms +- 1.3 ms

### bench_thread_pool ###
Mean +- std dev: 1.62 ms +- 0.01 ms

### coroutines ###
Mean +- std dev: 56.9 ms +- 0.3 ms

### coverage ###
Mean +- std dev: 51.3 ms +- 0.3 ms

### crypto_pyaes ###
Mean +- std dev: 158 ms +- 1 ms

### dask ###
Mean +- std dev: 893 ms +- 31 ms

### deepcopy ###
Mean +- std dev: 647 us +- 5 us

### deepcopy_reduce ###
Mean +- std dev: 5.63 us +- 0.06 us

### deepcopy_memo ###
Mean +- std dev: 72.5 us +- 0.6 us

### deltablue ###
Mean +- std dev: 11.3 ms +- 0.2 ms

### django_template ###
Mean +- std dev: 76.6 ms +- 0.9 ms

### docutils ###
Mean +- std dev: 4.05 sec +- 0.02 sec

### dulwich_log ###
Mean +- std dev: 114 ms +- 1 ms

### fannkuch ###
Mean +- std dev: 625 ms +- 5 ms

### float ###
Mean +- std dev: 169 ms +- 2 ms

### create_gc_cycles ###
Mean +- std dev: 1.83 ms +- 0.00 ms

### gc_traversal ###
Mean +- std dev: 4.38 ms +- 0.02 ms

### generators ###
Mean +- std dev: 84.3 ms +- 0.5 ms

### genshi_text ###
Mean +- std dev: 43.3 ms +- 0.4 ms

### genshi_xml ###
Mean +- std dev: 89.3 ms +- 1.3 ms

### go ###
Mean +- std dev: 372 ms +- 3 ms

### hexiom ###
Mean +- std dev: 14.2 ms +- 0.1 ms

### html5lib ###
Mean +- std dev: 121 ms +- 7 ms

### json_dumps ###
Mean +- std dev: 17.9 ms +- 0.2 ms

### json_loads ###
Mean +- std dev: 33.2 us +- 0.3 us

### logging_format ###
Mean +- std dev: 14.3 us +- 0.1 us

### logging_silent ###
Mean +- std dev: 283 ns +- 5 ns

### logging_simple ###
Mean +- std dev: 13.2 us +- 0.2 us

### mako ###
Mean +- std dev: 23.5 ms +- 0.2 ms

### mdp ###
Mean +- std dev: 4.01 sec +- 0.02 sec

### meteor_contest ###
Mean +- std dev: 138 ms +- 1 ms

### nbody ###
Mean +- std dev: 189 ms +- 1 ms

### nqueens ###
Mean +- std dev: 135 ms +- 1 ms

### pathlib ###
Mean +- std dev: 32.5 ms +- 0.4 ms

### pickle ###
Mean +- std dev: 14.3 us +- 0.2 us

### pickle_dict ###
Mean +- std dev: 32.5 us +- 0.2 us

### pickle_list ###
Mean +- std dev: 5.20 us +- 0.06 us

### pickle_pure_python ###
Mean +- std dev: 681 us +- 8 us

### pidigits ###
Mean +- std dev: 241 ms +- 1 ms

### pprint_pformat ###
Mean +- std dev: 2.12 sec +- 0.02 sec

### pyflate ###
Mean +- std dev: 967 ms +- 7 ms

### python_startup ###
Mean +- std dev: 12.5 ms +- 0.1 ms

### python_startup_no_site ###
Mean +- std dev: 8.04 ms +- 0.14 ms

### raytrace ###
Mean +- std dev: 779 ms +- 5 ms

### regex_compile ###
Mean +- std dev: 242 ms +- 1 ms

### regex_dna ###
Mean +- std dev: 218 ms +- 2 ms

### regex_effbot ###
Mean +- std dev: 4.29 ms +- 0.06 ms

### regex_v8 ###
Mean +- std dev: 29.2 ms +- 0.3 ms

### richards ###
Mean +- std dev: 110 ms +- 1 ms

### richards_super ###
Mean +- std dev: 131 ms +- 1 ms

### scimark_fft ###
Mean +- std dev: 512 ms +- 4 ms

### scimark_lu ###
Mean +- std dev: 227 ms +- 3 ms

### scimark_monte_carlo ###
Mean +- std dev: 152 ms +- 3 ms

### scimark_sor ###
Mean +- std dev: 285 ms +- 5 ms

### scimark_sparse_mat_mult ###
Mean +- std dev: 6.57 ms +- 0.09 ms

### spectral_norm ###
Mean +- std dev: 192 ms +- 1 ms

### sqlalchemy_declarative ###
Mean +- std dev: 224 ms +- 5 ms

### sqlalchemy_imperative ###
Mean +- std dev: 31.9 ms +- 1.2 ms

### sqlglot_parse ###
Mean +- std dev: 3.25 ms +- 0.02 ms

### sqlglot_transpile ###
Mean +- std dev: 3.76 ms +- 0.03 ms

### sqlglot_optimize ###
Mean +- std dev: 93.8 ms +- 0.4 ms

### sqlglot_normalize ###
Mean +- std dev: 199 ms +- 1 ms

### sqlite_synth ###
Mean +- std dev: 4.44 us +- 0.16 us

### sympy_expand ###
Mean +- std dev: 759 ms +- 4 ms

### sympy_integrate ###
Mean +- std dev: 32.7 ms +- 0.2 ms

### sympy_sum ###
Mean +- std dev: 254 ms +- 2 ms

### sympy_str ###
Mean +- std dev: 457 ms +- 4 ms

### telco ###
Mean +- std dev: 8.95 ms +- 0.30 ms

### tomli_loads ###
Mean +- std dev: 3.77 sec +- 0.02 sec

### tornado_http ###
Mean +- std dev: 207 ms +- 6 ms

### typing_runtime_protocols ###
Mean +- std dev: 740 us +- 6 us

### unpack_sequence ###
Mean +- std dev: 66.6 ns +- 0.8 ns

### unpickle ###
Mean +- std dev: 18.7 us +- 0.1 us

### unpickle_list ###
Mean +- std dev: 6.39 us +- 0.06 us

### unpickle_pure_python ###
Mean +- std dev: 467 us +- 4 us

### xml_etree_parse ###
Mean +- std dev: 200 ms +- 2 ms

### xml_etree_iterparse ###
Mean +- std dev: 138 ms +- 2 ms

### xml_etree_generate ###
Mean +- std dev: 130 ms +- 3 ms

### xml_etree_process ###
Mean +- std dev: 103 ms +- 1 ms

CONTAINER ID   IMAGE          COMMAND             CREATED             STATUS                              PORTS     NAMES
688126d2f186   python:3.9.9   "sh run.sh 3.9.9"   About an hour ago   Exited (0) Less than a second ago             t3.9.9
t3.9.9
CONTAINER ID   IMAGE     COMMAND   CREATED   STATUS    PORTS     NAMES
Total reclaimed space: 0B

real    73m24.053s
user    0m0.538s
sys     0m0.810s