Performance version: 1.10.0
Report on Linux-5.15.0-88-generic-x86_64-with-glibc2.36
Number of logical CPUs: 2
Start date: 2023-12-30 05:43:53.456900
End date: 2023-12-30 06:49:36.383980

### 2to3 ###
Mean +- std dev: 354 ms +- 3 ms

### async_generators ###
Mean +- std dev: 419 ms +- 5 ms

### async_tree_none ###
Mean +- std dev: 678 ms +- 13 ms

### async_tree_cpu_io_mixed ###
Mean +- std dev: 1000 ms +- 8 ms

### async_tree_cpu_io_mixed_tg ###
Mean +- std dev: 979 ms +- 24 ms

### async_tree_io ###
Mean +- std dev: 1.62 sec +- 0.04 sec

### async_tree_io_tg ###
Mean +- std dev: 1.57 sec +- 0.01 sec

### async_tree_memoization ###
Mean +- std dev: 840 ms +- 13 ms

### async_tree_memoization_tg ###
Mean +- std dev: 850 ms +- 134 ms

### async_tree_none_tg ###
Mean +- std dev: 597 ms +- 9 ms

### asyncio_tcp ###
Mean +- std dev: 1.13 sec +- 0.02 sec

### asyncio_tcp_ssl ###
Mean +- std dev: 4.36 sec +- 0.02 sec

### asyncio_websockets ###
Mean +- std dev: 649 ms +- 8 ms

### chameleon ###
Mean +- std dev: 8.86 ms +- 0.11 ms

### chaos ###
Mean +- std dev: 91.6 ms +- 0.9 ms

### comprehensions ###
Mean +- std dev: 30.6 us +- 0.2 us

### bench_mp_pool ###
Mean +- std dev: 18.7 ms +- 1.4 ms

### bench_thread_pool ###
Mean +- std dev: 1.38 ms +- 0.01 ms

### coroutines ###
Mean +- std dev: 34.5 ms +- 0.4 ms

### coverage ###
Mean +- std dev: 72.6 ms +- 0.5 ms

### crypto_pyaes ###
Mean +- std dev: 96.8 ms +- 0.8 ms

### dask ###
Mean +- std dev: 670 ms +- 10 ms

### deepcopy ###
Mean +- std dev: 473 us +- 4 us

### deepcopy_reduce ###
Mean +- std dev: 4.29 us +- 0.09 us

### deepcopy_memo ###
Mean +- std dev: 46.8 us +- 0.4 us

### deltablue ###
Mean +- std dev: 5.42 ms +- 0.05 ms

### django_template ###
Mean +- std dev: 48.8 ms +- 0.4 ms

### docutils ###
Mean +- std dev: 3.30 sec +- 0.03 sec

### dulwich_log ###
Mean +- std dev: 91.7 ms +- 0.8 ms

### fannkuch ###
Mean +- std dev: 487 ms +- 6 ms

### float ###
Mean +- std dev: 98.9 ms +- 1.2 ms

### create_gc_cycles ###
Mean +- std dev: 1.70 ms +- 0.01 ms

### gc_traversal ###
Mean +- std dev: 4.25 ms +- 0.01 ms

### generators ###
Mean +- std dev: 71.1 ms +- 0.6 ms

### genshi_text ###
Mean +- std dev: 28.9 ms +- 0.3 ms

### genshi_xml ###
Mean +- std dev: 68.1 ms +- 1.2 ms

### go ###
Mean +- std dev: 182 ms +- 3 ms

### hexiom ###
Mean +- std dev: 8.32 ms +- 0.08 ms

### html5lib ###
Mean +- std dev: 80.5 ms +- 4.1 ms

### json_dumps ###
Mean +- std dev: 15.9 ms +- 0.2 ms

### json_loads ###
Mean +- std dev: 32.8 us +- 0.3 us

### logging_format ###
Mean +- std dev: 10.5 us +- 0.2 us

### logging_silent ###
Mean +- std dev: 141 ns +- 2 ns

### logging_simple ###
Mean +- std dev: 9.33 us +- 0.13 us

### mako ###
Mean +- std dev: 13.5 ms +- 0.1 ms

### mdp ###
Mean +- std dev: 3.70 sec +- 0.03 sec

### meteor_contest ###
Mean +- std dev: 126 ms +- 1 ms

### nbody ###
Mean +- std dev: 109 ms +- 2 ms

### nqueens ###
Mean +- std dev: 115 ms +- 1 ms

### pathlib ###
Mean +- std dev: 31.4 ms +- 0.2 ms

### pickle ###
Mean +- std dev: 12.9 us +- 0.1 us

### pickle_dict ###
Mean +- std dev: 33.1 us +- 0.3 us

### pickle_list ###
Mean +- std dev: 4.94 us +- 0.09 us

### pickle_pure_python ###
Mean +- std dev: 410 us +- 6 us

### pidigits ###
Mean +- std dev: 239 ms +- 1 ms

### pprint_safe_repr ###
Mean +- std dev: 999 ms +- 13 ms

### pprint_pformat ###
Mean +- std dev: 2.05 sec +- 0.01 sec

### pyflate ###
Mean +- std dev: 531 ms +- 6 ms

### python_startup ###
Mean +- std dev: 11.4 ms +- 0.2 ms

### python_startup_no_site ###
Mean +- std dev: 8.21 ms +- 0.13 ms

### raytrace ###
Mean +- std dev: 409 ms +- 2 ms

### regex_compile ###
Mean +- std dev: 179 ms +- 1 ms

### regex_dna ###
Mean +- std dev: 203 ms +- 1 ms

### regex_effbot ###
Mean +- std dev: 3.36 ms +- 0.05 ms

### regex_v8 ###
Mean +- std dev: 25.5 ms +- 0.2 ms

### richards ###
Mean +- std dev: 66.9 ms +- 1.2 ms

### richards_super ###
Mean +- std dev: 83.7 ms +- 1.1 ms

### scimark_fft ###
Mean +- std dev: 428 ms +- 4 ms

### scimark_lu ###
Mean +- std dev: 150 ms +- 4 ms

### scimark_monte_carlo ###
Mean +- std dev: 89.3 ms +- 1.0 ms

### scimark_sor ###
Mean +- std dev: 152 ms +- 2 ms

### scimark_sparse_mat_mult ###
Mean +- std dev: 5.32 ms +- 0.14 ms

### spectral_norm ###
Mean +- std dev: 133 ms +- 2 ms

### sqlalchemy_declarative ###
Mean +- std dev: 177 ms +- 5 ms

### sqlalchemy_imperative ###
Mean +- std dev: 24.3 ms +- 0.2 ms

### sqlglot_parse ###
Mean +- std dev: 1.92 ms +- 0.04 ms

### sqlglot_transpile ###
Mean +- std dev: 2.32 ms +- 0.03 ms

### sqlglot_optimize ###
Mean +- std dev: 74.8 ms +- 0.5 ms

### sqlglot_normalize ###
Mean +- std dev: 155 ms +- 1 ms

### sqlite_synth ###
Mean +- std dev: 3.15 us +- 0.05 us

### sympy_expand ###
Mean +- std dev: 645 ms +- 7 ms

### sympy_integrate ###
Mean +- std dev: 27.3 ms +- 0.2 ms

### sympy_sum ###
Mean +- std dev: 224 ms +- 2 ms

### sympy_str ###
Mean +- std dev: 395 ms +- 3 ms

### telco ###
Mean +- std dev: 8.22 ms +- 0.27 ms

### tomli_loads ###
Mean +- std dev: 2.95 sec +- 0.04 sec

### tornado_http ###
Mean +- std dev: 153 ms +- 6 ms

### typing_runtime_protocols ###
Mean +- std dev: 714 us +- 7 us

### unpack_sequence ###
Mean +- std dev: 50.8 ns +- 0.8 ns

### unpickle ###
Mean +- std dev: 18.2 us +- 0.3 us

### unpickle_list ###
Mean +- std dev: 6.20 us +- 0.06 us

### unpickle_pure_python ###
Mean +- std dev: 321 us +- 5 us

### xml_etree_parse ###
Mean +- std dev: 195 ms +- 3 ms

### xml_etree_iterparse ###
Mean +- std dev: 130 ms +- 2 ms

### xml_etree_generate ###
Mean +- std dev: 110 ms +- 2 ms

### xml_etree_process ###
Mean +- std dev: 76.0 ms +- 0.9 ms

CONTAINER ID   IMAGE           COMMAND              CREATED             STATUS                              PORTS     NAMES
d1ae470adb4f   python:3.11.2   "sh run.sh 3.11.2"   About an hour ago   Exited (0) Less than a second ago             t3.11.2
t3.11.2
CONTAINER ID   IMAGE     COMMAND   CREATED   STATUS    PORTS     NAMES
Total reclaimed space: 0B

real    72m57.746s
user    0m0.609s
sys     0m0.834s