Performance version: 1.10.0
Report on Linux-5.15.0-88-generic-x86_64-with-glibc2.36
Number of logical CPUs: 2
Start date: 2023-12-31 15:55:29.805279
End date: 2023-12-31 17:02:37.305127

### 2to3 ###
Mean +- std dev: 471 ms +- 3 ms

### async_generators ###
Mean +- std dev: 534 ms +- 5 ms

### async_tree_none ###
Mean +- std dev: 997 ms +- 44 ms

### async_tree_cpu_io_mixed ###
Mean +- std dev: 1.39 sec +- 0.04 sec

### async_tree_io ###
Mean +- std dev: 2.42 sec +- 0.02 sec

### async_tree_memoization ###
Mean +- std dev: 1.19 sec +- 0.03 sec

### asyncio_tcp ###
Mean +- std dev: 1.23 sec +- 0.01 sec

### asyncio_tcp_ssl ###
Mean +- std dev: 4.06 sec +- 0.63 sec

### asyncio_websockets ###
Mean +- std dev: 633 ms +- 3 ms

### chameleon ###
Mean +- std dev: 13.6 ms +- 0.2 ms

### chaos ###
Mean +- std dev: 166 ms +- 1 ms

### comprehensions ###
Mean +- std dev: 38.3 us +- 0.3 us

### bench_mp_pool ###
Mean +- std dev: 19.1 ms +- 1.5 ms

### bench_thread_pool ###
Mean +- std dev: 1.63 ms +- 0.03 ms

### coroutines ###
Mean +- std dev: 56.8 ms +- 0.3 ms

### coverage ###
Mean +- std dev: 51.4 ms +- 0.5 ms

### crypto_pyaes ###
Mean +- std dev: 158 ms +- 1 ms

### dask ###
Mean +- std dev: 891 ms +- 11 ms

### deepcopy ###
Mean +- std dev: 650 us +- 7 us

### deepcopy_reduce ###
Mean +- std dev: 5.64 us +- 0.05 us

### deepcopy_memo ###
Mean +- std dev: 72.6 us +- 0.6 us

### deltablue ###
Mean +- std dev: 11.2 ms +- 0.2 ms

### django_template ###
Mean +- std dev: 76.5 ms +- 0.9 ms

### docutils ###
Mean +- std dev: 4.06 sec +- 0.02 sec

### dulwich_log ###
Mean +- std dev: 114 ms +- 1 ms

### fannkuch ###
Mean +- std dev: 626 ms +- 6 ms

### float ###
Mean +- std dev: 170 ms +- 2 ms

### create_gc_cycles ###
Mean +- std dev: 1.83 ms +- 0.01 ms

### gc_traversal ###
Mean +- std dev: 4.39 ms +- 0.02 ms

### generators ###
Mean +- std dev: 84.3 ms +- 0.5 ms

### genshi_text ###
Mean +- std dev: 43.5 ms +- 0.4 ms

### genshi_xml ###
Mean +- std dev: 89.1 ms +- 1.4 ms

### go ###
Mean +- std dev: 373 ms +- 3 ms

### hexiom ###
Mean +- std dev: 14.2 ms +- 0.1 ms

### html5lib ###
Mean +- std dev: 121 ms +- 7 ms

### json_dumps ###
Mean +- std dev: 17.8 ms +- 0.2 ms

### json_loads ###
Mean +- std dev: 33.1 us +- 0.5 us

### logging_format ###
Mean +- std dev: 14.4 us +- 0.1 us

### logging_silent ###
Mean +- std dev: 286 ns +- 8 ns

### logging_simple ###
Mean +- std dev: 13.2 us +- 0.2 us

### mako ###
Mean +- std dev: 23.5 ms +- 0.2 ms

### mdp ###
Mean +- std dev: 4.02 sec +- 0.03 sec

### meteor_contest ###
Mean +- std dev: 138 ms +- 1 ms

### nbody ###
Mean +- std dev: 188 ms +- 1 ms

### nqueens ###
Mean +- std dev: 136 ms +- 2 ms

### pathlib ###
Mean +- std dev: 32.6 ms +- 0.6 ms

### pickle ###
Mean +- std dev: 14.2 us +- 0.2 us

### pickle_dict ###
Mean +- std dev: 32.6 us +- 0.8 us

### pickle_list ###
Mean +- std dev: 5.20 us +- 0.06 us

### pickle_pure_python ###
Mean +- std dev: 679 us +- 8 us

### pidigits ###
Mean +- std dev: 241 ms +- 1 ms

### pprint_pformat ###
Mean +- std dev: 2.12 sec +- 0.01 sec

### pyflate ###
Mean +- std dev: 969 ms +- 8 ms

### python_startup ###
Mean +- std dev: 12.5 ms +- 0.1 ms

### python_startup_no_site ###
Mean +- std dev: 8.01 ms +- 0.12 ms

### raytrace ###
Mean +- std dev: 774 ms +- 6 ms

### regex_compile ###
Mean +- std dev: 241 ms +- 2 ms

### regex_dna ###
Mean +- std dev: 218 ms +- 2 ms

### regex_effbot ###
Mean +- std dev: 4.25 ms +- 0.06 ms

### regex_v8 ###
Mean +- std dev: 29.1 ms +- 0.2 ms

### richards ###
Mean +- std dev: 110 ms +- 3 ms

### richards_super ###
Mean +- std dev: 130 ms +- 2 ms

### scimark_fft ###
Mean +- std dev: 512 ms +- 3 ms

### scimark_lu ###
Mean +- std dev: 229 ms +- 12 ms

### scimark_monte_carlo ###
Mean +- std dev: 153 ms +- 3 ms

### scimark_sor ###
Mean +- std dev: 284 ms +- 5 ms

### scimark_sparse_mat_mult ###
Mean +- std dev: 6.54 ms +- 0.08 ms

### spectral_norm ###
Mean +- std dev: 193 ms +- 1 ms

### sqlalchemy_declarative ###
Mean +- std dev: 224 ms +- 5 ms

### sqlalchemy_imperative ###
Mean +- std dev: 32.2 ms +- 1.3 ms

### sqlglot_parse ###
Mean +- std dev: 3.27 ms +- 0.04 ms

### sqlglot_transpile ###
Mean +- std dev: 3.76 ms +- 0.03 ms

### sqlglot_optimize ###
Mean +- std dev: 94.0 ms +- 0.4 ms

### sqlglot_normalize ###
Mean +- std dev: 200 ms +- 2 ms

### sqlite_synth ###
Mean +- std dev: 4.39 us +- 0.15 us

### sympy_expand ###
Mean +- std dev: 756 ms +- 5 ms

### sympy_integrate ###
Mean +- std dev: 32.7 ms +- 0.2 ms

### sympy_sum ###
Mean +- std dev: 256 ms +- 2 ms

### sympy_str ###
Mean +- std dev: 455 ms +- 3 ms

### telco ###
Mean +- std dev: 8.82 ms +- 0.32 ms

### tomli_loads ###
Mean +- std dev: 3.76 sec +- 0.03 sec

### tornado_http ###
Mean +- std dev: 207 ms +- 7 ms

### typing_runtime_protocols ###
Mean +- std dev: 742 us +- 7 us

### unpack_sequence ###
Mean +- std dev: 66.7 ns +- 0.9 ns

### unpickle ###
Mean +- std dev: 18.8 us +- 0.2 us

### unpickle_list ###
Mean +- std dev: 6.35 us +- 0.05 us

### unpickle_pure_python ###
Mean +- std dev: 471 us +- 12 us

### xml_etree_parse ###
Mean +- std dev: 200 ms +- 2 ms

### xml_etree_iterparse ###
Mean +- std dev: 138 ms +- 2 ms

### xml_etree_generate ###
Mean +- std dev: 130 ms +- 2 ms

### xml_etree_process ###
Mean +- std dev: 104 ms +- 2 ms

CONTAINER ID   IMAGE          COMMAND             CREATED             STATUS                              PORTS     NAMES
6e5b0d63130c   python:3.9.8   "sh run.sh 3.9.8"   About an hour ago   Exited (0) Less than a second ago             t3.9.8
t3.9.8
CONTAINER ID   IMAGE     COMMAND   CREATED   STATUS    PORTS     NAMES
Total reclaimed space: 0B

real    73m20.946s
user    0m0.589s
sys     0m0.734s