Performance version: 1.0.8
Report on Linux-5.15.49-linuxkit-pr-aarch64-with-glibc2.36
Number of logical CPUs: 4
Start date: 2023-06-08 05:07:03.667488
End date: 2023-06-08 06:07:54.481182

### 2to3 ###
Mean +- std dev: 249 ms +- 18 ms

### async_generators ###
Mean +- std dev: 281 ms +- 16 ms

### async_tree_none ###
Mean +- std dev: 572 ms +- 43 ms

### async_tree_cpu_io_mixed ###
Mean +- std dev: 854 ms +- 103 ms

### async_tree_eager ###
Mean +- std dev: 580 ms +- 83 ms

### async_tree_eager_cpu_io_mixed ###
Mean +- std dev: 839 ms +- 59 ms

### async_tree_eager_io ###
Mean +- std dev: 1.50 sec +- 0.09 sec

### async_tree_eager_memoization ###
Mean +- std dev: 798 ms +- 272 ms

### async_tree_io ###
Mean +- std dev: 1.66 sec +- 0.23 sec

### async_tree_memoization ###
Mean +- std dev: 740 ms +- 118 ms

### asyncio_tcp ###
Mean +- std dev: 937 ms +- 339 ms

### asyncio_tcp_ssl ###
Mean +- std dev: 3.16 sec +- 0.86 sec

### chameleon ###
Mean +- std dev: 7.27 ms +- 1.60 ms

### chaos ###
Mean +- std dev: 79.6 ms +- 4.0 ms

### comprehensions ###
Mean +- std dev: 20.1 us +- 0.7 us

### bench_mp_pool ###
Mean +- std dev: 10.3 ms +- 1.3 ms

### bench_thread_pool ###
Mean +- std dev: 1.24 ms +- 0.29 ms

### coroutines ###
Mean +- std dev: 24.2 ms +- 4.0 ms

### coverage ###
Mean +- std dev: 47.7 ms +- 4.7 ms

### crypto_pyaes ###
Mean +- std dev: 95.4 ms +- 21.9 ms

### dask ###
Mean +- std dev: 516 ms +- 58 ms

### deepcopy ###
Mean +- std dev: 320 us +- 41 us

### deepcopy_reduce ###
Mean +- std dev: 2.76 us +- 0.12 us

### deepcopy_memo ###
Mean +- std dev: 38.8 us +- 5.0 us

### deltablue ###
Mean +- std dev: 5.85 ms +- 0.62 ms

### django_template ###
Mean +- std dev: 36.7 ms +- 10.5 ms

### docutils ###
Mean +- std dev: 2.41 sec +- 0.13 sec

### dulwich_log ###
Mean +- std dev: 53.6 ms +- 5.1 ms

### fannkuch ###
Mean +- std dev: 352 ms +- 28 ms

### float ###
Mean +- std dev: 98.9 ms +- 6.4 ms

### create_gc_cycles ###
Mean +- std dev: 1.07 ms +- 0.07 ms

### gc_traversal ###
Mean +- std dev: 3.04 ms +- 0.13 ms

### generators ###
Mean +- std dev: 32.5 ms +- 1.4 ms

### genshi_text ###
Mean +- std dev: 20.1 ms +- 1.1 ms

### genshi_xml ###
Mean +- std dev: 42.5 ms +- 2.5 ms

### go ###
Mean +- std dev: 178 ms +- 8 ms

### hexiom ###
Mean +- std dev: 6.97 ms +- 0.36 ms

### html5lib ###
Mean +- std dev: 55.8 ms +- 6.5 ms

### json_dumps ###
Mean +- std dev: 12.1 ms +- 0.5 ms

### json_loads ###
Mean +- std dev: 27.4 us +- 1.9 us

### logging_format ###
Mean +- std dev: 6.67 us +- 0.28 us

### logging_silent ###
Mean +- std dev: 144 ns +- 23 ns

### logging_simple ###
Mean +- std dev: 6.63 us +- 1.76 us

### mako ###
Mean +- std dev: 13.1 ms +- 1.6 ms

### mdp ###
Mean +- std dev: 2.81 sec +- 0.05 sec

### meteor_contest ###
Mean +- std dev: 92.1 ms +- 23.1 ms

### nbody ###
Mean +- std dev: 101 ms +- 10 ms

### nqueens ###
Mean +- std dev: 74.7 ms +- 7.0 ms

### pathlib ###
Mean +- std dev: 20.2 ms +- 1.4 ms

### pickle ###
Mean +- std dev: 9.16 us +- 0.34 us

### pickle_dict ###
Mean +- std dev: 25.2 us +- 0.8 us

### pickle_list ###
Mean +- std dev: 3.84 us +- 0.15 us

### pickle_pure_python ###
Mean +- std dev: 345 us +- 12 us

### pidigits ###
Mean +- std dev: 224 ms +- 27 ms

### pprint_safe_repr ###
Mean +- std dev: 762 ms +- 39 ms

### pprint_pformat ###
Mean +- std dev: 1.53 sec +- 0.04 sec

### pyflate ###
Mean +- std dev: 532 ms +- 27 ms

### python_startup ###
Mean +- std dev: 15.8 ms +- 2.0 ms

### python_startup_no_site ###
Mean +- std dev: 8.91 ms +- 1.93 ms

### raytrace ###
Mean +- std dev: 378 ms +- 12 ms

### regex_compile ###
Mean +- std dev: 114 ms +- 6 ms

### regex_dna ###
Mean +- std dev: 171 ms +- 5 ms

### regex_effbot ###
Mean +- std dev: 2.65 ms +- 0.32 ms

### regex_v8 ###
Mean +- std dev: 22.1 ms +- 2.0 ms

### richards ###
Mean +- std dev: 59.7 ms +- 2.9 ms

### richards_super ###
Mean +- std dev: 73.0 ms +- 3.9 ms

### scimark_fft ###
Mean +- std dev: 456 ms +- 8 ms

### scimark_lu ###
Mean +- std dev: 166 ms +- 8 ms

### scimark_monte_carlo ###
Mean +- std dev: 101 ms +- 8 ms

### scimark_sor ###
Mean +- std dev: 175 ms +- 34 ms

### scimark_sparse_mat_mult ###
Mean +- std dev: 8.85 ms +- 0.19 ms

### spectral_norm ###
Mean +- std dev: 106 ms +- 4 ms

### sqlalchemy_declarative ###
Mean +- std dev: 106 ms +- 8 ms

### sqlalchemy_imperative ###
Mean +- std dev: 13.3 ms +- 3.4 ms

### sqlglot_parse ###
Mean +- std dev: 1.59 ms +- 0.12 ms

### sqlglot_transpile ###
Mean +- std dev: 1.88 ms +- 0.16 ms

### sqlglot_optimize ###
Mean +- std dev: 48.4 ms +- 2.0 ms

### sqlglot_normalize ###
Mean +- std dev: 250 ms +- 17 ms

### sqlite_synth ###
Mean +- std dev: 3.24 us +- 0.13 us

### sympy_expand ###
Mean +- std dev: 350 ms +- 17 ms

### sympy_integrate ###
Mean +- std dev: 18.4 ms +- 2.1 ms

### sympy_sum ###
Mean +- std dev: 142 ms +- 16 ms

### sympy_str ###
Mean +- std dev: 222 ms +- 17 ms

### telco ###
Mean +- std dev: 7.73 ms +- 1.06 ms

### tomli_loads ###
Mean +- std dev: 2.30 sec +- 0.21 sec

### tornado_http ###
Mean +- std dev: 138 ms +- 24 ms

### typing_runtime_protocols ###
Mean +- std dev: 425 us +- 81 us

### unpack_sequence ###
Mean +- std dev: 39.2 ns +- 1.4 ns

### unpickle ###
Mean +- std dev: 12.5 us +- 0.5 us

### unpickle_list ###
Mean +- std dev: 5.41 us +- 0.15 us

### unpickle_pure_python ###
Mean +- std dev: 254 us +- 26 us

### xml_etree_parse ###
Mean +- std dev: 194 ms +- 28 ms

### xml_etree_iterparse ###
Mean +- std dev: 119 ms +- 13 ms

### xml_etree_generate ###
Mean +- std dev: 90.6 ms +- 8.7 ms

### xml_etree_process ###
Mean +- std dev: 69.8 ms +- 6.1 ms

CONTAINER ID   IMAGE           COMMAND              CREATED             STATUS                    PORTS     NAMES
61b2e4d48791   python:3.10.0   "sh run.sh 3.10.0"   About an hour ago   Exited (0) 1 second ago             t3.10.0
t3.10.0
CONTAINER ID   IMAGE     COMMAND   CREATED   STATUS    PORTS     NAMES
Deleted build cache objects:
jcr6wjrnwubhruito4h6v3vk6
bcc9tzqx8nlc19q3mpyzjl6lg
yhk61q8o81rdeht5zv50myepm

Total reclaimed space: 1.009kB