Performance version: 1.0.8
Report on Linux-5.15.49-linuxkit-pr-aarch64-with-glibc2.36
Number of logical CPUs: 4
Start date: 2023-06-08 14:36:58.156364
End date: 2023-06-08 15:35:42.394935

### 2to3 ###
Mean +- std dev: 258 ms +- 12 ms

### async_generators ###
Mean +- std dev: 296 ms +- 20 ms

### async_tree_none ###
Mean +- std dev: 605 ms +- 62 ms

### async_tree_cpu_io_mixed ###
Mean +- std dev: 872 ms +- 59 ms

### async_tree_eager ###
Mean +- std dev: 604 ms +- 46 ms

### async_tree_eager_cpu_io_mixed ###
Mean +- std dev: 871 ms +- 58 ms

### async_tree_eager_io ###
Mean +- std dev: 1.56 sec +- 0.08 sec

### async_tree_eager_memoization ###
Mean +- std dev: 715 ms +- 56 ms

### async_tree_io ###
Mean +- std dev: 1.85 sec +- 0.66 sec

### async_tree_memoization ###
Mean +- std dev: 773 ms +- 102 ms

### asyncio_tcp ###
Mean +- std dev: 919 ms +- 83 ms

### asyncio_tcp_ssl ###
Mean +- std dev: 2.72 sec +- 0.84 sec

### chameleon ###
Mean +- std dev: 7.13 ms +- 1.28 ms

### chaos ###
Mean +- std dev: 82.6 ms +- 5.3 ms

### comprehensions ###
Mean +- std dev: 21.6 us +- 2.9 us

### bench_mp_pool ###
Mean +- std dev: 11.7 ms +- 1.1 ms

### bench_thread_pool ###
Mean +- std dev: 1.27 ms +- 0.12 ms

### coroutines ###
Mean +- std dev: 24.3 ms +- 1.1 ms

### coverage ###
Mean +- std dev: 46.9 ms +- 3.4 ms

### crypto_pyaes ###
Mean +- std dev: 98.4 ms +- 8.2 ms

### dask ###
Mean +- std dev: 556 ms +- 67 ms

### deepcopy ###
Mean +- std dev: 315 us +- 18 us

### deepcopy_reduce ###
Mean +- std dev: 2.73 us +- 0.09 us

### deepcopy_memo ###
Mean +- std dev: 36.9 us +- 0.6 us

### deltablue ###
Mean +- std dev: 5.53 ms +- 0.11 ms

### django_template ###
Mean +- std dev: 33.7 ms +- 2.3 ms

### docutils ###
Mean +- std dev: 2.30 sec +- 0.17 sec

### dulwich_log ###
Mean +- std dev: 67.6 ms +- 56.1 ms

### fannkuch ###
Mean +- std dev: 352 ms +- 15 ms

### float ###
Mean +- std dev: 95.6 ms +- 2.8 ms

### create_gc_cycles ###
Mean +- std dev: 1.03 ms +- 0.08 ms

### gc_traversal ###
Mean +- std dev: 2.99 ms +- 0.16 ms

### generators ###
Mean +- std dev: 32.8 ms +- 3.1 ms

### genshi_text ###
Mean +- std dev: 20.4 ms +- 2.4 ms

### genshi_xml ###
Mean +- std dev: 40.8 ms +- 1.8 ms

### go ###
Mean +- std dev: 175 ms +- 5 ms

### hexiom ###
Mean +- std dev: 6.98 ms +- 0.20 ms

### html5lib ###
Mean +- std dev: 53.6 ms +- 5.7 ms

### json_dumps ###
Mean +- std dev: 11.9 ms +- 0.3 ms

### json_loads ###
Mean +- std dev: 26.9 us +- 1.0 us

### logging_format ###
Mean +- std dev: 6.67 us +- 0.16 us

### logging_silent ###
Mean +- std dev: 141 ns +- 4 ns

### logging_simple ###
Mean +- std dev: 6.27 us +- 0.28 us

### mako ###
Mean +- std dev: 12.4 ms +- 0.8 ms

### mdp ###
Mean +- std dev: 2.77 sec +- 0.09 sec

### meteor_contest ###
Mean +- std dev: 84.4 ms +- 2.0 ms

### nbody ###
Mean +- std dev: 95.5 ms +- 1.5 ms

### nqueens ###
Mean +- std dev: 73.4 ms +- 3.7 ms

### pathlib ###
Mean +- std dev: 18.7 ms +- 1.3 ms

### pickle ###
Mean +- std dev: 9.06 us +- 0.22 us

### pickle_dict ###
Mean +- std dev: 24.5 us +- 0.4 us

### pickle_list ###
Mean +- std dev: 3.95 us +- 1.04 us

### pickle_pure_python ###
Mean +- std dev: 338 us +- 7 us

### pidigits ###
Mean +- std dev: 217 ms +- 4 ms

### pprint_safe_repr ###
Mean +- std dev: 732 ms +- 23 ms

### pprint_pformat ###
Mean +- std dev: 1.48 sec +- 0.02 sec

### pyflate ###
Mean +- std dev: 496 ms +- 14 ms

### python_startup ###
Mean +- std dev: 14.5 ms +- 1.9 ms

### python_startup_no_site ###
Mean +- std dev: 10.1 ms +- 14.2 ms

### raytrace ###
Mean +- std dev: 380 ms +- 12 ms

### regex_compile ###
Mean +- std dev: 112 ms +- 4 ms

### regex_dna ###
Mean +- std dev: 179 ms +- 38 ms

### regex_effbot ###
Mean +- std dev: 2.56 ms +- 0.68 ms

### regex_v8 ###
Mean +- std dev: 21.6 ms +- 0.8 ms

### richards ###
Mean +- std dev: 59.1 ms +- 1.7 ms

### richards_super ###
Mean +- std dev: 69.8 ms +- 2.4 ms

### scimark_fft ###
Mean +- std dev: 464 ms +- 53 ms

### scimark_lu ###
Mean +- std dev: 164 ms +- 12 ms

### scimark_monte_carlo ###
Mean +- std dev: 96.9 ms +- 2.7 ms

### scimark_sor ###
Mean +- std dev: 166 ms +- 5 ms

### scimark_sparse_mat_mult ###
Mean +- std dev: 8.88 ms +- 0.25 ms

### spectral_norm ###
Mean +- std dev: 105 ms +- 3 ms

### sqlalchemy_declarative ###
Mean +- std dev: 101 ms +- 6 ms

### sqlalchemy_imperative ###
Mean +- std dev: 12.5 ms +- 0.6 ms

### sqlglot_parse ###
Mean +- std dev: 1.54 ms +- 0.07 ms

### sqlglot_transpile ###
Mean +- std dev: 1.80 ms +- 0.13 ms

### sqlglot_optimize ###
Mean +- std dev: 47.4 ms +- 1.9 ms

### sqlglot_normalize ###
Mean +- std dev: 246 ms +- 5 ms

### sqlite_synth ###
Mean +- std dev: 3.17 us +- 0.10 us

### sympy_expand ###
Mean +- std dev: 351 ms +- 61 ms

### sympy_integrate ###
Mean +- std dev: 16.7 ms +- 1.0 ms

### sympy_sum ###
Mean +- std dev: 130 ms +- 11 ms

### sympy_str ###
Mean +- std dev: 219 ms +- 36 ms

### telco ###
Mean +- std dev: 7.37 ms +- 0.55 ms

### tomli_loads ###
Mean +- std dev: 2.03 sec +- 0.07 sec

### tornado_http ###
Mean +- std dev: 110 ms +- 13 ms

### typing_runtime_protocols ###
Mean +- std dev: 392 us +- 13 us

### unpack_sequence ###
Mean +- std dev: 38.4 ns +- 3.2 ns

### unpickle ###
Mean +- std dev: 12.2 us +- 0.5 us

### unpickle_list ###
Mean +- std dev: 5.25 us +- 0.09 us

### unpickle_pure_python ###
Mean +- std dev: 238 us +- 10 us

### xml_etree_parse ###
Mean +- std dev: 175 ms +- 4 ms

### xml_etree_iterparse ###
Mean +- std dev: 108 ms +- 6 ms

### xml_etree_generate ###
Mean +- std dev: 85.9 ms +- 3.2 ms

### xml_etree_process ###
Mean +- std dev: 68.3 ms +- 3.4 ms

CONTAINER ID   IMAGE           COMMAND              CREATED             STATUS                    PORTS     NAMES
0fdf4eb80666   python:3.10.8   "sh run.sh 3.10.8"   About an hour ago   Exited (0) 1 second ago             t3.10.8
t3.10.8
CONTAINER ID   IMAGE     COMMAND   CREATED   STATUS    PORTS     NAMES
Deleted build cache objects:
ysyo046krg7o7ifu1v40itecz
1p33wmpntcjgvhxyu4h5mnq61
tg9gs9kseqahxdui6qqtcl5s8

Total reclaimed space: 947B