Performance version: 1.10.0
Report on Linux-5.15.0-88-generic-x86_64-with-glibc2.36
Number of logical CPUs: 2
Start date: 2023-12-31 10:57:02.512213
End date: 2023-12-31 12:04:06.647425

### 2to3 ###
Mean +- std dev: 467 ms +- 3 ms

### async_generators ###
Mean +- std dev: 529 ms +- 4 ms

### async_tree_none ###
Mean +- std dev: 985 ms +- 42 ms

### async_tree_cpu_io_mixed ###
Mean +- std dev: 1.38 sec +- 0.05 sec

### async_tree_io ###
Mean +- std dev: 2.40 sec +- 0.02 sec

### async_tree_memoization ###
Mean +- std dev: 1.18 sec +- 0.03 sec

### asyncio_tcp ###
Mean +- std dev: 1.20 sec +- 0.01 sec

### asyncio_tcp_ssl ###
Mean +- std dev: 4.08 sec +- 0.56 sec

### asyncio_websockets ###
Mean +- std dev: 633 ms +- 3 ms

### chameleon ###
Mean +- std dev: 13.4 ms +- 0.2 ms

### chaos ###
Mean +- std dev: 167 ms +- 1 ms

### comprehensions ###
Mean +- std dev: 37.7 us +- 0.2 us

### bench_mp_pool ###
Mean +- std dev: 18.9 ms +- 1.4 ms

### bench_thread_pool ###
Mean +- std dev: 1.62 ms +- 0.02 ms

### coroutines ###
Mean +- std dev: 56.4 ms +- 0.5 ms

### coverage ###
Mean +- std dev: 49.8 ms +- 0.3 ms

### crypto_pyaes ###
Mean +- std dev: 159 ms +- 1 ms

### dask ###
Mean +- std dev: 886 ms +- 13 ms

### deepcopy ###
Mean +- std dev: 644 us +- 4 us

### deepcopy_reduce ###
Mean +- std dev: 5.70 us +- 0.07 us

### deepcopy_memo ###
Mean +- std dev: 73.5 us +- 0.7 us

### deltablue ###
Mean +- std dev: 11.3 ms +- 0.3 ms

### django_template ###
Mean +- std dev: 75.4 ms +- 0.6 ms

### docutils ###
Mean +- std dev: 4.03 sec +- 0.02 sec

### dulwich_log ###
Mean +- std dev: 114 ms +- 1 ms

### fannkuch ###
Mean +- std dev: 621 ms +- 5 ms

### float ###
Mean +- std dev: 167 ms +- 2 ms

### create_gc_cycles ###
Mean +- std dev: 1.80 ms +- 0.01 ms

### gc_traversal ###
Mean +- std dev: 3.93 ms +- 0.01 ms

### generators ###
Mean +- std dev: 84.3 ms +- 0.7 ms

### genshi_text ###
Mean +- std dev: 42.9 ms +- 0.4 ms

### genshi_xml ###
Mean +- std dev: 89.9 ms +- 1.1 ms

### go ###
Mean +- std dev: 370 ms +- 4 ms

### hexiom ###
Mean +- std dev: 14.1 ms +- 0.1 ms

### html5lib ###
Mean +- std dev: 120 ms +- 7 ms

### json_dumps ###
Mean +- std dev: 17.7 ms +- 0.2 ms

### json_loads ###
Mean +- std dev: 32.7 us +- 0.3 us

### logging_format ###
Mean +- std dev: 14.4 us +- 0.2 us

### logging_silent ###
Mean +- std dev: 288 ns +- 4 ns

### logging_simple ###
Mean +- std dev: 13.2 us +- 0.2 us

### mako ###
Mean +- std dev: 22.7 ms +- 0.1 ms

### mdp ###
Mean +- std dev: 4.00 sec +- 0.02 sec

### meteor_contest ###
Mean +- std dev: 136 ms +- 1 ms

### nbody ###
Mean +- std dev: 189 ms +- 1 ms

### nqueens ###
Mean +- std dev: 134 ms +- 2 ms

### pathlib ###
Mean +- std dev: 32.7 ms +- 0.6 ms

### pickle ###
Mean +- std dev: 14.3 us +- 0.2 us

### pickle_dict ###
Mean +- std dev: 32.7 us +- 0.2 us

### pickle_list ###
Mean +- std dev: 5.24 us +- 0.05 us

### pickle_pure_python ###
Mean +- std dev: 689 us +- 6 us

### pidigits ###
Mean +- std dev: 235 ms +- 1 ms

### pprint_pformat ###
Mean +- std dev: 2.13 sec +- 0.01 sec

### pyflate ###
Mean +- std dev: 958 ms +- 8 ms

### python_startup ###
Mean +- std dev: 12.4 ms +- 0.2 ms

### python_startup_no_site ###
Mean +- std dev: 7.99 ms +- 0.13 ms

### raytrace ###
Mean +- std dev: 783 ms +- 4 ms

### regex_compile ###
Mean +- std dev: 240 ms +- 1 ms

### regex_dna ###
Mean +- std dev: 219 ms +- 1 ms

### regex_effbot ###
Mean +- std dev: 3.48 ms +- 0.07 ms

### regex_v8 ###
Mean +- std dev: 29.5 ms +- 0.7 ms

### richards ###
Mean +- std dev: 110 ms +- 2 ms

### richards_super ###
Mean +- std dev: 131 ms +- 2 ms

### scimark_fft ###
Mean +- std dev: 517 ms +- 4 ms

### scimark_lu ###
Mean +- std dev: 224 ms +- 2 ms

### scimark_monte_carlo ###
Mean +- std dev: 153 ms +- 3 ms

### scimark_sor ###
Mean +- std dev: 281 ms +- 4 ms

### scimark_sparse_mat_mult ###
Mean +- std dev: 6.34 ms +- 0.06 ms

### spectral_norm ###
Mean +- std dev: 192 ms +- 1 ms

### sqlalchemy_declarative ###
Mean +- std dev: 223 ms +- 5 ms

### sqlalchemy_imperative ###
Mean +- std dev: 31.5 ms +- 1.3 ms

### sqlglot_parse ###
Mean +- std dev: 3.28 ms +- 0.03 ms

### sqlglot_transpile ###
Mean +- std dev: 3.77 ms +- 0.04 ms

### sqlglot_optimize ###
Mean +- std dev: 93.1 ms +- 0.6 ms

### sqlglot_normalize ###
Mean +- std dev: 197 ms +- 2 ms

### sqlite_synth ###
Mean +- std dev: 4.30 us +- 0.12 us

### sympy_expand ###
Mean +- std dev: 760 ms +- 5 ms

### sympy_integrate ###
Mean +- std dev: 32.5 ms +- 0.2 ms

### sympy_sum ###
Mean +- std dev: 255 ms +- 3 ms

### sympy_str ###
Mean +- std dev: 455 ms +- 4 ms

### telco ###
Mean +- std dev: 9.20 ms +- 0.21 ms

### tomli_loads ###
Mean +- std dev: 3.79 sec +- 0.04 sec

### tornado_http ###
Mean +- std dev: 205 ms +- 6 ms

### typing_runtime_protocols ###
Mean +- std dev: 724 us +- 6 us

### unpack_sequence ###
Mean +- std dev: 67.1 ns +- 1.2 ns

### unpickle ###
Mean +- std dev: 18.5 us +- 0.2 us

### unpickle_list ###
Mean +- std dev: 6.48 us +- 0.07 us

### unpickle_pure_python ###
Mean +- std dev: 472 us +- 10 us

### xml_etree_parse ###
Mean +- std dev: 199 ms +- 2 ms

### xml_etree_iterparse ###
Mean +- std dev: 137 ms +- 2 ms

### xml_etree_generate ###
Mean +- std dev: 130 ms +- 2 ms

### xml_etree_process ###
Mean +- std dev: 103 ms +- 1 ms

CONTAINER ID   IMAGE           COMMAND              CREATED             STATUS                              PORTS     NAMES
765ebcced422   python:3.9.10   "sh run.sh 3.9.10"   About an hour ago   Exited (0) Less than a second ago             t3.9.10
t3.9.10
CONTAINER ID   IMAGE     COMMAND   CREATED   STATUS    PORTS     NAMES
Total reclaimed space: 0B

real    73m17.774s
user    0m0.619s
sys     0m0.720s