Performance version: 1.10.0
Report on Linux-5.15.0-88-generic-x86_64-with-glibc2.36
Number of logical CPUs: 2
Start date: 2023-12-30 10:53:05.096665
End date: 2023-12-30 11:59:06.507054

### 2to3 ###
Mean +- std dev: 355 ms +- 3 ms

### async_generators ###
Mean +- std dev: 425 ms +- 4 ms

### async_tree_none ###
Mean +- std dev: 691 ms +- 15 ms

### async_tree_cpu_io_mixed ###
Mean +- std dev: 1.02 sec +- 0.01 sec

### async_tree_cpu_io_mixed_tg ###
Mean +- std dev: 994 ms +- 26 ms

### async_tree_io ###
Mean +- std dev: 1.65 sec +- 0.03 sec

### async_tree_io_tg ###
Mean +- std dev: 1.60 sec +- 0.01 sec

### async_tree_memoization ###
Mean +- std dev: 856 ms +- 15 ms

### async_tree_memoization_tg ###
Mean +- std dev: 807 ms +- 29 ms

### async_tree_none_tg ###
Mean +- std dev: 603 ms +- 6 ms

### asyncio_tcp ###
Mean +- std dev: 1.14 sec +- 0.02 sec

### asyncio_tcp_ssl ###
Mean +- std dev: 4.41 sec +- 0.02 sec

### asyncio_websockets ###
Mean +- std dev: 650 ms +- 8 ms

### chameleon ###
Mean +- std dev: 9.08 ms +- 0.09 ms

### chaos ###
Mean +- std dev: 92.3 ms +- 0.7 ms

### comprehensions ###
Mean +- std dev: 30.7 us +- 0.3 us

### bench_mp_pool ###
Mean +- std dev: 21.5 ms +- 2.1 ms

### bench_thread_pool ###
Mean +- std dev: 1.39 ms +- 0.01 ms

### coroutines ###
Mean +- std dev: 33.5 ms +- 0.2 ms

### coverage ###
Mean +- std dev: 73.7 ms +- 0.3 ms

### crypto_pyaes ###
Mean +- std dev: 96.8 ms +- 0.9 ms

### dask ###
Mean +- std dev: 676 ms +- 11 ms

### deepcopy ###
Mean +- std dev: 477 us +- 6 us

### deepcopy_reduce ###
Mean +- std dev: 4.30 us +- 0.05 us

### deepcopy_memo ###
Mean +- std dev: 45.8 us +- 0.5 us

### deltablue ###
Mean +- std dev: 5.28 ms +- 0.06 ms

### django_template ###
Mean +- std dev: 48.4 ms +- 0.5 ms

### docutils ###
Mean +- std dev: 3.33 sec +- 0.03 sec

### dulwich_log ###
Mean +- std dev: 91.6 ms +- 0.7 ms

### fannkuch ###
Mean +- std dev: 496 ms +- 4 ms

### float ###
Mean +- std dev: 97.9 ms +- 1.2 ms

### create_gc_cycles ###
Mean +- std dev: 1.74 ms +- 0.01 ms

### gc_traversal ###
Mean +- std dev: 4.35 ms +- 0.02 ms

### generators ###
Mean +- std dev: 71.7 ms +- 0.9 ms

### genshi_text ###
Mean +- std dev: 28.9 ms +- 0.4 ms

### genshi_xml ###
Mean +- std dev: 69.3 ms +- 1.3 ms

### go ###
Mean +- std dev: 180 ms +- 1 ms

### hexiom ###
Mean +- std dev: 8.21 ms +- 0.08 ms

### html5lib ###
Mean +- std dev: 80.3 ms +- 4.1 ms

### json_dumps ###
Mean +- std dev: 15.8 ms +- 0.2 ms

### json_loads ###
Mean +- std dev: 32.6 us +- 0.3 us

### logging_format ###
Mean +- std dev: 10.4 us +- 0.2 us

### logging_silent ###
Mean +- std dev: 138 ns +- 3 ns

### logging_simple ###
Mean +- std dev: 9.42 us +- 0.09 us

### mako ###
Mean +- std dev: 13.6 ms +- 0.1 ms

### mdp ###
Mean +- std dev: 3.70 sec +- 0.02 sec

### meteor_contest ###
Mean +- std dev: 130 ms +- 1 ms

### nbody ###
Mean +- std dev: 110 ms +- 2 ms

### nqueens ###
Mean +- std dev: 115 ms +- 2 ms

### pathlib ###
Mean +- std dev: 30.4 ms +- 0.2 ms

### pickle ###
Mean +- std dev: 12.9 us +- 0.2 us

### pickle_dict ###
Mean +- std dev: 33.0 us +- 0.2 us

### pickle_list ###
Mean +- std dev: 4.97 us +- 0.06 us

### pickle_pure_python ###
Mean +- std dev: 403 us +- 5 us

### pidigits ###
Mean +- std dev: 238 ms +- 1 ms

### pprint_safe_repr ###
Mean +- std dev: 995 ms +- 11 ms

### pprint_pformat ###
Mean +- std dev: 2.07 sec +- 0.02 sec

### pyflate ###
Mean +- std dev: 531 ms +- 8 ms

### python_startup ###
Mean +- std dev: 11.4 ms +- 0.1 ms

### python_startup_no_site ###
Mean +- std dev: 8.24 ms +- 0.12 ms

### raytrace ###
Mean +- std dev: 409 ms +- 2 ms

### regex_compile ###
Mean +- std dev: 178 ms +- 1 ms

### regex_dna ###
Mean +- std dev: 191 ms +- 1 ms

### regex_effbot ###
Mean +- std dev: 3.17 ms +- 0.03 ms

### regex_v8 ###
Mean +- std dev: 25.0 ms +- 0.2 ms

### richards ###
Mean +- std dev: 66.9 ms +- 1.3 ms

### richards_super ###
Mean +- std dev: 81.9 ms +- 1.4 ms

### scimark_fft ###
Mean +- std dev: 449 ms +- 9 ms

### scimark_lu ###
Mean +- std dev: 147 ms +- 3 ms

### scimark_monte_carlo ###
Mean +- std dev: 85.7 ms +- 1.7 ms

### scimark_sor ###
Mean +- std dev: 151 ms +- 2 ms

### scimark_sparse_mat_mult ###
Mean +- std dev: 6.04 ms +- 0.13 ms

### spectral_norm ###
Mean +- std dev: 133 ms +- 1 ms

### sqlalchemy_declarative ###
Mean +- std dev: 181 ms +- 5 ms

### sqlalchemy_imperative ###
Mean +- std dev: 24.5 ms +- 0.2 ms

### sqlglot_parse ###
Mean +- std dev: 1.93 ms +- 0.04 ms

### sqlglot_transpile ###
Mean +- std dev: 2.34 ms +- 0.04 ms

### sqlglot_optimize ###
Mean +- std dev: 75.8 ms +- 0.6 ms

### sqlglot_normalize ###
Mean +- std dev: 157 ms +- 1 ms

### sqlite_synth ###
Mean +- std dev: 3.19 us +- 0.04 us

### sympy_expand ###
Mean +- std dev: 648 ms +- 3 ms

### sympy_integrate ###
Mean +- std dev: 27.5 ms +- 0.2 ms

### sympy_sum ###
Mean +- std dev: 225 ms +- 2 ms

### sympy_str ###
Mean +- std dev: 396 ms +- 2 ms

### telco ###
Mean +- std dev: 8.40 ms +- 0.20 ms

### tomli_loads ###
Mean +- std dev: 2.88 sec +- 0.03 sec

### tornado_http ###
Mean +- std dev: 154 ms +- 5 ms

### typing_runtime_protocols ###
Mean +- std dev: 707 us +- 7 us

### unpack_sequence ###
Mean +- std dev: 51.0 ns +- 0.8 ns

### unpickle ###
Mean +- std dev: 18.2 us +- 0.1 us

### unpickle_list ###
Mean +- std dev: 6.31 us +- 0.14 us

### unpickle_pure_python ###
Mean +- std dev: 316 us +- 3 us

### xml_etree_parse ###
Mean +- std dev: 195 ms +- 3 ms

### xml_etree_iterparse ###
Mean +- std dev: 129 ms +- 2 ms

### xml_etree_generate ###
Mean +- std dev: 109 ms +- 2 ms

### xml_etree_process ###
Mean +- std dev: 76.2 ms +- 0.9 ms

CONTAINER ID   IMAGE           COMMAND              CREATED             STATUS                              PORTS     NAMES
c9239f9bc1fd   python:3.11.3   "sh run.sh 3.11.3"   About an hour ago   Exited (0) Less than a second ago             t3.11.3
t3.11.3
CONTAINER ID   IMAGE     COMMAND   CREATED   STATUS    PORTS     NAMES
Total reclaimed space: 0B

real    73m15.677s
user    0m0.673s
sys     0m0.812s